<?xml version="1.0" encoding="UTF-8" ?>
<testsuite 
errors="0" failures="0" hostname="ip-10-91-24-247" name="org.apache.spark.sql.delta.DeltaInsertReplaceUsingDFWriterV1SaveAsTableSuite" tests="60" time="68.959" timestamp="2026-03-28T00:01:15">
  <properties>
[...]
</properties>
  <testcase 
  name="replaceUsing with single column" classname="org.apache.spark.sql.delta.DeltaInsertReplaceUsingDFWriterV1SaveAsTableSuite" time="1.576">
</testcase>
  <testcase 
  name="replaceUsing with multiple columns" classname="org.apache.spark.sql.delta.DeltaInsertReplaceUsingDFWriterV1SaveAsTableSuite" time="1.299">
</testcase>
  <testcase 
  name="replaceUsing with CDF enabled" classname="org.apache.spark.sql.delta.DeltaInsertReplaceUsingDFWriterV1SaveAsTableSuite" time="1.606">
</testcase>
  <testcase 
  name="replaceUsing with empty source" classname="org.apache.spark.sql.delta.DeltaInsertReplaceUsingDFWriterV1SaveAsTableSuite" time="1.085">
</testcase>
  <testcase 
  name="replaceUsing on empty but existing target" classname="org.apache.spark.sql.delta.DeltaInsertReplaceUsingDFWriterV1SaveAsTableSuite" time="0.999">
</testcase>
  <testcase 
  name="replaceUsing with NULL values in matching column" classname="org.apache.spark.sql.delta.DeltaInsertReplaceUsingDFWriterV1SaveAsTableSuite" time="1.348">
</testcase>
  <testcase 
  name="replaceUsing with NULL values in multiple matching columns" classname="org.apache.spark.sql.delta.DeltaInsertReplaceUsingDFWriterV1SaveAsTableSuite" time="1.32">
</testcase>
  <testcase 
  name="replaceUsing with string matching column" classname="org.apache.spark.sql.delta.DeltaInsertReplaceUsingDFWriterV1SaveAsTableSuite" time="1.302">
</testcase>
  <testcase 
  name="replaceUsing replaces all matching rows when target has duplicates" classname="org.apache.spark.sql.delta.DeltaInsertReplaceUsingDFWriterV1SaveAsTableSuite" time="1.249">
</testcase>
  <testcase 
  name="replaceUsing with filtered source only replaces matching subset" classname="org.apache.spark.sql.delta.DeltaInsertReplaceUsingDFWriterV1SaveAsTableSuite" time="1.224">
</testcase>
  <testcase 
  name="replaceUsing matches on non-adjacent columns" classname="org.apache.spark.sql.delta.DeltaInsertReplaceUsingDFWriterV1SaveAsTableSuite" time="1.294">
</testcase>
  <testcase 
  name="replaceUsing on clustered table with matching on clustering column" classname="org.apache.spark.sql.delta.DeltaInsertReplaceUsingDFWriterV1SaveAsTableSuite" time="1.261">
</testcase>
  <testcase 
  name="replaceUsing on clustered table with matching on non-clustering column" classname="org.apache.spark.sql.delta.DeltaInsertReplaceUsingDFWriterV1SaveAsTableSuite" time="1.258">
</testcase>
  <testcase 
  name="replaceUsing on partitioned table with matching on partition column" classname="org.apache.spark.sql.delta.DeltaInsertReplaceUsingDFWriterV1SaveAsTableSuite" time="1.354">
</testcase>
  <testcase 
  name="replaceUsing on partitioned table with matching on non-partition column" classname="org.apache.spark.sql.delta.DeltaInsertReplaceUsingDFWriterV1SaveAsTableSuite" time="1.268">
</testcase>
  <testcase 
  name="replaceUsing with case insensitive column resolution" classname="org.apache.spark.sql.delta.DeltaInsertReplaceUsingDFWriterV1SaveAsTableSuite" time="1.266">
</testcase>
  <testcase 
  name="replaceUsing with case sensitive column resolution errors on casing mismatch" classname="org.apache.spark.sql.delta.DeltaInsertReplaceUsingDFWriterV1SaveAsTableSuite" time="0.472">
</testcase>
  <testcase 
  name="replaceUsing with duplicate column references" classname="org.apache.spark.sql.delta.DeltaInsertReplaceUsingDFWriterV1SaveAsTableSuite" time="1.191">
</testcase>
  <testcase 
  name="replaceUsing errors when source has extra columns without mergeSchema" classname="org.apache.spark.sql.delta.DeltaInsertReplaceUsingDFWriterV1SaveAsTableSuite" time="0.504">
</testcase>
  <testcase 
  name="replaceUsing with fewer source columns fills missing target columns with null" classname="org.apache.spark.sql.delta.DeltaInsertReplaceUsingDFWriterV1SaveAsTableSuite" time="1.225">
</testcase>
  <testcase 
  name="replaceUsing errors when source has completely different column names" classname="org.apache.spark.sql.delta.DeltaInsertReplaceUsingDFWriterV1SaveAsTableSuite" time="0.48">
</testcase>
  <testcase 
  name="replaceUsing with schema evolution" classname="org.apache.spark.sql.delta.DeltaInsertReplaceUsingDFWriterV1SaveAsTableSuite" time="1.213">
</testcase>
  <testcase 
  name="replaceUsing column not in source and target errors" classname="org.apache.spark.sql.delta.DeltaInsertReplaceUsingDFWriterV1SaveAsTableSuite" time="0.477">
</testcase>
  <testcase 
  name="replaceUsing column exists in table but not in source errors" classname="org.apache.spark.sql.delta.DeltaInsertReplaceUsingDFWriterV1SaveAsTableSuite" time="0.643">
</testcase>
  <testcase 
  name="replaceUsing on non-existent path errors" classname="org.apache.spark.sql.delta.DeltaInsertReplaceUsingDFWriterV1SaveAsTableSuite" time="0.031">
</testcase>
  <testcase 
  name="replaceUsing col with source having wider data type than target" classname="org.apache.spark.sql.delta.DeltaInsertReplaceUsingDFWriterV1SaveAsTableSuite" time="1.266">
</testcase>
  <testcase 
  name="replaceUsing col with target having wider data type than source" classname="org.apache.spark.sql.delta.DeltaInsertReplaceUsingDFWriterV1SaveAsTableSuite" time="1.237">
</testcase>
  <testcase 
  name="replaceUsing self-referencing (read and write same table)" classname="org.apache.spark.sql.delta.DeltaInsertReplaceUsingDFWriterV1SaveAsTableSuite" time="1.562">
</testcase>
  <testcase 
  name="DataFrame alias before write does not affect replaceUsing" classname="org.apache.spark.sql.delta.DeltaInsertReplaceUsingDFWriterV1SaveAsTableSuite" time="1.213">
</testcase>
  <testcase 
  name="replaceUsing with source from Delta table read" classname="org.apache.spark.sql.delta.DeltaInsertReplaceUsingDFWriterV1SaveAsTableSuite" time="1.85">
</testcase>
  <testcase 
  name="replaceUsing with source from join" classname="org.apache.spark.sql.delta.DeltaInsertReplaceUsingDFWriterV1SaveAsTableSuite" time="1.231">
</testcase>
  <testcase 
  name="replaceUsing with source from groupBy aggregation" classname="org.apache.spark.sql.delta.DeltaInsertReplaceUsingDFWriterV1SaveAsTableSuite" time="1.272">
</testcase>
  <testcase 
  name="replaceUsing with source from union" classname="org.apache.spark.sql.delta.DeltaInsertReplaceUsingDFWriterV1SaveAsTableSuite" time="1.273">
</testcase>
  <testcase 
  name="replaceUsing with source from select/withColumn" classname="org.apache.spark.sql.delta.DeltaInsertReplaceUsingDFWriterV1SaveAsTableSuite" time="1.245">
</testcase>
  <testcase 
  name="replaceUsing with source from sql() query" classname="org.apache.spark.sql.delta.DeltaInsertReplaceUsingDFWriterV1SaveAsTableSuite" time="1.243">
</testcase>
  <testcase 
  name="replaceUsing is blocked on appendOnly table" classname="org.apache.spark.sql.delta.DeltaInsertReplaceUsingDFWriterV1SaveAsTableSuite" time="0.77">
</testcase>
  <testcase 
  name="replaceUsing does not apply delta config options to existing table" classname="org.apache.spark.sql.delta.DeltaInsertReplaceUsingDFWriterV1SaveAsTableSuite" time="1.254">
</testcase>
  <testcase 
  name="DPO kill switch does not block replaceUsing" classname="org.apache.spark.sql.delta.DeltaInsertReplaceUsingDFWriterV1SaveAsTableSuite" time="1.202">
</testcase>
  <testcase 
  name="SQL Conf partitionOverwriteMode=static does not affect replaceUsing" classname="org.apache.spark.sql.delta.DeltaInsertReplaceUsingDFWriterV1SaveAsTableSuite" time="1.188">
</testcase>
  <testcase 
  name="SQL Conf partitionOverwriteMode=dynamic does not affect replaceUsing" classname="org.apache.spark.sql.delta.DeltaInsertReplaceUsingDFWriterV1SaveAsTableSuite" time="1.186">
</testcase>
  <testcase 
  name="replaceUsing with empty string errors" classname="org.apache.spark.sql.delta.DeltaInsertReplaceUsingDFWriterV1SaveAsTableSuite" time="0.459">
</testcase>
  <testcase 
  name="replaceUsing with empty column name errors: ','" classname="org.apache.spark.sql.delta.DeltaInsertReplaceUsingDFWriterV1SaveAsTableSuite" time="0.462">
</testcase>
  <testcase 
  name="replaceUsing with empty column name errors: 'id,,value'" classname="org.apache.spark.sql.delta.DeltaInsertReplaceUsingDFWriterV1SaveAsTableSuite" time="0.453">
</testcase>
  <testcase 
  name="replaceUsing with empty column name errors: 'id,'" classname="org.apache.spark.sql.delta.DeltaInsertReplaceUsingDFWriterV1SaveAsTableSuite" time="0.455">
</testcase>
  <testcase 
  name="replaceUsing with empty column name errors: ',id'" classname="org.apache.spark.sql.delta.DeltaInsertReplaceUsingDFWriterV1SaveAsTableSuite" time="0.455">
</testcase>
  <testcase 
  name="replaceUsing option parsing is robust: 'id,key'" classname="org.apache.spark.sql.delta.DeltaInsertReplaceUsingDFWriterV1SaveAsTableSuite" time="1.271">
</testcase>
  <testcase 
  name="replaceUsing option parsing is robust: 'id ,key'" classname="org.apache.spark.sql.delta.DeltaInsertReplaceUsingDFWriterV1SaveAsTableSuite" time="1.201">
</testcase>
  <testcase 
  name="replaceUsing option parsing is robust: 'id, key'" classname="org.apache.spark.sql.delta.DeltaInsertReplaceUsingDFWriterV1SaveAsTableSuite" time="1.205">
</testcase>
  <testcase 
  name="replaceUsing option parsing is robust: 'id , key'" classname="org.apache.spark.sql.delta.DeltaInsertReplaceUsingDFWriterV1SaveAsTableSuite" time="1.232">
</testcase>
  <testcase 
  name="replaceUsing option parsing is robust: ' id , key '" classname="org.apache.spark.sql.delta.DeltaInsertReplaceUsingDFWriterV1SaveAsTableSuite" time="1.218">
</testcase>
  <testcase 
  name="replaceUsing option parsing is robust: 'id,  key'" classname="org.apache.spark.sql.delta.DeltaInsertReplaceUsingDFWriterV1SaveAsTableSuite" time="1.202">
</testcase>
  <testcase 
  name="replaceUsing option parsing is robust: '  id  ,  key  '" classname="org.apache.spark.sql.delta.DeltaInsertReplaceUsingDFWriterV1SaveAsTableSuite" time="1.203">
</testcase>
  <testcase 
  name="replaceUsing preserves table properties" classname="org.apache.spark.sql.delta.DeltaInsertReplaceUsingDFWriterV1SaveAsTableSuite" time="1.461">
</testcase>
  <testcase 
  name="replaceUsing with userMetadata preserves metadata in commit" classname="org.apache.spark.sql.delta.DeltaInsertReplaceUsingDFWriterV1SaveAsTableSuite" time="1.22">
</testcase>
  <testcase 
  name="replaceUsing option key is case insensitive" classname="org.apache.spark.sql.delta.DeltaInsertReplaceUsingDFWriterV1SaveAsTableSuite" time="4.722">
</testcase>
  <testcase 
  name="replaceUsing in Append mode does not do selective overwrite" classname="org.apache.spark.sql.delta.DeltaInsertReplaceUsingDFWriterV1SaveAsTableSuite" time="1.079">
</testcase>
  <testcase 
  name="saveAsTable: replaceUsing with single column" classname="org.apache.spark.sql.delta.DeltaInsertReplaceUsingDFWriterV1SaveAsTableSuite" time="1.322">
</testcase>
  <testcase 
  name="saveAsTable: replaceUsing on empty named table" classname="org.apache.spark.sql.delta.DeltaInsertReplaceUsingDFWriterV1SaveAsTableSuite" time="0.996">
</testcase>
  <testcase 
  name="saveAsTable: replaceUsing on non-existent table errors" classname="org.apache.spark.sql.delta.DeltaInsertReplaceUsingDFWriterV1SaveAsTableSuite" time="0.028">
</testcase>
  <testcase 
  name="saveAsTable: replaceUsing with schema evolution" classname="org.apache.spark.sql.delta.DeltaInsertReplaceUsingDFWriterV1SaveAsTableSuite" time="1.287">
</testcase>
  <system-out><![CDATA[]]></system-out>
  <system-err><![CDATA[]]></system-err>
</testsuite>
