<?xml version="1.0" encoding="UTF-8" ?>
<testsuite 
errors="0" failures="0" hostname="ip-10-91-24-247" name="org.apache.spark.sql.delta.DeltaInsertReplaceOnOrUsingDFv2CreateReplaceBlockingSuite" tests="10" time="0.002" timestamp="2026-03-28T00:03:11">
  <properties>
[...]
</properties>
  <testcase 
  name="create() blocked with replaceOn option" classname="org.apache.spark.sql.delta.DeltaInsertReplaceOnOrUsingDFv2CreateReplaceBlockingSuite" time="0.0">
    <skipped/>
</testcase>
  <testcase 
  name="replace() blocked with replaceOn option" classname="org.apache.spark.sql.delta.DeltaInsertReplaceOnOrUsingDFv2CreateReplaceBlockingSuite" time="0.0">
    <skipped/>
</testcase>
  <testcase 
  name="createOrReplace() blocked with replaceOn option - table does not exist" classname="org.apache.spark.sql.delta.DeltaInsertReplaceOnOrUsingDFv2CreateReplaceBlockingSuite" time="0.0">
    <skipped/>
</testcase>
  <testcase 
  name="createOrReplace() blocked with replaceOn option - table exists" classname="org.apache.spark.sql.delta.DeltaInsertReplaceOnOrUsingDFv2CreateReplaceBlockingSuite" time="0.0">
    <skipped/>
</testcase>
  <testcase 
  name="create() blocked with replaceUsing option" classname="org.apache.spark.sql.delta.DeltaInsertReplaceOnOrUsingDFv2CreateReplaceBlockingSuite" time="0.0">
    <skipped/>
</testcase>
  <testcase 
  name="replace() blocked with replaceUsing option" classname="org.apache.spark.sql.delta.DeltaInsertReplaceOnOrUsingDFv2CreateReplaceBlockingSuite" time="0.0">
    <skipped/>
</testcase>
  <testcase 
  name="createOrReplace() blocked with replaceUsing option - table does not exist" classname="org.apache.spark.sql.delta.DeltaInsertReplaceOnOrUsingDFv2CreateReplaceBlockingSuite" time="0.0">
    <skipped/>
</testcase>
  <testcase 
  name="createOrReplace() blocked with replaceUsing option - table exists" classname="org.apache.spark.sql.delta.DeltaInsertReplaceOnOrUsingDFv2CreateReplaceBlockingSuite" time="0.0">
    <skipped/>
</testcase>
  <testcase 
  name="blocked with case-insensitive REPLACEON option name" classname="org.apache.spark.sql.delta.DeltaInsertReplaceOnOrUsingDFv2CreateReplaceBlockingSuite" time="0.0">
    <skipped/>
</testcase>
  <testcase 
  name="blocked with case-insensitive REPLACEUSING option name" classname="org.apache.spark.sql.delta.DeltaInsertReplaceOnOrUsingDFv2CreateReplaceBlockingSuite" time="0.0">
    <skipped/>
</testcase>
  <system-out><![CDATA[]]></system-out>
  <system-err><![CDATA[]]></system-err>
</testsuite>
