<?xml version="1.0" encoding="UTF-8" ?>
<testsuite 
errors="0" failures="0" hostname="ip-10-91-24-247" name="org.apache.spark.sql.delta.DeltaInsertReplaceOnDFWriterV1SaveAsTableSuite" tests="51" time="58.974" timestamp="2026-03-27T23:58:00">
  <properties>
[...]
</properties>
  <testcase 
  name="replaceOn with always-true condition replaces all rows" classname="org.apache.spark.sql.delta.DeltaInsertReplaceOnDFWriterV1SaveAsTableSuite" time="1.713">
</testcase>
  <testcase 
  name="replaceOn with always-false condition appends all rows" classname="org.apache.spark.sql.delta.DeltaInsertReplaceOnDFWriterV1SaveAsTableSuite" time="1.134">
</testcase>
  <testcase 
  name="basic replaceOn with single matching column" classname="org.apache.spark.sql.delta.DeltaInsertReplaceOnDFWriterV1SaveAsTableSuite" time="1.376">
</testcase>
  <testcase 
  name="replaceOn with multiple matching columns" classname="org.apache.spark.sql.delta.DeltaInsertReplaceOnDFWriterV1SaveAsTableSuite" time="1.325">
</testcase>
  <testcase 
  name="replaceOn with duplicate rows in source" classname="org.apache.spark.sql.delta.DeltaInsertReplaceOnDFWriterV1SaveAsTableSuite" time="1.243">
</testcase>
  <testcase 
  name="replaceOn with empty target table" classname="org.apache.spark.sql.delta.DeltaInsertReplaceOnDFWriterV1SaveAsTableSuite" time="1.01">
</testcase>
  <testcase 
  name="replaceOn with empty source" classname="org.apache.spark.sql.delta.DeltaInsertReplaceOnDFWriterV1SaveAsTableSuite" time="1.067">
</testcase>
  <testcase 
  name="replaceOn with filtered source" classname="org.apache.spark.sql.delta.DeltaInsertReplaceOnDFWriterV1SaveAsTableSuite" time="1.265">
</testcase>
  <testcase 
  name="replaceOn with PARTITIONED table" classname="org.apache.spark.sql.delta.DeltaInsertReplaceOnDFWriterV1SaveAsTableSuite" time="1.333">
</testcase>
  <testcase 
  name="replaceOn with CLUSTERED table" classname="org.apache.spark.sql.delta.DeltaInsertReplaceOnDFWriterV1SaveAsTableSuite" time="1.289">
</testcase>
  <testcase 
  name="replaceOn with NORMAL table" classname="org.apache.spark.sql.delta.DeltaInsertReplaceOnDFWriterV1SaveAsTableSuite" time="1.257">
</testcase>
  <testcase 
  name="replaceOn with NULL-safe equality condition" classname="org.apache.spark.sql.delta.DeltaInsertReplaceOnDFWriterV1SaveAsTableSuite" time="1.312">
</testcase>
  <testcase 
  name="replaceOn with condition referencing only target side" classname="org.apache.spark.sql.delta.DeltaInsertReplaceOnDFWriterV1SaveAsTableSuite" time="1.291">
</testcase>
  <testcase 
  name="replaceOn with condition referencing only source side" classname="org.apache.spark.sql.delta.DeltaInsertReplaceOnDFWriterV1SaveAsTableSuite" time="1.279">
</testcase>
  <testcase 
  name="replaceOn with IN predicate in condition" classname="org.apache.spark.sql.delta.DeltaInsertReplaceOnDFWriterV1SaveAsTableSuite" time="1.258">
</testcase>
  <testcase 
  name="replaceOn condition with function (e.g., abs)" classname="org.apache.spark.sql.delta.DeltaInsertReplaceOnDFWriterV1SaveAsTableSuite" time="1.343">
</testcase>
  <testcase 
  name="replaceOn with mergeSchema adds new columns" classname="org.apache.spark.sql.delta.DeltaInsertReplaceOnDFWriterV1SaveAsTableSuite" time="1.309">
</testcase>
  <testcase 
  name="replaceOn with fewer source columns fills missing target columns with null" classname="org.apache.spark.sql.delta.DeltaInsertReplaceOnDFWriterV1SaveAsTableSuite" time="1.314">
</testcase>
  <testcase 
  name="replaceOn with mergeSchema referencing new columns in condition" classname="org.apache.spark.sql.delta.DeltaInsertReplaceOnDFWriterV1SaveAsTableSuite" time="1.365">
</testcase>
  <testcase 
  name="replaceOn null-safe equality matching between existing columns with NULL values and new columns with NULL values" classname="org.apache.spark.sql.delta.DeltaInsertReplaceOnDFWriterV1SaveAsTableSuite" time="1.396">
</testcase>
  <testcase 
  name="replaceOn with source from spark.table()" classname="org.apache.spark.sql.delta.DeltaInsertReplaceOnDFWriterV1SaveAsTableSuite" time="1.381">
</testcase>
  <testcase 
  name="replaceOn with source from spark.sql()" classname="org.apache.spark.sql.delta.DeltaInsertReplaceOnDFWriterV1SaveAsTableSuite" time="1.362">
</testcase>
  <testcase 
  name="replaceOn with targetAlias and source .as resolves ambiguous columns" classname="org.apache.spark.sql.delta.DeltaInsertReplaceOnDFWriterV1SaveAsTableSuite" time="1.277">
</testcase>
  <testcase 
  name="targetAlias resolves ambiguity with compound AND condition" classname="org.apache.spark.sql.delta.DeltaInsertReplaceOnDFWriterV1SaveAsTableSuite" time="1.363">
</testcase>
  <testcase 
  name="ambiguous: identical alias for target and source" classname="org.apache.spark.sql.delta.DeltaInsertReplaceOnDFWriterV1SaveAsTableSuite" time="0.485">
</testcase>
  <testcase 
  name="ambiguous: no source alias, bare 'id' on both sides" classname="org.apache.spark.sql.delta.DeltaInsertReplaceOnDFWriterV1SaveAsTableSuite" time="0.48">
</testcase>
  <testcase 
  name="replaceOn with unresolvable column errors" classname="org.apache.spark.sql.delta.DeltaInsertReplaceOnDFWriterV1SaveAsTableSuite" time="0.499">
</testcase>
  <testcase 
  name="replaceOn condition uses aliases for both sides but user forgot targetAlias option" classname="org.apache.spark.sql.delta.DeltaInsertReplaceOnDFWriterV1SaveAsTableSuite" time="0.495">
</testcase>
  <testcase 
  name="replaceOn condition uses aliases for both sides but user forgot source .as alias" classname="org.apache.spark.sql.delta.DeltaInsertReplaceOnDFWriterV1SaveAsTableSuite" time="0.487">
</testcase>
  <testcase 
  name="replaceOn condition uses aliases for both sides but user forgot both aliases" classname="org.apache.spark.sql.delta.DeltaInsertReplaceOnDFWriterV1SaveAsTableSuite" time="0.495">
</testcase>
  <testcase 
  name="ambiguous: compound condition, all columns overlap" classname="org.apache.spark.sql.delta.DeltaInsertReplaceOnDFWriterV1SaveAsTableSuite" time="0.483">
</testcase>
  <testcase 
  name="ambiguous: multiple overlapping columns, only one without alias" classname="org.apache.spark.sql.delta.DeltaInsertReplaceOnDFWriterV1SaveAsTableSuite" time="0.508">
</testcase>
  <testcase 
  name="same column name with different types fails schema merge" classname="org.apache.spark.sql.delta.DeltaInsertReplaceOnDFWriterV1SaveAsTableSuite" time="0.49">
</testcase>
  <testcase 
  name="replaceOn with different schemas, without mergeSchema fails" classname="org.apache.spark.sql.delta.DeltaInsertReplaceOnDFWriterV1SaveAsTableSuite" time="0.488">
</testcase>
  <testcase 
  name="replaceOn with wrong targetAlias errors on unresolved columns" classname="org.apache.spark.sql.delta.DeltaInsertReplaceOnDFWriterV1SaveAsTableSuite" time="0.484">
</testcase>
  <testcase 
  name="replaceOn targetAlias is case insensitive" classname="org.apache.spark.sql.delta.DeltaInsertReplaceOnDFWriterV1SaveAsTableSuite" time="1.319">
</testcase>
  <testcase 
  name="replaceOn with numeric targetAlias '22' resolves with backticks" classname="org.apache.spark.sql.delta.DeltaInsertReplaceOnDFWriterV1SaveAsTableSuite" time="1.295">
</testcase>
  <testcase 
  name="replaceOn with numeric targetAlias '22' without backticks fails on type extraction" classname="org.apache.spark.sql.delta.DeltaInsertReplaceOnDFWriterV1SaveAsTableSuite" time="0.488">
</testcase>
  <testcase 
  name="replaceOn with space containing targetAlias 'hello world' resolves with backticks" classname="org.apache.spark.sql.delta.DeltaInsertReplaceOnDFWriterV1SaveAsTableSuite" time="1.261">
</testcase>
  <testcase 
  name="replaceOn with space containing targetAlias without backticks fails to parse" classname="org.apache.spark.sql.delta.DeltaInsertReplaceOnDFWriterV1SaveAsTableSuite" time="0.471">
</testcase>
  <testcase 
  name="replaceOn with non-Delta source records materialization reason, materializationMode=none" classname="org.apache.spark.sql.delta.DeltaInsertReplaceOnDFWriterV1SaveAsTableSuite" time="1.383">
</testcase>
  <testcase 
  name="replaceOn with non-Delta source records materialization reason, materializationMode=all" classname="org.apache.spark.sql.delta.DeltaInsertReplaceOnDFWriterV1SaveAsTableSuite" time="1.363">
</testcase>
  <testcase 
  name="replaceOn with non-Delta source records materialization reason, materializationMode=auto" classname="org.apache.spark.sql.delta.DeltaInsertReplaceOnDFWriterV1SaveAsTableSuite" time="1.323">
</testcase>
  <testcase 
  name="replaceOn with non-deterministic source records materialization reason" classname="org.apache.spark.sql.delta.DeltaInsertReplaceOnDFWriterV1SaveAsTableSuite" time="1.762">
</testcase>
  <testcase 
  name="replaceOn disableSourceMaterializationNotAllowed errors when materializeSource set to none" classname="org.apache.spark.sql.delta.DeltaInsertReplaceOnDFWriterV1SaveAsTableSuite" time="4.092">
</testcase>
  <testcase 
  name="materialize source unpersist with 1 kill attempts succeeds" classname="org.apache.spark.sql.delta.DeltaInsertReplaceOnDFWriterV1SaveAsTableSuite" time="1.25">
</testcase>
  <testcase 
  name="materialize source unpersist with 2 kill attempts succeeds" classname="org.apache.spark.sql.delta.DeltaInsertReplaceOnDFWriterV1SaveAsTableSuite" time="1.336">
</testcase>
  <testcase 
  name="materialize source unpersist with 3 kill attempts succeeds" classname="org.apache.spark.sql.delta.DeltaInsertReplaceOnDFWriterV1SaveAsTableSuite" time="1.381">
</testcase>
  <testcase 
  name="materialize source unpersist with 4 kill attempts fails" classname="org.apache.spark.sql.delta.DeltaInsertReplaceOnDFWriterV1SaveAsTableSuite" time="0.776">
</testcase>
  <testcase 
  name="saveAsTable: replaceOn with always-true condition replaces all" classname="org.apache.spark.sql.delta.DeltaInsertReplaceOnDFWriterV1SaveAsTableSuite" time="1.386">
</testcase>
  <testcase 
  name="saveAsTable: basic replaceOn with single matching column" classname="org.apache.spark.sql.delta.DeltaInsertReplaceOnDFWriterV1SaveAsTableSuite" time="1.337">
</testcase>
  <system-out><![CDATA[]]></system-out>
  <system-err><![CDATA[]]></system-err>
</testsuite>
