<?xml version="1.0" encoding="UTF-8" ?>
<testsuite 
errors="0" failures="0" hostname="ip-10-91-24-247" name="org.apache.spark.sql.delta.DeltaInsertReplaceUsingDFWriterV1InsertIntoSuite" tests="60" time="68.799" timestamp="2026-03-27T23:58:59">
  <properties>
[...]
</properties>
  <testcase 
  name="replaceUsing with single column" classname="org.apache.spark.sql.delta.DeltaInsertReplaceUsingDFWriterV1InsertIntoSuite" time="1.664">
</testcase>
  <testcase 
  name="replaceUsing with multiple columns" classname="org.apache.spark.sql.delta.DeltaInsertReplaceUsingDFWriterV1InsertIntoSuite" time="1.406">
</testcase>
  <testcase 
  name="replaceUsing with CDF enabled" classname="org.apache.spark.sql.delta.DeltaInsertReplaceUsingDFWriterV1InsertIntoSuite" time="1.827">
</testcase>
  <testcase 
  name="replaceUsing with empty source" classname="org.apache.spark.sql.delta.DeltaInsertReplaceUsingDFWriterV1InsertIntoSuite" time="0.829">
</testcase>
  <testcase 
  name="replaceUsing on empty but existing target" classname="org.apache.spark.sql.delta.DeltaInsertReplaceUsingDFWriterV1InsertIntoSuite" time="1.046">
</testcase>
  <testcase 
  name="replaceUsing with NULL values in matching column" classname="org.apache.spark.sql.delta.DeltaInsertReplaceUsingDFWriterV1InsertIntoSuite" time="1.335">
</testcase>
  <testcase 
  name="replaceUsing with NULL values in multiple matching columns" classname="org.apache.spark.sql.delta.DeltaInsertReplaceUsingDFWriterV1InsertIntoSuite" time="1.394">
</testcase>
  <testcase 
  name="replaceUsing with string matching column" classname="org.apache.spark.sql.delta.DeltaInsertReplaceUsingDFWriterV1InsertIntoSuite" time="1.352">
</testcase>
  <testcase 
  name="replaceUsing replaces all matching rows when target has duplicates" classname="org.apache.spark.sql.delta.DeltaInsertReplaceUsingDFWriterV1InsertIntoSuite" time="1.324">
</testcase>
  <testcase 
  name="replaceUsing with filtered source only replaces matching subset" classname="org.apache.spark.sql.delta.DeltaInsertReplaceUsingDFWriterV1InsertIntoSuite" time="1.268">
</testcase>
  <testcase 
  name="replaceUsing matches on non-adjacent columns" classname="org.apache.spark.sql.delta.DeltaInsertReplaceUsingDFWriterV1InsertIntoSuite" time="1.334">
</testcase>
  <testcase 
  name="replaceUsing on clustered table with matching on clustering column" classname="org.apache.spark.sql.delta.DeltaInsertReplaceUsingDFWriterV1InsertIntoSuite" time="1.339">
</testcase>
  <testcase 
  name="replaceUsing on clustered table with matching on non-clustering column" classname="org.apache.spark.sql.delta.DeltaInsertReplaceUsingDFWriterV1InsertIntoSuite" time="1.297">
</testcase>
  <testcase 
  name="replaceUsing on partitioned table with matching on partition column" classname="org.apache.spark.sql.delta.DeltaInsertReplaceUsingDFWriterV1InsertIntoSuite" time="1.339">
</testcase>
  <testcase 
  name="replaceUsing on partitioned table with matching on non-partition column" classname="org.apache.spark.sql.delta.DeltaInsertReplaceUsingDFWriterV1InsertIntoSuite" time="1.32">
</testcase>
  <testcase 
  name="replaceUsing with case insensitive column resolution" classname="org.apache.spark.sql.delta.DeltaInsertReplaceUsingDFWriterV1InsertIntoSuite" time="1.329">
</testcase>
  <testcase 
  name="replaceUsing with case sensitive column resolution errors on casing mismatch" classname="org.apache.spark.sql.delta.DeltaInsertReplaceUsingDFWriterV1InsertIntoSuite" time="0.531">
</testcase>
  <testcase 
  name="replaceUsing with duplicate column references" classname="org.apache.spark.sql.delta.DeltaInsertReplaceUsingDFWriterV1InsertIntoSuite" time="1.219">
</testcase>
  <testcase 
  name="replaceUsing errors when source has extra columns without mergeSchema" classname="org.apache.spark.sql.delta.DeltaInsertReplaceUsingDFWriterV1InsertIntoSuite" time="0.488">
</testcase>
  <testcase 
  name="replaceUsing with fewer source columns fills missing target columns with null (excluded)" classname="org.apache.spark.sql.delta.DeltaInsertReplaceUsingDFWriterV1InsertIntoSuite" time="0.0">
    <skipped/>
</testcase>
  <testcase 
  name="replaceUsing errors when source has completely different column names (excluded)" classname="org.apache.spark.sql.delta.DeltaInsertReplaceUsingDFWriterV1InsertIntoSuite" time="0.0">
    <skipped/>
</testcase>
  <testcase 
  name="replaceUsing with schema evolution" classname="org.apache.spark.sql.delta.DeltaInsertReplaceUsingDFWriterV1InsertIntoSuite" time="1.29">
</testcase>
  <testcase 
  name="replaceUsing column not in source and target errors" classname="org.apache.spark.sql.delta.DeltaInsertReplaceUsingDFWriterV1InsertIntoSuite" time="0.477">
</testcase>
  <testcase 
  name="replaceUsing column exists in table but not in source errors (excluded)" classname="org.apache.spark.sql.delta.DeltaInsertReplaceUsingDFWriterV1InsertIntoSuite" time="0.0">
    <skipped/>
</testcase>
  <testcase 
  name="replaceUsing on non-existent path errors" classname="org.apache.spark.sql.delta.DeltaInsertReplaceUsingDFWriterV1InsertIntoSuite" time="0.028">
</testcase>
  <testcase 
  name="replaceUsing col with source having wider data type than target" classname="org.apache.spark.sql.delta.DeltaInsertReplaceUsingDFWriterV1InsertIntoSuite" time="1.348">
</testcase>
  <testcase 
  name="replaceUsing col with target having wider data type than source" classname="org.apache.spark.sql.delta.DeltaInsertReplaceUsingDFWriterV1InsertIntoSuite" time="1.275">
</testcase>
  <testcase 
  name="replaceUsing self-referencing (read and write same table)" classname="org.apache.spark.sql.delta.DeltaInsertReplaceUsingDFWriterV1InsertIntoSuite" time="1.585">
</testcase>
  <testcase 
  name="DataFrame alias before write does not affect replaceUsing" classname="org.apache.spark.sql.delta.DeltaInsertReplaceUsingDFWriterV1InsertIntoSuite" time="1.223">
</testcase>
  <testcase 
  name="replaceUsing with source from Delta table read" classname="org.apache.spark.sql.delta.DeltaInsertReplaceUsingDFWriterV1InsertIntoSuite" time="1.835">
</testcase>
  <testcase 
  name="replaceUsing with source from join" classname="org.apache.spark.sql.delta.DeltaInsertReplaceUsingDFWriterV1InsertIntoSuite" time="1.258">
</testcase>
  <testcase 
  name="replaceUsing with source from groupBy aggregation" classname="org.apache.spark.sql.delta.DeltaInsertReplaceUsingDFWriterV1InsertIntoSuite" time="1.36">
</testcase>
  <testcase 
  name="replaceUsing with source from union" classname="org.apache.spark.sql.delta.DeltaInsertReplaceUsingDFWriterV1InsertIntoSuite" time="1.267">
</testcase>
  <testcase 
  name="replaceUsing with source from select/withColumn" classname="org.apache.spark.sql.delta.DeltaInsertReplaceUsingDFWriterV1InsertIntoSuite" time="1.236">
</testcase>
  <testcase 
  name="replaceUsing with source from sql() query" classname="org.apache.spark.sql.delta.DeltaInsertReplaceUsingDFWriterV1InsertIntoSuite" time="1.216">
</testcase>
  <testcase 
  name="replaceUsing is blocked on appendOnly table" classname="org.apache.spark.sql.delta.DeltaInsertReplaceUsingDFWriterV1InsertIntoSuite" time="0.749">
</testcase>
  <testcase 
  name="replaceUsing does not apply delta config options to existing table" classname="org.apache.spark.sql.delta.DeltaInsertReplaceUsingDFWriterV1InsertIntoSuite" time="1.198">
</testcase>
  <testcase 
  name="DPO kill switch does not block replaceUsing" classname="org.apache.spark.sql.delta.DeltaInsertReplaceUsingDFWriterV1InsertIntoSuite" time="1.211">
</testcase>
  <testcase 
  name="SQL Conf partitionOverwriteMode=static does not affect replaceUsing" classname="org.apache.spark.sql.delta.DeltaInsertReplaceUsingDFWriterV1InsertIntoSuite" time="1.216">
</testcase>
  <testcase 
  name="SQL Conf partitionOverwriteMode=dynamic does not affect replaceUsing" classname="org.apache.spark.sql.delta.DeltaInsertReplaceUsingDFWriterV1InsertIntoSuite" time="1.247">
</testcase>
  <testcase 
  name="replaceUsing with empty string errors" classname="org.apache.spark.sql.delta.DeltaInsertReplaceUsingDFWriterV1InsertIntoSuite" time="0.466">
</testcase>
  <testcase 
  name="replaceUsing with empty column name errors: ','" classname="org.apache.spark.sql.delta.DeltaInsertReplaceUsingDFWriterV1InsertIntoSuite" time="0.46">
</testcase>
  <testcase 
  name="replaceUsing with empty column name errors: 'id,,value'" classname="org.apache.spark.sql.delta.DeltaInsertReplaceUsingDFWriterV1InsertIntoSuite" time="0.463">
</testcase>
  <testcase 
  name="replaceUsing with empty column name errors: 'id,'" classname="org.apache.spark.sql.delta.DeltaInsertReplaceUsingDFWriterV1InsertIntoSuite" time="0.461">
</testcase>
  <testcase 
  name="replaceUsing with empty column name errors: ',id'" classname="org.apache.spark.sql.delta.DeltaInsertReplaceUsingDFWriterV1InsertIntoSuite" time="0.467">
</testcase>
  <testcase 
  name="replaceUsing option parsing is robust: 'id,key'" classname="org.apache.spark.sql.delta.DeltaInsertReplaceUsingDFWriterV1InsertIntoSuite" time="1.341">
</testcase>
  <testcase 
  name="replaceUsing option parsing is robust: 'id ,key'" classname="org.apache.spark.sql.delta.DeltaInsertReplaceUsingDFWriterV1InsertIntoSuite" time="1.263">
</testcase>
  <testcase 
  name="replaceUsing option parsing is robust: 'id, key'" classname="org.apache.spark.sql.delta.DeltaInsertReplaceUsingDFWriterV1InsertIntoSuite" time="1.222">
</testcase>
  <testcase 
  name="replaceUsing option parsing is robust: 'id , key'" classname="org.apache.spark.sql.delta.DeltaInsertReplaceUsingDFWriterV1InsertIntoSuite" time="1.212">
</testcase>
  <testcase 
  name="replaceUsing option parsing is robust: ' id , key '" classname="org.apache.spark.sql.delta.DeltaInsertReplaceUsingDFWriterV1InsertIntoSuite" time="1.232">
</testcase>
  <testcase 
  name="replaceUsing option parsing is robust: 'id,  key'" classname="org.apache.spark.sql.delta.DeltaInsertReplaceUsingDFWriterV1InsertIntoSuite" time="1.279">
</testcase>
  <testcase 
  name="replaceUsing option parsing is robust: '  id  ,  key  '" classname="org.apache.spark.sql.delta.DeltaInsertReplaceUsingDFWriterV1InsertIntoSuite" time="1.243">
</testcase>
  <testcase 
  name="replaceUsing preserves table properties" classname="org.apache.spark.sql.delta.DeltaInsertReplaceUsingDFWriterV1InsertIntoSuite" time="1.529">
</testcase>
  <testcase 
  name="replaceUsing with userMetadata preserves metadata in commit" classname="org.apache.spark.sql.delta.DeltaInsertReplaceUsingDFWriterV1InsertIntoSuite" time="1.225">
</testcase>
  <testcase 
  name="replaceUsing option key is case insensitive" classname="org.apache.spark.sql.delta.DeltaInsertReplaceUsingDFWriterV1InsertIntoSuite" time="4.828">
</testcase>
  <testcase 
  name="replaceUsing in Append mode does not do selective overwrite" classname="org.apache.spark.sql.delta.DeltaInsertReplaceUsingDFWriterV1InsertIntoSuite" time="1.099">
</testcase>
  <testcase 
  name="insertInto: replaceUsing with same schema and aligned USING columns" classname="org.apache.spark.sql.delta.DeltaInsertReplaceUsingDFWriterV1InsertIntoSuite" time="1.248">
</testcase>
  <testcase 
  name="insertInto: replaceUsing with misaligned column names fails" classname="org.apache.spark.sql.delta.DeltaInsertReplaceUsingDFWriterV1InsertIntoSuite" time="0.499">
</testcase>
  <testcase 
  name="insertInto: replaceUsing with misaligned USING columns, disallow conf disabled" classname="org.apache.spark.sql.delta.DeltaInsertReplaceUsingDFWriterV1InsertIntoSuite" time="1.267">
</testcase>
  <testcase 
  name="insertInto: replaceUsing with aligned USING column but mismatched non-USING column names, which triggers schemaAdjustment" classname="org.apache.spark.sql.delta.DeltaInsertReplaceUsingDFWriterV1InsertIntoSuite" time="1.237">
</testcase>
  <system-out><![CDATA[]]></system-out>
  <system-err><![CDATA[]]></system-err>
</testsuite>
