<?xml version='1.0' encoding='UTF-8'?>
<testsuite hostname="ip-10-91-24-247" name="org.apache.spark.sql.delta.DeltaInsertReplaceOnDFWriterV1InsertIntoSuite" tests="55" errors="0" failures="0" skipped="4" time="73.602" timestamp="2026-03-27T23:47:57">
          <properties>
[...]
</properties>
          <testcase classname="org.apache.spark.sql.delta.DeltaInsertReplaceOnDFWriterV1InsertIntoSuite" name="replaceOn with always-true condition replaces all rows" time="8.755">
                      
                    </testcase><testcase classname="org.apache.spark.sql.delta.DeltaInsertReplaceOnDFWriterV1InsertIntoSuite" name="replaceOn with always-false condition appends all rows" time="1.713">
                      
                    </testcase><testcase classname="org.apache.spark.sql.delta.DeltaInsertReplaceOnDFWriterV1InsertIntoSuite" name="basic replaceOn with single matching column" time="1.94">
                      
                    </testcase><testcase classname="org.apache.spark.sql.delta.DeltaInsertReplaceOnDFWriterV1InsertIntoSuite" name="replaceOn with multiple matching columns" time="1.76">
                      
                    </testcase><testcase classname="org.apache.spark.sql.delta.DeltaInsertReplaceOnDFWriterV1InsertIntoSuite" name="replaceOn with duplicate rows in source" time="1.554">
                      
                    </testcase><testcase classname="org.apache.spark.sql.delta.DeltaInsertReplaceOnDFWriterV1InsertIntoSuite" name="replaceOn with empty target table" time="1.214">
                      
                    </testcase><testcase classname="org.apache.spark.sql.delta.DeltaInsertReplaceOnDFWriterV1InsertIntoSuite" name="replaceOn with empty source" time="0.936">
                      
                    </testcase><testcase classname="org.apache.spark.sql.delta.DeltaInsertReplaceOnDFWriterV1InsertIntoSuite" name="replaceOn with filtered source" time="1.564">
                      
                    </testcase><testcase classname="org.apache.spark.sql.delta.DeltaInsertReplaceOnDFWriterV1InsertIntoSuite" name="replaceOn with PARTITIONED table" time="1.698">
                      
                    </testcase><testcase classname="org.apache.spark.sql.delta.DeltaInsertReplaceOnDFWriterV1InsertIntoSuite" name="replaceOn with CLUSTERED table" time="1.499">
                      
                    </testcase><testcase classname="org.apache.spark.sql.delta.DeltaInsertReplaceOnDFWriterV1InsertIntoSuite" name="replaceOn with NORMAL table" time="1.438">
                      
                    </testcase><testcase classname="org.apache.spark.sql.delta.DeltaInsertReplaceOnDFWriterV1InsertIntoSuite" name="replaceOn with NULL-safe equality condition" time="1.56">
                      
                    </testcase><testcase classname="org.apache.spark.sql.delta.DeltaInsertReplaceOnDFWriterV1InsertIntoSuite" name="replaceOn with condition referencing only target side" time="1.548">
                      
                    </testcase><testcase classname="org.apache.spark.sql.delta.DeltaInsertReplaceOnDFWriterV1InsertIntoSuite" name="replaceOn with condition referencing only source side" time="1.454">
                      
                    </testcase><testcase classname="org.apache.spark.sql.delta.DeltaInsertReplaceOnDFWriterV1InsertIntoSuite" name="replaceOn with IN predicate in condition" time="1.438">
                      
                    </testcase><testcase classname="org.apache.spark.sql.delta.DeltaInsertReplaceOnDFWriterV1InsertIntoSuite" name="replaceOn condition with function (e.g., abs)" time="1.554">
                      
                    </testcase><testcase classname="org.apache.spark.sql.delta.DeltaInsertReplaceOnDFWriterV1InsertIntoSuite" name="replaceOn with mergeSchema adds new columns" time="1.48">
                      
                    </testcase><testcase classname="org.apache.spark.sql.delta.DeltaInsertReplaceOnDFWriterV1InsertIntoSuite" name="replaceOn with fewer source columns fills missing target columns with null (excluded)" time="-0.001">
                      <skipped/>
                    </testcase><testcase classname="org.apache.spark.sql.delta.DeltaInsertReplaceOnDFWriterV1InsertIntoSuite" name="replaceOn with mergeSchema referencing new columns in condition" time="1.496">
                      
                    </testcase><testcase classname="org.apache.spark.sql.delta.DeltaInsertReplaceOnDFWriterV1InsertIntoSuite" name="replaceOn null-safe equality matching between existing columns with NULL values and new columns with NULL values (excluded)" time="-0.001">
                      <skipped/>
                    </testcase><testcase classname="org.apache.spark.sql.delta.DeltaInsertReplaceOnDFWriterV1InsertIntoSuite" name="replaceOn with source from spark.table()" time="1.831">
                      
                    </testcase><testcase classname="org.apache.spark.sql.delta.DeltaInsertReplaceOnDFWriterV1InsertIntoSuite" name="replaceOn with source from spark.sql()" time="1.554">
                      
                    </testcase><testcase classname="org.apache.spark.sql.delta.DeltaInsertReplaceOnDFWriterV1InsertIntoSuite" name="replaceOn with targetAlias and source .as resolves ambiguous columns" time="1.423">
                      
                    </testcase><testcase classname="org.apache.spark.sql.delta.DeltaInsertReplaceOnDFWriterV1InsertIntoSuite" name="targetAlias resolves ambiguity with compound AND condition" time="1.541">
                      
                    </testcase><testcase classname="org.apache.spark.sql.delta.DeltaInsertReplaceOnDFWriterV1InsertIntoSuite" name="ambiguous: identical alias for target and source" time="0.564">
                      
                    </testcase><testcase classname="org.apache.spark.sql.delta.DeltaInsertReplaceOnDFWriterV1InsertIntoSuite" name="ambiguous: no source alias, bare 'id' on both sides" time="0.524">
                      
                    </testcase><testcase classname="org.apache.spark.sql.delta.DeltaInsertReplaceOnDFWriterV1InsertIntoSuite" name="replaceOn with unresolvable column errors" time="0.555">
                      
                    </testcase><testcase classname="org.apache.spark.sql.delta.DeltaInsertReplaceOnDFWriterV1InsertIntoSuite" name="replaceOn condition uses aliases for both sides but user forgot targetAlias option" time="0.514">
                      
                    </testcase><testcase classname="org.apache.spark.sql.delta.DeltaInsertReplaceOnDFWriterV1InsertIntoSuite" name="replaceOn condition uses aliases for both sides but user forgot source .as alias" time="0.518">
                      
                    </testcase><testcase classname="org.apache.spark.sql.delta.DeltaInsertReplaceOnDFWriterV1InsertIntoSuite" name="replaceOn condition uses aliases for both sides but user forgot both aliases" time="0.516">
                      
                    </testcase><testcase classname="org.apache.spark.sql.delta.DeltaInsertReplaceOnDFWriterV1InsertIntoSuite" name="ambiguous: compound condition, all columns overlap" time="0.513">
                      
                    </testcase><testcase classname="org.apache.spark.sql.delta.DeltaInsertReplaceOnDFWriterV1InsertIntoSuite" name="ambiguous: multiple overlapping columns, only one without alias" time="0.554">
                      
                    </testcase><testcase classname="org.apache.spark.sql.delta.DeltaInsertReplaceOnDFWriterV1InsertIntoSuite" name="same column name with different types fails schema merge (excluded)" time="-0.001">
                      <skipped/>
                    </testcase><testcase classname="org.apache.spark.sql.delta.DeltaInsertReplaceOnDFWriterV1InsertIntoSuite" name="replaceOn with different schemas, without mergeSchema fails (excluded)" time="-0.001">
                      <skipped/>
                    </testcase><testcase classname="org.apache.spark.sql.delta.DeltaInsertReplaceOnDFWriterV1InsertIntoSuite" name="replaceOn with wrong targetAlias errors on unresolved columns" time="0.528">
                      
                    </testcase><testcase classname="org.apache.spark.sql.delta.DeltaInsertReplaceOnDFWriterV1InsertIntoSuite" name="replaceOn targetAlias is case insensitive" time="1.421">
                      
                    </testcase><testcase classname="org.apache.spark.sql.delta.DeltaInsertReplaceOnDFWriterV1InsertIntoSuite" name="replaceOn with numeric targetAlias '22' resolves with backticks" time="1.387">
                      
                    </testcase><testcase classname="org.apache.spark.sql.delta.DeltaInsertReplaceOnDFWriterV1InsertIntoSuite" name="replaceOn with numeric targetAlias '22' without backticks fails on type extraction" time="0.544">
                      
                    </testcase><testcase classname="org.apache.spark.sql.delta.DeltaInsertReplaceOnDFWriterV1InsertIntoSuite" name="replaceOn with space containing targetAlias 'hello world' resolves with backticks" time="1.41">
                      
                    </testcase><testcase classname="org.apache.spark.sql.delta.DeltaInsertReplaceOnDFWriterV1InsertIntoSuite" name="replaceOn with space containing targetAlias without backticks fails to parse" time="0.528">
                      
                    </testcase><testcase classname="org.apache.spark.sql.delta.DeltaInsertReplaceOnDFWriterV1InsertIntoSuite" name="replaceOn with non-Delta source records materialization reason, materializationMode=none" time="1.586">
                      
                    </testcase><testcase classname="org.apache.spark.sql.delta.DeltaInsertReplaceOnDFWriterV1InsertIntoSuite" name="replaceOn with non-Delta source records materialization reason, materializationMode=all" time="1.456">
                      
                    </testcase><testcase classname="org.apache.spark.sql.delta.DeltaInsertReplaceOnDFWriterV1InsertIntoSuite" name="replaceOn with non-Delta source records materialization reason, materializationMode=auto" time="1.403">
                      
                    </testcase><testcase classname="org.apache.spark.sql.delta.DeltaInsertReplaceOnDFWriterV1InsertIntoSuite" name="replaceOn with non-deterministic source records materialization reason" time="2.035">
                      
                    </testcase><testcase classname="org.apache.spark.sql.delta.DeltaInsertReplaceOnDFWriterV1InsertIntoSuite" name="replaceOn disableSourceMaterializationNotAllowed errors when materializeSource set to none" time="4.457">
                      
                    </testcase><testcase classname="org.apache.spark.sql.delta.DeltaInsertReplaceOnDFWriterV1InsertIntoSuite" name="materialize source unpersist with 1 kill attempts succeeds" time="1.393">
                      
                    </testcase><testcase classname="org.apache.spark.sql.delta.DeltaInsertReplaceOnDFWriterV1InsertIntoSuite" name="materialize source unpersist with 2 kill attempts succeeds" time="1.403">
                      
                    </testcase><testcase classname="org.apache.spark.sql.delta.DeltaInsertReplaceOnDFWriterV1InsertIntoSuite" name="materialize source unpersist with 3 kill attempts succeeds" time="1.488">
                      
                    </testcase><testcase classname="org.apache.spark.sql.delta.DeltaInsertReplaceOnDFWriterV1InsertIntoSuite" name="materialize source unpersist with 4 kill attempts fails" time="0.859">
                      
                    </testcase><testcase classname="org.apache.spark.sql.delta.DeltaInsertReplaceOnDFWriterV1InsertIntoSuite" name="insertInto: replaceOn on empty table via path" time="1.129">
                      
                    </testcase><testcase classname="org.apache.spark.sql.delta.DeltaInsertReplaceOnDFWriterV1InsertIntoSuite" name="insertInto: replaceOn on empty named table" time="1.109">
                      
                    </testcase><testcase classname="org.apache.spark.sql.delta.DeltaInsertReplaceOnDFWriterV1InsertIntoSuite" name="insertInto: replaceOn on non-empty named table" time="1.444">
                      
                    </testcase><testcase classname="org.apache.spark.sql.delta.DeltaInsertReplaceOnDFWriterV1InsertIntoSuite" name="insertInto: replaceOn on non-existing named table fails" time="0.006">
                      
                    </testcase><testcase classname="org.apache.spark.sql.delta.DeltaInsertReplaceOnDFWriterV1InsertIntoSuite" name="insertInto: replaceOn with swapped column order" time="1.417">
                      
                    </testcase><testcase classname="org.apache.spark.sql.delta.DeltaInsertReplaceOnDFWriterV1InsertIntoSuite" name="insertInto: replaceOn with misaligned columns" time="1.395">
                      
                    </testcase>
          <system-out><![CDATA[]]></system-out>
          <system-err><![CDATA[]]></system-err>
        </testsuite>