<?xml version='1.0' encoding='UTF-8'?>
<testsuite hostname="ip-10-91-24-247" name="org.apache.spark.sql.delta.DeltaInsertReplaceOnDFWriterV1InsertIntoSuite" tests="55" errors="0" failures="14" skipped="4" time="75.501" timestamp="2026-03-27T21:01:05">
          <properties>
[...]
</properties>
          <testcase classname="org.apache.spark.sql.delta.DeltaInsertReplaceOnDFWriterV1InsertIntoSuite" name="replaceOn with always-true condition replaces all rows" time="9.015">
                      
                    </testcase><testcase classname="org.apache.spark.sql.delta.DeltaInsertReplaceOnDFWriterV1InsertIntoSuite" name="replaceOn with always-false condition appends all rows" time="1.728">
                      
                    </testcase><testcase classname="org.apache.spark.sql.delta.DeltaInsertReplaceOnDFWriterV1InsertIntoSuite" name="basic replaceOn with single matching column" time="1.963">
                      
                    </testcase><testcase classname="org.apache.spark.sql.delta.DeltaInsertReplaceOnDFWriterV1InsertIntoSuite" name="replaceOn with multiple matching columns" time="1.795">
                      
                    </testcase><testcase classname="org.apache.spark.sql.delta.DeltaInsertReplaceOnDFWriterV1InsertIntoSuite" name="replaceOn with duplicate rows in source" time="1.652">
                      
                    </testcase><testcase classname="org.apache.spark.sql.delta.DeltaInsertReplaceOnDFWriterV1InsertIntoSuite" name="replaceOn with empty target table" time="1.204">
                      
                    </testcase><testcase classname="org.apache.spark.sql.delta.DeltaInsertReplaceOnDFWriterV1InsertIntoSuite" name="replaceOn with empty source" time="0.879">
                      
                    </testcase><testcase classname="org.apache.spark.sql.delta.DeltaInsertReplaceOnDFWriterV1InsertIntoSuite" name="replaceOn with filtered source" time="1.541">
                      
                    </testcase><testcase classname="org.apache.spark.sql.delta.DeltaInsertReplaceOnDFWriterV1InsertIntoSuite" name="replaceOn with PARTITIONED table" time="1.678">
                      
                    </testcase><testcase classname="org.apache.spark.sql.delta.DeltaInsertReplaceOnDFWriterV1InsertIntoSuite" name="replaceOn with CLUSTERED table" time="1.517">
                      
                    </testcase><testcase classname="org.apache.spark.sql.delta.DeltaInsertReplaceOnDFWriterV1InsertIntoSuite" name="replaceOn with NORMAL table" time="1.43">
                      
                    </testcase><testcase classname="org.apache.spark.sql.delta.DeltaInsertReplaceOnDFWriterV1InsertIntoSuite" name="replaceOn with NULL-safe equality condition" time="1.567">
                      
                    </testcase><testcase classname="org.apache.spark.sql.delta.DeltaInsertReplaceOnDFWriterV1InsertIntoSuite" name="replaceOn with condition referencing only target side" time="1.554">
                      
                    </testcase><testcase classname="org.apache.spark.sql.delta.DeltaInsertReplaceOnDFWriterV1InsertIntoSuite" name="replaceOn with condition referencing only source side" time="1.452">
                      
                    </testcase><testcase classname="org.apache.spark.sql.delta.DeltaInsertReplaceOnDFWriterV1InsertIntoSuite" name="replaceOn with IN predicate in condition" time="1.524">
                      
                    </testcase><testcase classname="org.apache.spark.sql.delta.DeltaInsertReplaceOnDFWriterV1InsertIntoSuite" name="replaceOn condition with function (e.g., abs)" time="1.548">
                      
                    </testcase><testcase classname="org.apache.spark.sql.delta.DeltaInsertReplaceOnDFWriterV1InsertIntoSuite" name="replaceOn with mergeSchema adds new columns" time="1.506">
                      
                    </testcase><testcase classname="org.apache.spark.sql.delta.DeltaInsertReplaceOnDFWriterV1InsertIntoSuite" name="replaceOn with fewer source columns fills missing target columns with null (excluded)" time="-0.001">
                      <skipped/>
                    </testcase><testcase classname="org.apache.spark.sql.delta.DeltaInsertReplaceOnDFWriterV1InsertIntoSuite" name="replaceOn with mergeSchema referencing new columns in condition" time="1.543">
                      
                    </testcase><testcase classname="org.apache.spark.sql.delta.DeltaInsertReplaceOnDFWriterV1InsertIntoSuite" name="replaceOn null-safe equality matching between existing columns with NULL values and new columns with NULL values (excluded)" time="-0.001">
                      <skipped/>
                    </testcase><testcase classname="org.apache.spark.sql.delta.DeltaInsertReplaceOnDFWriterV1InsertIntoSuite" name="replaceOn with source from spark.table()" time="1.874">
                      
                    </testcase><testcase classname="org.apache.spark.sql.delta.DeltaInsertReplaceOnDFWriterV1InsertIntoSuite" name="replaceOn with source from spark.sql()" time="1.52">
                      
                    </testcase><testcase classname="org.apache.spark.sql.delta.DeltaInsertReplaceOnDFWriterV1InsertIntoSuite" name="replaceOn with targetAlias and source .as resolves ambiguous columns" time="1.444">
                      
                    </testcase><testcase classname="org.apache.spark.sql.delta.DeltaInsertReplaceOnDFWriterV1InsertIntoSuite" name="targetAlias resolves ambiguity with compound AND condition" time="1.584">
                      
                    </testcase><testcase classname="org.apache.spark.sql.delta.DeltaInsertReplaceOnDFWriterV1InsertIntoSuite" name="ambiguous: identical alias for target and source" time="0.6">
                      <failure message="org.scalatest.exceptions.TestFailedException: Expected exception org.apache.spark.sql.delta.DeltaAnalysisException to be thrown, but java.util.NoSuchElementException was thrown" type="sbt.ForkMain$ForkError">sbt.ForkMain$ForkError: org.scalatest.exceptions.TestFailedException: Expected exception org.apache.spark.sql.delta.DeltaAnalysisException to be thrown, but java.util.NoSuchElementException was thrown
	at org.scalatest.Assertions.newAssertionFailedException(Assertions.scala:472)
	at org.scalatest.Assertions.newAssertionFailedException$(Assertions.scala:471)
	at org.scalatest.funsuite.AnyFunSuite.newAssertionFailedException(AnyFunSuite.scala:1564)
	at org.scalatest.Assertions.intercept(Assertions.scala:756)
	at org.scalatest.Assertions.intercept$(Assertions.scala:746)
	at org.scalatest.funsuite.AnyFunSuite.intercept(AnyFunSuite.scala:1564)
	at org.apache.spark.sql.delta.DeltaInsertReplaceOnDFWriterTests.$anonfun$$init$$71(DeltaInsertReplaceOnDFWriterTests.scala:772)
	at org.apache.spark.sql.delta.DeltaInsertReplaceOnDFWriterTests.$anonfun$$init$$71$adapted(DeltaInsertReplaceOnDFWriterTests.scala:764)
	at org.apache.spark.sql.test.SQLTestUtils.$anonfun$withTempDir$1(SQLTestUtils.scala:81)
	at org.apache.spark.sql.test.SQLTestUtils.$anonfun$withTempDir$1$adapted(SQLTestUtils.scala:80)
	at org.apache.spark.SparkFunSuite.withTempDir(SparkFunSuite.scala:245)
	at org.apache.spark.sql.delta.DeltaInsertReplaceOnDFWriterV1InsertIntoSuite.org$apache$spark$sql$test$SQLTestUtils$$super$withTempDir(DeltaInsertReplaceOnDFWriterV1InsertIntoSuite.scala:32)
	at org.apache.spark.sql.test.SQLTestUtils.withTempDir(SQLTestUtils.scala:80)
	at org.apache.spark.sql.test.SQLTestUtils.withTempDir$(SQLTestUtils.scala:79)
	at org.apache.spark.sql.delta.DeltaInsertReplaceOnDFWriterV1InsertIntoSuite.withTempDir(DeltaInsertReplaceOnDFWriterV1InsertIntoSuite.scala:32)
	at org.apache.spark.sql.delta.DeltaInsertReplaceOnDFWriterTests.$anonfun$$init$$70(DeltaInsertReplaceOnDFWriterTests.scala:764)
	at scala.runtime.java8.JFunction0$mcV$sp.apply(JFunction0$mcV$sp.scala:18)
	at org.scalatest.enablers.Timed$$anon$1.timeoutAfter(Timed.scala:127)
	at org.scalatest.concurrent.TimeLimits$.failAfterImpl(TimeLimits.scala:282)
	at org.scalatest.concurrent.TimeLimits.failAfter(TimeLimits.scala:231)
	at org.scalatest.concurrent.TimeLimits.failAfter$(TimeLimits.scala:230)
	at org.apache.spark.SparkFunSuite.failAfter(SparkFunSuite.scala:69)
	at org.apache.spark.SparkFunSuite.$anonfun$test$2(SparkFunSuite.scala:155)
	at org.scalatest.OutcomeOf.outcomeOf(OutcomeOf.scala:85)
	at org.scalatest.OutcomeOf.outcomeOf$(OutcomeOf.scala:83)
	at org.scalatest.OutcomeOf$.outcomeOf(OutcomeOf.scala:104)
	at org.scalatest.Transformer.apply(Transformer.scala:22)
	at org.scalatest.Transformer.apply(Transformer.scala:20)
	at org.scalatest.funsuite.AnyFunSuiteLike$$anon$1.apply(AnyFunSuiteLike.scala:226)
	at org.apache.spark.SparkFunSuite.withFixture(SparkFunSuite.scala:227)
	at org.scalatest.funsuite.AnyFunSuiteLike.invokeWithFixture$1(AnyFunSuiteLike.scala:224)
	at org.scalatest.funsuite.AnyFunSuiteLike.$anonfun$runTest$1(AnyFunSuiteLike.scala:236)
	at org.scalatest.SuperEngine.runTestImpl(Engine.scala:306)
	at org.scalatest.funsuite.AnyFunSuiteLike.runTest(AnyFunSuiteLike.scala:236)
	at org.scalatest.funsuite.AnyFunSuiteLike.runTest$(AnyFunSuiteLike.scala:218)
	at org.apache.spark.SparkFunSuite.org$scalatest$BeforeAndAfterEach$$super$runTest(SparkFunSuite.scala:69)
	at org.scalatest.BeforeAndAfterEach.runTest(BeforeAndAfterEach.scala:234)
	at org.scalatest.BeforeAndAfterEach.runTest$(BeforeAndAfterEach.scala:227)
	at org.apache.spark.SparkFunSuite.runTest(SparkFunSuite.scala:69)
	at org.scalatest.funsuite.AnyFunSuiteLike.$anonfun$runTests$1(AnyFunSuiteLike.scala:269)
	at org.scalatest.SuperEngine.$anonfun$runTestsInBranch$1(Engine.scala:413)
	at scala.collection.immutable.List.foreach(List.scala:323)
	at org.scalatest.SuperEngine.traverseSubNodes$1(Engine.scala:401)
	at org.scalatest.SuperEngine.runTestsInBranch(Engine.scala:396)
	at org.scalatest.SuperEngine.runTestsImpl(Engine.scala:475)
	at org.scalatest.funsuite.AnyFunSuiteLike.runTests(AnyFunSuiteLike.scala:269)
	at org.scalatest.funsuite.AnyFunSuiteLike.runTests$(AnyFunSuiteLike.scala:268)
	at org.scalatest.funsuite.AnyFunSuite.runTests(AnyFunSuite.scala:1564)
	at org.scalatest.Suite.run(Suite.scala:1114)
	at org.scalatest.Suite.run$(Suite.scala:1096)
	at org.scalatest.funsuite.AnyFunSuite.org$scalatest$funsuite$AnyFunSuiteLike$$super$run(AnyFunSuite.scala:1564)
	at org.scalatest.funsuite.AnyFunSuiteLike.$anonfun$run$1(AnyFunSuiteLike.scala:273)
	at org.scalatest.SuperEngine.runImpl(Engine.scala:535)
	at org.scalatest.funsuite.AnyFunSuiteLike.run(AnyFunSuiteLike.scala:273)
	at org.scalatest.funsuite.AnyFunSuiteLike.run$(AnyFunSuiteLike.scala:272)
	at org.apache.spark.SparkFunSuite.org$scalatest$BeforeAndAfterAll$$super$run(SparkFunSuite.scala:69)
	at org.scalatest.BeforeAndAfterAll.liftedTree1$1(BeforeAndAfterAll.scala:213)
	at org.scalatest.BeforeAndAfterAll.run(BeforeAndAfterAll.scala:210)
	at org.scalatest.BeforeAndAfterAll.run$(BeforeAndAfterAll.scala:208)
	at org.apache.spark.SparkFunSuite.run(SparkFunSuite.scala:69)
	at org.scalatest.tools.Framework.org$scalatest$tools$Framework$$runSuite(Framework.scala:321)
	at org.scalatest.tools.Framework$ScalaTestTask.execute(Framework.scala:517)
	at sbt.ForkMain$Run.lambda$runTest$1(ForkMain.java:414)
	at java.base/java.util.concurrent.FutureTask.run(FutureTask.java:264)
	at java.base/java.util.concurrent.ThreadPoolExecutor.runWorker(ThreadPoolExecutor.java:1136)
	at java.base/java.util.concurrent.ThreadPoolExecutor$Worker.run(ThreadPoolExecutor.java:635)
	at java.base/java.lang.Thread.run(Thread.java:840)
Caused by: sbt.ForkMain$ForkError: java.util.NoSuchElementException: None.get
	at scala.None$.get(Option.scala:627)
	at scala.None$.get(Option.scala:626)
	at org.apache.spark.sql.catalyst.optimizer.RewritePredicateSubquery$.org$apache$spark$sql$catalyst$optimizer$RewritePredicateSubquery$$rewriteDomainJoinsIfPresent(subquery.scala:76)
	at org.apache.spark.sql.catalyst.optimizer.RewritePredicateSubquery$$anonfun$apply$2.$anonfun$applyOrElse$2(subquery.scala:157)
	at scala.collection.LinearSeqOps.foldLeft(LinearSeq.scala:183)
	at scala.collection.LinearSeqOps.foldLeft$(LinearSeq.scala:179)
	at scala.collection.immutable.List.foldLeft(List.scala:79)
	at org.apache.spark.sql.catalyst.optimizer.RewritePredicateSubquery$$anonfun$apply$2.applyOrElse(subquery.scala:154)
	at org.apache.spark.sql.catalyst.optimizer.RewritePredicateSubquery$$anonfun$apply$2.applyOrElse(subquery.scala:140)
	at org.apache.spark.sql.catalyst.trees.TreeNode.$anonfun$transformDownWithPruning$1(TreeNode.scala:470)
	at org.apache.spark.sql.catalyst.trees.CurrentOrigin$.withOrigin(origin.scala:86)
	at org.apache.spark.sql.catalyst.trees.TreeNode.transformDownWithPruning(TreeNode.scala:470)
	at org.apache.spark.sql.catalyst.plans.logical.LogicalPlan.org$apache$spark$sql$catalyst$plans$logical$AnalysisHelper$$super$transformDownWithPruning(LogicalPlan.scala:37)
	at org.apache.spark.sql.catalyst.plans.logical.AnalysisHelper.transformDownWithPruning(AnalysisHelper.scala:360)
	at org.apache.spark.sql.catalyst.plans.logical.AnalysisHelper.transformDownWithPruning$(AnalysisHelper.scala:356)
	at org.apache.spark.sql.catalyst.plans.logical.LogicalPlan.transformDownWithPruning(LogicalPlan.scala:37)
	at org.apache.spark.sql.catalyst.plans.logical.LogicalPlan.transformDownWithPruning(LogicalPlan.scala:37)
	at org.apache.spark.sql.catalyst.trees.TreeNode.$anonfun$transformDownWithPruning$3(TreeNode.scala:475)
	at org.apache.spark.sql.catalyst.trees.UnaryLike.mapChildren(TreeNode.scala:1231)
	at org.apache.spark.sql.catalyst.trees.UnaryLike.mapChildren$(TreeNode.scala:1230)
	at org.apache.spark.sql.catalyst.plans.logical.Project.mapChildren(basicLogicalOperators.scala:72)
	at org.apache.spark.sql.catalyst.trees.TreeNode.transformDownWithPruning(TreeNode.scala:475)
	at org.apache.spark.sql.catalyst.plans.logical.LogicalPlan.org$apache$spark$sql$catalyst$plans$logical$AnalysisHelper$$super$transformDownWithPruning(LogicalPlan.scala:37)
	at org.apache.spark.sql.catalyst.plans.logical.AnalysisHelper.transformDownWithPruning(AnalysisHelper.scala:360)
	at org.apache.spark.sql.catalyst.plans.logical.AnalysisHelper.transformDownWithPruning$(AnalysisHelper.scala:356)
	at org.apache.spark.sql.catalyst.plans.logical.LogicalPlan.transformDownWithPruning(LogicalPlan.scala:37)
	at org.apache.spark.sql.catalyst.plans.logical.LogicalPlan.transformDownWithPruning(LogicalPlan.scala:37)
	at org.apache.spark.sql.catalyst.trees.TreeNode.$anonfun$transformDownWithPruning$3(TreeNode.scala:475)
	at org.apache.spark.sql.catalyst.trees.UnaryLike.mapChildren(TreeNode.scala:1231)
	at org.apache.spark.sql.catalyst.trees.UnaryLike.mapChildren$(TreeNode.scala:1230)
	at org.apache.spark.sql.catalyst.plans.logical.Filter.mapChildren(basicLogicalOperators.scala:333)
	at org.apache.spark.sql.catalyst.trees.TreeNode.transformDownWithPruning(TreeNode.scala:475)
	at org.apache.spark.sql.catalyst.plans.logical.LogicalPlan.org$apache$spark$sql$catalyst$plans$logical$AnalysisHelper$$super$transformDownWithPruning(LogicalPlan.scala:37)
	at org.apache.spark.sql.catalyst.plans.logical.AnalysisHelper.transformDownWithPruning(AnalysisHelper.scala:360)
	at org.apache.spark.sql.catalyst.plans.logical.AnalysisHelper.transformDownWithPruning$(AnalysisHelper.scala:356)
	at org.apache.spark.sql.catalyst.plans.logical.LogicalPlan.transformDownWithPruning(LogicalPlan.scala:37)
	at org.apache.spark.sql.catalyst.plans.logical.LogicalPlan.transformDownWithPruning(LogicalPlan.scala:37)
	at org.apache.spark.sql.catalyst.trees.TreeNode.$anonfun$transformDownWithPruning$3(TreeNode.scala:475)
	at org.apache.spark.sql.catalyst.trees.UnaryLike.mapChildren(TreeNode.scala:1231)
	at org.apache.spark.sql.catalyst.trees.UnaryLike.mapChildren$(TreeNode.scala:1230)
	at org.apache.spark.sql.catalyst.plans.logical.Aggregate.mapChildren(basicLogicalOperators.scala:1129)
	at org.apache.spark.sql.catalyst.trees.TreeNode.transformDownWithPruning(TreeNode.scala:475)
	at org.apache.spark.sql.catalyst.plans.logical.LogicalPlan.org$apache$spark$sql$catalyst$plans$logical$AnalysisHelper$$super$transformDownWithPruning(LogicalPlan.scala:37)
	at org.apache.spark.sql.catalyst.plans.logical.AnalysisHelper.transformDownWithPruning(AnalysisHelper.scala:360)
	at org.apache.spark.sql.catalyst.plans.logical.AnalysisHelper.transformDownWithPruning$(AnalysisHelper.scala:356)
	at org.apache.spark.sql.catalyst.plans.logical.LogicalPlan.transformDownWithPruning(LogicalPlan.scala:37)
	at org.apache.spark.sql.catalyst.plans.logical.LogicalPlan.transformDownWithPruning(LogicalPlan.scala:37)
	at org.apache.spark.sql.catalyst.trees.TreeNode.transformWithPruning(TreeNode.scala:436)
	at org.apache.spark.sql.catalyst.optimizer.RewritePredicateSubquery$.apply(subquery.scala:140)
	at org.apache.spark.sql.catalyst.optimizer.RewritePredicateSubquery$.apply(subquery.scala:56)
	at org.apache.spark.sql.catalyst.rules.RuleExecutor.$anonfun$execute$2(RuleExecutor.scala:242)
	at scala.collection.immutable.ArraySeq.foldLeft(ArraySeq.scala:222)
	at org.apache.spark.sql.catalyst.rules.RuleExecutor.$anonfun$execute$1(RuleExecutor.scala:239)
	at org.apache.spark.sql.catalyst.rules.RuleExecutor.$anonfun$execute$1$adapted(RuleExecutor.scala:231)
	at scala.collection.immutable.List.foreach(List.scala:323)
	at org.apache.spark.sql.catalyst.rules.RuleExecutor.execute(RuleExecutor.scala:231)
	at org.apache.spark.sql.catalyst.rules.RuleExecutor.$anonfun$executeAndTrack$1(RuleExecutor.scala:201)
	at org.apache.spark.sql.catalyst.QueryPlanningTracker$.withTracker(QueryPlanningTracker.scala:89)
	at org.apache.spark.sql.catalyst.rules.RuleExecutor.executeAndTrack(RuleExecutor.scala:201)
	at org.apache.spark.sql.execution.QueryExecution.$anonfun$lazyOptimizedPlan$2(QueryExecution.scala:202)
	at org.apache.spark.sql.catalyst.QueryPlanningTracker.measurePhase(QueryPlanningTracker.scala:148)
	at org.apache.spark.sql.execution.QueryExecution.$anonfun$executePhase$2(QueryExecution.scala:278)
	at org.apache.spark.sql.execution.QueryExecution$.withInternalError(QueryExecution.scala:654)
	at org.apache.spark.sql.execution.QueryExecution.$anonfun$executePhase$1(QueryExecution.scala:278)
	at org.apache.spark.sql.SparkSession.withActive(SparkSession.scala:804)
	at org.apache.spark.sql.execution.QueryExecution.executePhase(QueryExecution.scala:277)
	at org.apache.spark.sql.execution.QueryExecution.$anonfun$lazyOptimizedPlan$1(QueryExecution.scala:198)
	at scala.util.Try$.apply(Try.scala:217)
	at org.apache.spark.util.Utils$.doTryWithCallerStacktrace(Utils.scala:1378)
	at org.apache.spark.util.LazyTry.tryT$lzycompute(LazyTry.scala:46)
	at org.apache.spark.util.LazyTry.tryT(LazyTry.scala:46)
	at org.apache.spark.util.LazyTry.get(LazyTry.scala:58)
	at org.apache.spark.sql.execution.QueryExecution.optimizedPlan(QueryExecution.scala:212)
	at org.apache.spark.sql.execution.QueryExecution.assertOptimized(QueryExecution.scala:214)
	at org.apache.spark.sql.execution.QueryExecution.$anonfun$lazyExecutedPlan$1(QueryExecution.scala:234)
	at scala.util.Try$.apply(Try.scala:217)
	at org.apache.spark.util.Utils$.doTryWithCallerStacktrace(Utils.scala:1378)
	at org.apache.spark.util.LazyTry.tryT$lzycompute(LazyTry.scala:46)
	at org.apache.spark.util.LazyTry.tryT(LazyTry.scala:46)
	at org.apache.spark.util.LazyTry.get(LazyTry.scala:58)
	at org.apache.spark.sql.execution.QueryExecution.executedPlan(QueryExecution.scala:248)
	at org.apache.spark.sql.execution.QueryExecution.simpleString(QueryExecution.scala:297)
	at org.apache.spark.sql.execution.QueryExecution.org$apache$spark$sql$execution$QueryExecution$$explainString(QueryExecution.scala:344)
	at org.apache.spark.sql.execution.QueryExecution.explainString(QueryExecution.scala:312)
	at org.apache.spark.sql.execution.SQLExecution$.$anonfun$withNewExecutionId0$8(SQLExecution.scala:149)
	at org.apache.spark.sql.execution.SQLExecution$.withSessionTagsApplied(SQLExecution.scala:272)
	at org.apache.spark.sql.execution.SQLExecution$.$anonfun$withNewExecutionId0$7(SQLExecution.scala:125)
	at org.apache.spark.JobArtifactSet$.withActiveJobArtifactState(JobArtifactSet.scala:94)
	at org.apache.spark.sql.artifact.ArtifactManager.$anonfun$withResources$1(ArtifactManager.scala:112)
	at org.apache.spark.sql.artifact.ArtifactManager.withClassLoaderIfNeeded(ArtifactManager.scala:106)
	at org.apache.spark.sql.artifact.ArtifactManager.withResources(ArtifactManager.scala:111)
	at org.apache.spark.sql.execution.SQLExecution$.$anonfun$withNewExecutionId0$6(SQLExecution.scala:125)
	at org.apache.spark.sql.execution.SQLExecution$.withSQLConfPropagated(SQLExecution.scala:295)
	at org.apache.spark.sql.execution.SQLExecution$.$anonfun$withNewExecutionId0$1(SQLExecution.scala:124)
	at org.apache.spark.sql.SparkSession.withActive(SparkSession.scala:804)
	at org.apache.spark.sql.execution.SQLExecution$.withNewExecutionId0(SQLExecution.scala:78)
	at org.apache.spark.sql.execution.SQLExecution$.withNewExecutionId(SQLExecution.scala:237)
	at org.apache.spark.sql.classic.Dataset.withAction(Dataset.scala:2232)
	at org.apache.spark.sql.classic.Dataset.collect(Dataset.scala:1482)
	at org.apache.spark.sql.delta.commands.DeleteCommand.$anonfun$performDelete$6(DeleteCommand.scala:326)
	at org.apache.spark.sql.delta.util.DeltaProgressReporter.withJobDescription(DeltaProgressReporter.scala:56)
	at org.apache.spark.sql.delta.util.DeltaProgressReporter.withStatusCode(DeltaProgressReporter.scala:35)
	at org.apache.spark.sql.delta.util.DeltaProgressReporter.withStatusCode$(DeltaProgressReporter.scala:29)
	at org.apache.spark.sql.delta.commands.DeleteCommand.withStatusCode(DeleteCommand.scala:112)
	at org.apache.spark.sql.delta.commands.DeleteCommand.performDelete(DeleteCommand.scala:319)
	at org.apache.spark.sql.delta.commands.WriteIntoDelta.removeFiles(WriteIntoDelta.scala:431)
	at org.apache.spark.sql.delta.commands.WriteIntoDelta.writeAndReturnCommitData(WriteIntoDelta.scala:289)
	at org.apache.spark.sql.delta.commands.WriteIntoDelta.$anonfun$run$1(WriteIntoDelta.scala:112)
	at org.apache.spark.sql.delta.DeltaLog.withNewTransaction(DeltaLog.scala:264)
	at org.apache.spark.sql.delta.commands.WriteIntoDelta.run(WriteIntoDelta.scala:107)
	at org.apache.spark.sql.delta.commands.DeltaInsertReplaceOnOrUsingCommand.$anonfun$run$1(DeltaInsertReplaceOnOrUsingCommand.scala:63)
	at org.apache.spark.sql.delta.commands.DeltaInsertReplaceOnOrUsingCommand.$anonfun$withMaterializeRetryAndStats$2(DeltaInsertReplaceOnOrUsingCommand.scala:242)
	at org.apache.spark.sql.delta.commands.merge.MergeIntoMaterializeSource.runWithMaterializedSourceLostRetries(MergeIntoMaterializeSource.scala:130)
	at org.apache.spark.sql.delta.commands.merge.MergeIntoMaterializeSource.runWithMaterializedSourceLostRetries$(MergeIntoMaterializeSource.scala:118)
	at org.apache.spark.sql.delta.commands.DeltaInsertReplaceOnOrUsingCommand.runWithMaterializedSourceLostRetries(DeltaInsertReplaceOnOrUsingCommand.scala:44)
	at org.apache.spark.sql.delta.commands.DeltaInsertReplaceOnOrUsingCommand.executeWithRetry(DeltaInsertReplaceOnOrUsingCommand.scala:228)
	at org.apache.spark.sql.delta.commands.DeltaInsertReplaceOnOrUsingCommand.$anonfun$withMaterializeRetryAndStats$1(DeltaInsertReplaceOnOrUsingCommand.scala:239)
	at org.apache.spark.sql.delta.commands.DeltaInsertReplaceOnOrUsingCommand.recordReplaceOnOrUsingStats(DeltaInsertReplaceOnOrUsingCommand.scala:255)
	at org.apache.spark.sql.delta.commands.DeltaInsertReplaceOnOrUsingCommand.withMaterializeRetryAndStats(DeltaInsertReplaceOnOrUsingCommand.scala:235)
	at org.apache.spark.sql.delta.commands.DeltaInsertReplaceOnOrUsingCommand.run(DeltaInsertReplaceOnOrUsingCommand.scala:62)
	at org.apache.spark.sql.execution.command.ExecutedCommandExec.sideEffectResult$lzycompute(commands.scala:79)
	at org.apache.spark.sql.execution.command.ExecutedCommandExec.sideEffectResult(commands.scala:77)
	at org.apache.spark.sql.execution.command.ExecutedCommandExec.executeCollect(commands.scala:88)
	at org.apache.spark.sql.execution.QueryExecution.$anonfun$eagerlyExecuteCommands$2(QueryExecution.scala:155)
	at org.apache.spark.sql.execution.SQLExecution$.$anonfun$withNewExecutionId0$8(SQLExecution.scala:163)
	at org.apache.spark.sql.execution.SQLExecution$.withSessionTagsApplied(SQLExecution.scala:272)
	at org.apache.spark.sql.execution.SQLExecution$.$anonfun$withNewExecutionId0$7(SQLExecution.scala:125)
	at org.apache.spark.JobArtifactSet$.withActiveJobArtifactState(JobArtifactSet.scala:94)
	at org.apache.spark.sql.artifact.ArtifactManager.$anonfun$withResources$1(ArtifactManager.scala:112)
	at org.apache.spark.sql.artifact.ArtifactManager.withClassLoaderIfNeeded(ArtifactManager.scala:106)
	at org.apache.spark.sql.artifact.ArtifactManager.withResources(ArtifactManager.scala:111)
	at org.apache.spark.sql.execution.SQLExecution$.$anonfun$withNewExecutionId0$6(SQLExecution.scala:125)
	at org.apache.spark.sql.execution.SQLExecution$.withSQLConfPropagated(SQLExecution.scala:295)
	at org.apache.spark.sql.execution.SQLExecution$.$anonfun$withNewExecutionId0$1(SQLExecution.scala:124)
	at org.apache.spark.sql.SparkSession.withActive(SparkSession.scala:804)
	at org.apache.spark.sql.execution.SQLExecution$.withNewExecutionId0(SQLExecution.scala:78)
	at org.apache.spark.sql.execution.SQLExecution$.withNewExecutionId(SQLExecution.scala:237)
	at org.apache.spark.sql.execution.QueryExecution.$anonfun$eagerlyExecuteCommands$1(QueryExecution.scala:155)
	at org.apache.spark.sql.execution.QueryExecution$.withInternalError(QueryExecution.scala:654)
	at org.apache.spark.sql.execution.QueryExecution.org$apache$spark$sql$execution$QueryExecution$$eagerlyExecute$1(QueryExecution.scala:154)
	at org.apache.spark.sql.execution.QueryExecution$$anonfun$eagerlyExecuteCommands$3.applyOrElse(QueryExecution.scala:169)
	at org.apache.spark.sql.execution.QueryExecution$$anonfun$eagerlyExecuteCommands$3.applyOrElse(QueryExecution.scala:164)
	at org.apache.spark.sql.catalyst.trees.TreeNode.$anonfun$transformDownWithPruning$1(TreeNode.scala:470)
	at org.apache.spark.sql.catalyst.trees.CurrentOrigin$.withOrigin(origin.scala:86)
	at org.apache.spark.sql.catalyst.trees.TreeNode.transformDownWithPruning(TreeNode.scala:470)
	at org.apache.spark.sql.catalyst.plans.logical.LogicalPlan.org$apache$spark$sql$catalyst$plans$logical$AnalysisHelper$$super$transformDownWithPruning(LogicalPlan.scala:37)
	at org.apache.spark.sql.catalyst.plans.logical.AnalysisHelper.transformDownWithPruning(AnalysisHelper.scala:360)
	at org.apache.spark.sql.catalyst.plans.logical.AnalysisHelper.transformDownWithPruning$(AnalysisHelper.scala:356)
	at org.apache.spark.sql.catalyst.plans.logical.LogicalPlan.transformDownWithPruning(LogicalPlan.scala:37)
	at org.apache.spark.sql.catalyst.plans.logical.LogicalPlan.transformDownWithPruning(LogicalPlan.scala:37)
	at org.apache.spark.sql.catalyst.trees.TreeNode.transformDown(TreeNode.scala:446)
	at org.apache.spark.sql.execution.QueryExecution.eagerlyExecuteCommands(QueryExecution.scala:164)
	at org.apache.spark.sql.execution.QueryExecution.$anonfun$lazyCommandExecuted$1(QueryExecution.scala:126)
	at org.apache.spark.util.Utils$.getTryWithCallerStacktrace(Utils.scala:1439)
	at org.apache.spark.util.LazyTry.get(LazyTry.scala:58)
	at org.apache.spark.sql.execution.QueryExecution.commandExecuted(QueryExecution.scala:131)
	at org.apache.spark.sql.execution.QueryExecution.assertCommandExecuted(QueryExecution.scala:192)
	at org.apache.spark.sql.classic.DataFrameWriter.runCommand(DataFrameWriter.scala:622)
	at org.apache.spark.sql.classic.DataFrameWriter.insertInto(DataFrameWriter.scala:360)
	at org.apache.spark.sql.classic.DataFrameWriter.insertInto(DataFrameWriter.scala:324)
	at org.apache.spark.sql.delta.DeltaInsertReplaceOnDFWriterV1InsertIntoSuite.writeReplaceOnDF(DeltaInsertReplaceOnDFWriterV1InsertIntoSuite.scala:55)
	at org.apache.spark.sql.delta.DeltaInsertReplaceOnDFWriterTests.$anonfun$$init$$72(DeltaInsertReplaceOnDFWriterTests.scala:773)
	at scala.runtime.java8.JFunction0$mcV$sp.apply(JFunction0$mcV$sp.scala:18)
	at org.scalatest.Assertions.intercept(Assertions.scala:749)
	... 63 more
</failure>
                    </testcase><testcase classname="org.apache.spark.sql.delta.DeltaInsertReplaceOnDFWriterV1InsertIntoSuite" name="ambiguous: no source alias, bare 'id' on both sides" time="0.585">
                      <failure message="org.scalatest.exceptions.TestFailedException: Expected exception org.apache.spark.sql.delta.DeltaAnalysisException to be thrown, but java.util.NoSuchElementException was thrown" type="sbt.ForkMain$ForkError">sbt.ForkMain$ForkError: org.scalatest.exceptions.TestFailedException: Expected exception org.apache.spark.sql.delta.DeltaAnalysisException to be thrown, but java.util.NoSuchElementException was thrown
	at org.scalatest.Assertions.newAssertionFailedException(Assertions.scala:472)
	at org.scalatest.Assertions.newAssertionFailedException$(Assertions.scala:471)
	at org.scalatest.funsuite.AnyFunSuite.newAssertionFailedException(AnyFunSuite.scala:1564)
	at org.scalatest.Assertions.intercept(Assertions.scala:756)
	at org.scalatest.Assertions.intercept$(Assertions.scala:746)
	at org.scalatest.funsuite.AnyFunSuite.intercept(AnyFunSuite.scala:1564)
	at org.apache.spark.sql.delta.DeltaInsertReplaceOnDFWriterTests.$anonfun$$init$$74(DeltaInsertReplaceOnDFWriterTests.scala:800)
	at org.apache.spark.sql.delta.DeltaInsertReplaceOnDFWriterTests.$anonfun$$init$$74$adapted(DeltaInsertReplaceOnDFWriterTests.scala:791)
	at org.apache.spark.sql.test.SQLTestUtils.$anonfun$withTempDir$1(SQLTestUtils.scala:81)
	at org.apache.spark.sql.test.SQLTestUtils.$anonfun$withTempDir$1$adapted(SQLTestUtils.scala:80)
	at org.apache.spark.SparkFunSuite.withTempDir(SparkFunSuite.scala:245)
	at org.apache.spark.sql.delta.DeltaInsertReplaceOnDFWriterV1InsertIntoSuite.org$apache$spark$sql$test$SQLTestUtils$$super$withTempDir(DeltaInsertReplaceOnDFWriterV1InsertIntoSuite.scala:32)
	at org.apache.spark.sql.test.SQLTestUtils.withTempDir(SQLTestUtils.scala:80)
	at org.apache.spark.sql.test.SQLTestUtils.withTempDir$(SQLTestUtils.scala:79)
	at org.apache.spark.sql.delta.DeltaInsertReplaceOnDFWriterV1InsertIntoSuite.withTempDir(DeltaInsertReplaceOnDFWriterV1InsertIntoSuite.scala:32)
	at org.apache.spark.sql.delta.DeltaInsertReplaceOnDFWriterTests.$anonfun$$init$$73(DeltaInsertReplaceOnDFWriterTests.scala:791)
	at scala.runtime.java8.JFunction0$mcV$sp.apply(JFunction0$mcV$sp.scala:18)
	at org.scalatest.enablers.Timed$$anon$1.timeoutAfter(Timed.scala:127)
	at org.scalatest.concurrent.TimeLimits$.failAfterImpl(TimeLimits.scala:282)
	at org.scalatest.concurrent.TimeLimits.failAfter(TimeLimits.scala:231)
	at org.scalatest.concurrent.TimeLimits.failAfter$(TimeLimits.scala:230)
	at org.apache.spark.SparkFunSuite.failAfter(SparkFunSuite.scala:69)
	at org.apache.spark.SparkFunSuite.$anonfun$test$2(SparkFunSuite.scala:155)
	at org.scalatest.OutcomeOf.outcomeOf(OutcomeOf.scala:85)
	at org.scalatest.OutcomeOf.outcomeOf$(OutcomeOf.scala:83)
	at org.scalatest.OutcomeOf$.outcomeOf(OutcomeOf.scala:104)
	at org.scalatest.Transformer.apply(Transformer.scala:22)
	at org.scalatest.Transformer.apply(Transformer.scala:20)
	at org.scalatest.funsuite.AnyFunSuiteLike$$anon$1.apply(AnyFunSuiteLike.scala:226)
	at org.apache.spark.SparkFunSuite.withFixture(SparkFunSuite.scala:227)
	at org.scalatest.funsuite.AnyFunSuiteLike.invokeWithFixture$1(AnyFunSuiteLike.scala:224)
	at org.scalatest.funsuite.AnyFunSuiteLike.$anonfun$runTest$1(AnyFunSuiteLike.scala:236)
	at org.scalatest.SuperEngine.runTestImpl(Engine.scala:306)
	at org.scalatest.funsuite.AnyFunSuiteLike.runTest(AnyFunSuiteLike.scala:236)
	at org.scalatest.funsuite.AnyFunSuiteLike.runTest$(AnyFunSuiteLike.scala:218)
	at org.apache.spark.SparkFunSuite.org$scalatest$BeforeAndAfterEach$$super$runTest(SparkFunSuite.scala:69)
	at org.scalatest.BeforeAndAfterEach.runTest(BeforeAndAfterEach.scala:234)
	at org.scalatest.BeforeAndAfterEach.runTest$(BeforeAndAfterEach.scala:227)
	at org.apache.spark.SparkFunSuite.runTest(SparkFunSuite.scala:69)
	at org.scalatest.funsuite.AnyFunSuiteLike.$anonfun$runTests$1(AnyFunSuiteLike.scala:269)
	at org.scalatest.SuperEngine.$anonfun$runTestsInBranch$1(Engine.scala:413)
	at scala.collection.immutable.List.foreach(List.scala:323)
	at org.scalatest.SuperEngine.traverseSubNodes$1(Engine.scala:401)
	at org.scalatest.SuperEngine.runTestsInBranch(Engine.scala:396)
	at org.scalatest.SuperEngine.runTestsImpl(Engine.scala:475)
	at org.scalatest.funsuite.AnyFunSuiteLike.runTests(AnyFunSuiteLike.scala:269)
	at org.scalatest.funsuite.AnyFunSuiteLike.runTests$(AnyFunSuiteLike.scala:268)
	at org.scalatest.funsuite.AnyFunSuite.runTests(AnyFunSuite.scala:1564)
	at org.scalatest.Suite.run(Suite.scala:1114)
	at org.scalatest.Suite.run$(Suite.scala:1096)
	at org.scalatest.funsuite.AnyFunSuite.org$scalatest$funsuite$AnyFunSuiteLike$$super$run(AnyFunSuite.scala:1564)
	at org.scalatest.funsuite.AnyFunSuiteLike.$anonfun$run$1(AnyFunSuiteLike.scala:273)
	at org.scalatest.SuperEngine.runImpl(Engine.scala:535)
	at org.scalatest.funsuite.AnyFunSuiteLike.run(AnyFunSuiteLike.scala:273)
	at org.scalatest.funsuite.AnyFunSuiteLike.run$(AnyFunSuiteLike.scala:272)
	at org.apache.spark.SparkFunSuite.org$scalatest$BeforeAndAfterAll$$super$run(SparkFunSuite.scala:69)
	at org.scalatest.BeforeAndAfterAll.liftedTree1$1(BeforeAndAfterAll.scala:213)
	at org.scalatest.BeforeAndAfterAll.run(BeforeAndAfterAll.scala:210)
	at org.scalatest.BeforeAndAfterAll.run$(BeforeAndAfterAll.scala:208)
	at org.apache.spark.SparkFunSuite.run(SparkFunSuite.scala:69)
	at org.scalatest.tools.Framework.org$scalatest$tools$Framework$$runSuite(Framework.scala:321)
	at org.scalatest.tools.Framework$ScalaTestTask.execute(Framework.scala:517)
	at sbt.ForkMain$Run.lambda$runTest$1(ForkMain.java:414)
	at java.base/java.util.concurrent.FutureTask.run(FutureTask.java:264)
	at java.base/java.util.concurrent.ThreadPoolExecutor.runWorker(ThreadPoolExecutor.java:1136)
	at java.base/java.util.concurrent.ThreadPoolExecutor$Worker.run(ThreadPoolExecutor.java:635)
	at java.base/java.lang.Thread.run(Thread.java:840)
Caused by: sbt.ForkMain$ForkError: java.util.NoSuchElementException: None.get
	at scala.None$.get(Option.scala:627)
	at scala.None$.get(Option.scala:626)
	at org.apache.spark.sql.catalyst.optimizer.RewritePredicateSubquery$.org$apache$spark$sql$catalyst$optimizer$RewritePredicateSubquery$$rewriteDomainJoinsIfPresent(subquery.scala:76)
	at org.apache.spark.sql.catalyst.optimizer.RewritePredicateSubquery$$anonfun$apply$2.$anonfun$applyOrElse$2(subquery.scala:157)
	at scala.collection.LinearSeqOps.foldLeft(LinearSeq.scala:183)
	at scala.collection.LinearSeqOps.foldLeft$(LinearSeq.scala:179)
	at scala.collection.immutable.List.foldLeft(List.scala:79)
	at org.apache.spark.sql.catalyst.optimizer.RewritePredicateSubquery$$anonfun$apply$2.applyOrElse(subquery.scala:154)
	at org.apache.spark.sql.catalyst.optimizer.RewritePredicateSubquery$$anonfun$apply$2.applyOrElse(subquery.scala:140)
	at org.apache.spark.sql.catalyst.trees.TreeNode.$anonfun$transformDownWithPruning$1(TreeNode.scala:470)
	at org.apache.spark.sql.catalyst.trees.CurrentOrigin$.withOrigin(origin.scala:86)
	at org.apache.spark.sql.catalyst.trees.TreeNode.transformDownWithPruning(TreeNode.scala:470)
	at org.apache.spark.sql.catalyst.plans.logical.LogicalPlan.org$apache$spark$sql$catalyst$plans$logical$AnalysisHelper$$super$transformDownWithPruning(LogicalPlan.scala:37)
	at org.apache.spark.sql.catalyst.plans.logical.AnalysisHelper.transformDownWithPruning(AnalysisHelper.scala:360)
	at org.apache.spark.sql.catalyst.plans.logical.AnalysisHelper.transformDownWithPruning$(AnalysisHelper.scala:356)
	at org.apache.spark.sql.catalyst.plans.logical.LogicalPlan.transformDownWithPruning(LogicalPlan.scala:37)
	at org.apache.spark.sql.catalyst.plans.logical.LogicalPlan.transformDownWithPruning(LogicalPlan.scala:37)
	at org.apache.spark.sql.catalyst.trees.TreeNode.$anonfun$transformDownWithPruning$3(TreeNode.scala:475)
	at org.apache.spark.sql.catalyst.trees.UnaryLike.mapChildren(TreeNode.scala:1231)
	at org.apache.spark.sql.catalyst.trees.UnaryLike.mapChildren$(TreeNode.scala:1230)
	at org.apache.spark.sql.catalyst.plans.logical.Project.mapChildren(basicLogicalOperators.scala:72)
	at org.apache.spark.sql.catalyst.trees.TreeNode.transformDownWithPruning(TreeNode.scala:475)
	at org.apache.spark.sql.catalyst.plans.logical.LogicalPlan.org$apache$spark$sql$catalyst$plans$logical$AnalysisHelper$$super$transformDownWithPruning(LogicalPlan.scala:37)
	at org.apache.spark.sql.catalyst.plans.logical.AnalysisHelper.transformDownWithPruning(AnalysisHelper.scala:360)
	at org.apache.spark.sql.catalyst.plans.logical.AnalysisHelper.transformDownWithPruning$(AnalysisHelper.scala:356)
	at org.apache.spark.sql.catalyst.plans.logical.LogicalPlan.transformDownWithPruning(LogicalPlan.scala:37)
	at org.apache.spark.sql.catalyst.plans.logical.LogicalPlan.transformDownWithPruning(LogicalPlan.scala:37)
	at org.apache.spark.sql.catalyst.trees.TreeNode.$anonfun$transformDownWithPruning$3(TreeNode.scala:475)
	at org.apache.spark.sql.catalyst.trees.UnaryLike.mapChildren(TreeNode.scala:1231)
	at org.apache.spark.sql.catalyst.trees.UnaryLike.mapChildren$(TreeNode.scala:1230)
	at org.apache.spark.sql.catalyst.plans.logical.Filter.mapChildren(basicLogicalOperators.scala:333)
	at org.apache.spark.sql.catalyst.trees.TreeNode.transformDownWithPruning(TreeNode.scala:475)
	at org.apache.spark.sql.catalyst.plans.logical.LogicalPlan.org$apache$spark$sql$catalyst$plans$logical$AnalysisHelper$$super$transformDownWithPruning(LogicalPlan.scala:37)
	at org.apache.spark.sql.catalyst.plans.logical.AnalysisHelper.transformDownWithPruning(AnalysisHelper.scala:360)
	at org.apache.spark.sql.catalyst.plans.logical.AnalysisHelper.transformDownWithPruning$(AnalysisHelper.scala:356)
	at org.apache.spark.sql.catalyst.plans.logical.LogicalPlan.transformDownWithPruning(LogicalPlan.scala:37)
	at org.apache.spark.sql.catalyst.plans.logical.LogicalPlan.transformDownWithPruning(LogicalPlan.scala:37)
	at org.apache.spark.sql.catalyst.trees.TreeNode.$anonfun$transformDownWithPruning$3(TreeNode.scala:475)
	at org.apache.spark.sql.catalyst.trees.UnaryLike.mapChildren(TreeNode.scala:1231)
	at org.apache.spark.sql.catalyst.trees.UnaryLike.mapChildren$(TreeNode.scala:1230)
	at org.apache.spark.sql.catalyst.plans.logical.Aggregate.mapChildren(basicLogicalOperators.scala:1129)
	at org.apache.spark.sql.catalyst.trees.TreeNode.transformDownWithPruning(TreeNode.scala:475)
	at org.apache.spark.sql.catalyst.plans.logical.LogicalPlan.org$apache$spark$sql$catalyst$plans$logical$AnalysisHelper$$super$transformDownWithPruning(LogicalPlan.scala:37)
	at org.apache.spark.sql.catalyst.plans.logical.AnalysisHelper.transformDownWithPruning(AnalysisHelper.scala:360)
	at org.apache.spark.sql.catalyst.plans.logical.AnalysisHelper.transformDownWithPruning$(AnalysisHelper.scala:356)
	at org.apache.spark.sql.catalyst.plans.logical.LogicalPlan.transformDownWithPruning(LogicalPlan.scala:37)
	at org.apache.spark.sql.catalyst.plans.logical.LogicalPlan.transformDownWithPruning(LogicalPlan.scala:37)
	at org.apache.spark.sql.catalyst.trees.TreeNode.transformWithPruning(TreeNode.scala:436)
	at org.apache.spark.sql.catalyst.optimizer.RewritePredicateSubquery$.apply(subquery.scala:140)
	at org.apache.spark.sql.catalyst.optimizer.RewritePredicateSubquery$.apply(subquery.scala:56)
	at org.apache.spark.sql.catalyst.rules.RuleExecutor.$anonfun$execute$2(RuleExecutor.scala:242)
	at scala.collection.immutable.ArraySeq.foldLeft(ArraySeq.scala:222)
	at org.apache.spark.sql.catalyst.rules.RuleExecutor.$anonfun$execute$1(RuleExecutor.scala:239)
	at org.apache.spark.sql.catalyst.rules.RuleExecutor.$anonfun$execute$1$adapted(RuleExecutor.scala:231)
	at scala.collection.immutable.List.foreach(List.scala:323)
	at org.apache.spark.sql.catalyst.rules.RuleExecutor.execute(RuleExecutor.scala:231)
	at org.apache.spark.sql.catalyst.rules.RuleExecutor.$anonfun$executeAndTrack$1(RuleExecutor.scala:201)
	at org.apache.spark.sql.catalyst.QueryPlanningTracker$.withTracker(QueryPlanningTracker.scala:89)
	at org.apache.spark.sql.catalyst.rules.RuleExecutor.executeAndTrack(RuleExecutor.scala:201)
	at org.apache.spark.sql.execution.QueryExecution.$anonfun$lazyOptimizedPlan$2(QueryExecution.scala:202)
	at org.apache.spark.sql.catalyst.QueryPlanningTracker.measurePhase(QueryPlanningTracker.scala:148)
	at org.apache.spark.sql.execution.QueryExecution.$anonfun$executePhase$2(QueryExecution.scala:278)
	at org.apache.spark.sql.execution.QueryExecution$.withInternalError(QueryExecution.scala:654)
	at org.apache.spark.sql.execution.QueryExecution.$anonfun$executePhase$1(QueryExecution.scala:278)
	at org.apache.spark.sql.SparkSession.withActive(SparkSession.scala:804)
	at org.apache.spark.sql.execution.QueryExecution.executePhase(QueryExecution.scala:277)
	at org.apache.spark.sql.execution.QueryExecution.$anonfun$lazyOptimizedPlan$1(QueryExecution.scala:198)
	at scala.util.Try$.apply(Try.scala:217)
	at org.apache.spark.util.Utils$.doTryWithCallerStacktrace(Utils.scala:1378)
	at org.apache.spark.util.LazyTry.tryT$lzycompute(LazyTry.scala:46)
	at org.apache.spark.util.LazyTry.tryT(LazyTry.scala:46)
	at org.apache.spark.util.LazyTry.get(LazyTry.scala:58)
	at org.apache.spark.sql.execution.QueryExecution.optimizedPlan(QueryExecution.scala:212)
	at org.apache.spark.sql.execution.QueryExecution.assertOptimized(QueryExecution.scala:214)
	at org.apache.spark.sql.execution.QueryExecution.$anonfun$lazyExecutedPlan$1(QueryExecution.scala:234)
	at scala.util.Try$.apply(Try.scala:217)
	at org.apache.spark.util.Utils$.doTryWithCallerStacktrace(Utils.scala:1378)
	at org.apache.spark.util.LazyTry.tryT$lzycompute(LazyTry.scala:46)
	at org.apache.spark.util.LazyTry.tryT(LazyTry.scala:46)
	at org.apache.spark.util.LazyTry.get(LazyTry.scala:58)
	at org.apache.spark.sql.execution.QueryExecution.executedPlan(QueryExecution.scala:248)
	at org.apache.spark.sql.execution.QueryExecution.simpleString(QueryExecution.scala:297)
	at org.apache.spark.sql.execution.QueryExecution.org$apache$spark$sql$execution$QueryExecution$$explainString(QueryExecution.scala:344)
	at org.apache.spark.sql.execution.QueryExecution.explainString(QueryExecution.scala:312)
	at org.apache.spark.sql.execution.SQLExecution$.$anonfun$withNewExecutionId0$8(SQLExecution.scala:149)
	at org.apache.spark.sql.execution.SQLExecution$.withSessionTagsApplied(SQLExecution.scala:272)
	at org.apache.spark.sql.execution.SQLExecution$.$anonfun$withNewExecutionId0$7(SQLExecution.scala:125)
	at org.apache.spark.JobArtifactSet$.withActiveJobArtifactState(JobArtifactSet.scala:94)
	at org.apache.spark.sql.artifact.ArtifactManager.$anonfun$withResources$1(ArtifactManager.scala:112)
	at org.apache.spark.sql.artifact.ArtifactManager.withClassLoaderIfNeeded(ArtifactManager.scala:106)
	at org.apache.spark.sql.artifact.ArtifactManager.withResources(ArtifactManager.scala:111)
	at org.apache.spark.sql.execution.SQLExecution$.$anonfun$withNewExecutionId0$6(SQLExecution.scala:125)
	at org.apache.spark.sql.execution.SQLExecution$.withSQLConfPropagated(SQLExecution.scala:295)
	at org.apache.spark.sql.execution.SQLExecution$.$anonfun$withNewExecutionId0$1(SQLExecution.scala:124)
	at org.apache.spark.sql.SparkSession.withActive(SparkSession.scala:804)
	at org.apache.spark.sql.execution.SQLExecution$.withNewExecutionId0(SQLExecution.scala:78)
	at org.apache.spark.sql.execution.SQLExecution$.withNewExecutionId(SQLExecution.scala:237)
	at org.apache.spark.sql.classic.Dataset.withAction(Dataset.scala:2232)
	at org.apache.spark.sql.classic.Dataset.collect(Dataset.scala:1482)
	at org.apache.spark.sql.delta.commands.DeleteCommand.$anonfun$performDelete$6(DeleteCommand.scala:326)
	at org.apache.spark.sql.delta.util.DeltaProgressReporter.withJobDescription(DeltaProgressReporter.scala:56)
	at org.apache.spark.sql.delta.util.DeltaProgressReporter.withStatusCode(DeltaProgressReporter.scala:35)
	at org.apache.spark.sql.delta.util.DeltaProgressReporter.withStatusCode$(DeltaProgressReporter.scala:29)
	at org.apache.spark.sql.delta.commands.DeleteCommand.withStatusCode(DeleteCommand.scala:112)
	at org.apache.spark.sql.delta.commands.DeleteCommand.performDelete(DeleteCommand.scala:319)
	at org.apache.spark.sql.delta.commands.WriteIntoDelta.removeFiles(WriteIntoDelta.scala:431)
	at org.apache.spark.sql.delta.commands.WriteIntoDelta.writeAndReturnCommitData(WriteIntoDelta.scala:289)
	at org.apache.spark.sql.delta.commands.WriteIntoDelta.$anonfun$run$1(WriteIntoDelta.scala:112)
	at org.apache.spark.sql.delta.DeltaLog.withNewTransaction(DeltaLog.scala:264)
	at org.apache.spark.sql.delta.commands.WriteIntoDelta.run(WriteIntoDelta.scala:107)
	at org.apache.spark.sql.delta.commands.DeltaInsertReplaceOnOrUsingCommand.$anonfun$run$1(DeltaInsertReplaceOnOrUsingCommand.scala:63)
	at org.apache.spark.sql.delta.commands.DeltaInsertReplaceOnOrUsingCommand.$anonfun$withMaterializeRetryAndStats$2(DeltaInsertReplaceOnOrUsingCommand.scala:242)
	at org.apache.spark.sql.delta.commands.merge.MergeIntoMaterializeSource.runWithMaterializedSourceLostRetries(MergeIntoMaterializeSource.scala:130)
	at org.apache.spark.sql.delta.commands.merge.MergeIntoMaterializeSource.runWithMaterializedSourceLostRetries$(MergeIntoMaterializeSource.scala:118)
	at org.apache.spark.sql.delta.commands.DeltaInsertReplaceOnOrUsingCommand.runWithMaterializedSourceLostRetries(DeltaInsertReplaceOnOrUsingCommand.scala:44)
	at org.apache.spark.sql.delta.commands.DeltaInsertReplaceOnOrUsingCommand.executeWithRetry(DeltaInsertReplaceOnOrUsingCommand.scala:228)
	at org.apache.spark.sql.delta.commands.DeltaInsertReplaceOnOrUsingCommand.$anonfun$withMaterializeRetryAndStats$1(DeltaInsertReplaceOnOrUsingCommand.scala:239)
	at org.apache.spark.sql.delta.commands.DeltaInsertReplaceOnOrUsingCommand.recordReplaceOnOrUsingStats(DeltaInsertReplaceOnOrUsingCommand.scala:255)
	at org.apache.spark.sql.delta.commands.DeltaInsertReplaceOnOrUsingCommand.withMaterializeRetryAndStats(DeltaInsertReplaceOnOrUsingCommand.scala:235)
	at org.apache.spark.sql.delta.commands.DeltaInsertReplaceOnOrUsingCommand.run(DeltaInsertReplaceOnOrUsingCommand.scala:62)
	at org.apache.spark.sql.execution.command.ExecutedCommandExec.sideEffectResult$lzycompute(commands.scala:79)
	at org.apache.spark.sql.execution.command.ExecutedCommandExec.sideEffectResult(commands.scala:77)
	at org.apache.spark.sql.execution.command.ExecutedCommandExec.executeCollect(commands.scala:88)
	at org.apache.spark.sql.execution.QueryExecution.$anonfun$eagerlyExecuteCommands$2(QueryExecution.scala:155)
	at org.apache.spark.sql.execution.SQLExecution$.$anonfun$withNewExecutionId0$8(SQLExecution.scala:163)
	at org.apache.spark.sql.execution.SQLExecution$.withSessionTagsApplied(SQLExecution.scala:272)
	at org.apache.spark.sql.execution.SQLExecution$.$anonfun$withNewExecutionId0$7(SQLExecution.scala:125)
	at org.apache.spark.JobArtifactSet$.withActiveJobArtifactState(JobArtifactSet.scala:94)
	at org.apache.spark.sql.artifact.ArtifactManager.$anonfun$withResources$1(ArtifactManager.scala:112)
	at org.apache.spark.sql.artifact.ArtifactManager.withClassLoaderIfNeeded(ArtifactManager.scala:106)
	at org.apache.spark.sql.artifact.ArtifactManager.withResources(ArtifactManager.scala:111)
	at org.apache.spark.sql.execution.SQLExecution$.$anonfun$withNewExecutionId0$6(SQLExecution.scala:125)
	at org.apache.spark.sql.execution.SQLExecution$.withSQLConfPropagated(SQLExecution.scala:295)
	at org.apache.spark.sql.execution.SQLExecution$.$anonfun$withNewExecutionId0$1(SQLExecution.scala:124)
	at org.apache.spark.sql.SparkSession.withActive(SparkSession.scala:804)
	at org.apache.spark.sql.execution.SQLExecution$.withNewExecutionId0(SQLExecution.scala:78)
	at org.apache.spark.sql.execution.SQLExecution$.withNewExecutionId(SQLExecution.scala:237)
	at org.apache.spark.sql.execution.QueryExecution.$anonfun$eagerlyExecuteCommands$1(QueryExecution.scala:155)
	at org.apache.spark.sql.execution.QueryExecution$.withInternalError(QueryExecution.scala:654)
	at org.apache.spark.sql.execution.QueryExecution.org$apache$spark$sql$execution$QueryExecution$$eagerlyExecute$1(QueryExecution.scala:154)
	at org.apache.spark.sql.execution.QueryExecution$$anonfun$eagerlyExecuteCommands$3.applyOrElse(QueryExecution.scala:169)
	at org.apache.spark.sql.execution.QueryExecution$$anonfun$eagerlyExecuteCommands$3.applyOrElse(QueryExecution.scala:164)
	at org.apache.spark.sql.catalyst.trees.TreeNode.$anonfun$transformDownWithPruning$1(TreeNode.scala:470)
	at org.apache.spark.sql.catalyst.trees.CurrentOrigin$.withOrigin(origin.scala:86)
	at org.apache.spark.sql.catalyst.trees.TreeNode.transformDownWithPruning(TreeNode.scala:470)
	at org.apache.spark.sql.catalyst.plans.logical.LogicalPlan.org$apache$spark$sql$catalyst$plans$logical$AnalysisHelper$$super$transformDownWithPruning(LogicalPlan.scala:37)
	at org.apache.spark.sql.catalyst.plans.logical.AnalysisHelper.transformDownWithPruning(AnalysisHelper.scala:360)
	at org.apache.spark.sql.catalyst.plans.logical.AnalysisHelper.transformDownWithPruning$(AnalysisHelper.scala:356)
	at org.apache.spark.sql.catalyst.plans.logical.LogicalPlan.transformDownWithPruning(LogicalPlan.scala:37)
	at org.apache.spark.sql.catalyst.plans.logical.LogicalPlan.transformDownWithPruning(LogicalPlan.scala:37)
	at org.apache.spark.sql.catalyst.trees.TreeNode.transformDown(TreeNode.scala:446)
	at org.apache.spark.sql.execution.QueryExecution.eagerlyExecuteCommands(QueryExecution.scala:164)
	at org.apache.spark.sql.execution.QueryExecution.$anonfun$lazyCommandExecuted$1(QueryExecution.scala:126)
	at org.apache.spark.util.Utils$.getTryWithCallerStacktrace(Utils.scala:1439)
	at org.apache.spark.util.LazyTry.get(LazyTry.scala:58)
	at org.apache.spark.sql.execution.QueryExecution.commandExecuted(QueryExecution.scala:131)
	at org.apache.spark.sql.execution.QueryExecution.assertCommandExecuted(QueryExecution.scala:192)
	at org.apache.spark.sql.classic.DataFrameWriter.runCommand(DataFrameWriter.scala:622)
	at org.apache.spark.sql.classic.DataFrameWriter.insertInto(DataFrameWriter.scala:360)
	at org.apache.spark.sql.classic.DataFrameWriter.insertInto(DataFrameWriter.scala:324)
	at org.apache.spark.sql.delta.DeltaInsertReplaceOnDFWriterV1InsertIntoSuite.writeReplaceOnDF(DeltaInsertReplaceOnDFWriterV1InsertIntoSuite.scala:55)
	at org.apache.spark.sql.delta.DeltaInsertReplaceOnDFWriterTests.$anonfun$$init$$75(DeltaInsertReplaceOnDFWriterTests.scala:801)
	at scala.runtime.java8.JFunction0$mcV$sp.apply(JFunction0$mcV$sp.scala:18)
	at org.scalatest.Assertions.intercept(Assertions.scala:749)
	... 63 more
</failure>
                    </testcase><testcase classname="org.apache.spark.sql.delta.DeltaInsertReplaceOnDFWriterV1InsertIntoSuite" name="replaceOn with unresolvable column errors" time="0.559">
                      <failure message="org.scalatest.exceptions.TestFailedException: Expected exception org.apache.spark.sql.delta.DeltaAnalysisException to be thrown, but org.apache.spark.sql.catalyst.ExtendedAnalysisException was thrown" type="sbt.ForkMain$ForkError">sbt.ForkMain$ForkError: org.scalatest.exceptions.TestFailedException: Expected exception org.apache.spark.sql.delta.DeltaAnalysisException to be thrown, but org.apache.spark.sql.catalyst.ExtendedAnalysisException was thrown
	at org.scalatest.Assertions.newAssertionFailedException(Assertions.scala:472)
	at org.scalatest.Assertions.newAssertionFailedException$(Assertions.scala:471)
	at org.scalatest.funsuite.AnyFunSuite.newAssertionFailedException(AnyFunSuite.scala:1564)
	at org.scalatest.Assertions.intercept(Assertions.scala:756)
	at org.scalatest.Assertions.intercept$(Assertions.scala:746)
	at org.scalatest.funsuite.AnyFunSuite.intercept(AnyFunSuite.scala:1564)
	at org.apache.spark.sql.delta.DeltaInsertReplaceOnDFWriterTests.$anonfun$$init$$77(DeltaInsertReplaceOnDFWriterTests.scala:826)
	at org.apache.spark.sql.delta.DeltaInsertReplaceOnDFWriterTests.$anonfun$$init$$77$adapted(DeltaInsertReplaceOnDFWriterTests.scala:818)
	at org.apache.spark.sql.test.SQLTestUtils.$anonfun$withTempDir$1(SQLTestUtils.scala:81)
	at org.apache.spark.sql.test.SQLTestUtils.$anonfun$withTempDir$1$adapted(SQLTestUtils.scala:80)
	at org.apache.spark.SparkFunSuite.withTempDir(SparkFunSuite.scala:245)
	at org.apache.spark.sql.delta.DeltaInsertReplaceOnDFWriterV1InsertIntoSuite.org$apache$spark$sql$test$SQLTestUtils$$super$withTempDir(DeltaInsertReplaceOnDFWriterV1InsertIntoSuite.scala:32)
	at org.apache.spark.sql.test.SQLTestUtils.withTempDir(SQLTestUtils.scala:80)
	at org.apache.spark.sql.test.SQLTestUtils.withTempDir$(SQLTestUtils.scala:79)
	at org.apache.spark.sql.delta.DeltaInsertReplaceOnDFWriterV1InsertIntoSuite.withTempDir(DeltaInsertReplaceOnDFWriterV1InsertIntoSuite.scala:32)
	at org.apache.spark.sql.delta.DeltaInsertReplaceOnDFWriterTests.$anonfun$$init$$76(DeltaInsertReplaceOnDFWriterTests.scala:818)
	at scala.runtime.java8.JFunction0$mcV$sp.apply(JFunction0$mcV$sp.scala:18)
	at org.scalatest.enablers.Timed$$anon$1.timeoutAfter(Timed.scala:127)
	at org.scalatest.concurrent.TimeLimits$.failAfterImpl(TimeLimits.scala:282)
	at org.scalatest.concurrent.TimeLimits.failAfter(TimeLimits.scala:231)
	at org.scalatest.concurrent.TimeLimits.failAfter$(TimeLimits.scala:230)
	at org.apache.spark.SparkFunSuite.failAfter(SparkFunSuite.scala:69)
	at org.apache.spark.SparkFunSuite.$anonfun$test$2(SparkFunSuite.scala:155)
	at org.scalatest.OutcomeOf.outcomeOf(OutcomeOf.scala:85)
	at org.scalatest.OutcomeOf.outcomeOf$(OutcomeOf.scala:83)
	at org.scalatest.OutcomeOf$.outcomeOf(OutcomeOf.scala:104)
	at org.scalatest.Transformer.apply(Transformer.scala:22)
	at org.scalatest.Transformer.apply(Transformer.scala:20)
	at org.scalatest.funsuite.AnyFunSuiteLike$$anon$1.apply(AnyFunSuiteLike.scala:226)
	at org.apache.spark.SparkFunSuite.withFixture(SparkFunSuite.scala:227)
	at org.scalatest.funsuite.AnyFunSuiteLike.invokeWithFixture$1(AnyFunSuiteLike.scala:224)
	at org.scalatest.funsuite.AnyFunSuiteLike.$anonfun$runTest$1(AnyFunSuiteLike.scala:236)
	at org.scalatest.SuperEngine.runTestImpl(Engine.scala:306)
	at org.scalatest.funsuite.AnyFunSuiteLike.runTest(AnyFunSuiteLike.scala:236)
	at org.scalatest.funsuite.AnyFunSuiteLike.runTest$(AnyFunSuiteLike.scala:218)
	at org.apache.spark.SparkFunSuite.org$scalatest$BeforeAndAfterEach$$super$runTest(SparkFunSuite.scala:69)
	at org.scalatest.BeforeAndAfterEach.runTest(BeforeAndAfterEach.scala:234)
	at org.scalatest.BeforeAndAfterEach.runTest$(BeforeAndAfterEach.scala:227)
	at org.apache.spark.SparkFunSuite.runTest(SparkFunSuite.scala:69)
	at org.scalatest.funsuite.AnyFunSuiteLike.$anonfun$runTests$1(AnyFunSuiteLike.scala:269)
	at org.scalatest.SuperEngine.$anonfun$runTestsInBranch$1(Engine.scala:413)
	at scala.collection.immutable.List.foreach(List.scala:323)
	at org.scalatest.SuperEngine.traverseSubNodes$1(Engine.scala:401)
	at org.scalatest.SuperEngine.runTestsInBranch(Engine.scala:396)
	at org.scalatest.SuperEngine.runTestsImpl(Engine.scala:475)
	at org.scalatest.funsuite.AnyFunSuiteLike.runTests(AnyFunSuiteLike.scala:269)
	at org.scalatest.funsuite.AnyFunSuiteLike.runTests$(AnyFunSuiteLike.scala:268)
	at org.scalatest.funsuite.AnyFunSuite.runTests(AnyFunSuite.scala:1564)
	at org.scalatest.Suite.run(Suite.scala:1114)
	at org.scalatest.Suite.run$(Suite.scala:1096)
	at org.scalatest.funsuite.AnyFunSuite.org$scalatest$funsuite$AnyFunSuiteLike$$super$run(AnyFunSuite.scala:1564)
	at org.scalatest.funsuite.AnyFunSuiteLike.$anonfun$run$1(AnyFunSuiteLike.scala:273)
	at org.scalatest.SuperEngine.runImpl(Engine.scala:535)
	at org.scalatest.funsuite.AnyFunSuiteLike.run(AnyFunSuiteLike.scala:273)
	at org.scalatest.funsuite.AnyFunSuiteLike.run$(AnyFunSuiteLike.scala:272)
	at org.apache.spark.SparkFunSuite.org$scalatest$BeforeAndAfterAll$$super$run(SparkFunSuite.scala:69)
	at org.scalatest.BeforeAndAfterAll.liftedTree1$1(BeforeAndAfterAll.scala:213)
	at org.scalatest.BeforeAndAfterAll.run(BeforeAndAfterAll.scala:210)
	at org.scalatest.BeforeAndAfterAll.run$(BeforeAndAfterAll.scala:208)
	at org.apache.spark.SparkFunSuite.run(SparkFunSuite.scala:69)
	at org.scalatest.tools.Framework.org$scalatest$tools$Framework$$runSuite(Framework.scala:321)
	at org.scalatest.tools.Framework$ScalaTestTask.execute(Framework.scala:517)
	at sbt.ForkMain$Run.lambda$runTest$1(ForkMain.java:414)
	at java.base/java.util.concurrent.FutureTask.run(FutureTask.java:264)
	at java.base/java.util.concurrent.ThreadPoolExecutor.runWorker(ThreadPoolExecutor.java:1136)
	at java.base/java.util.concurrent.ThreadPoolExecutor$Worker.run(ThreadPoolExecutor.java:635)
	at java.base/java.lang.Thread.run(Thread.java:840)
Caused by: sbt.ForkMain$ForkError: org.apache.spark.sql.catalyst.ExtendedAnalysisException: [UNRESOLVED_COLUMN.WITH_SUGGESTION] A column, variable, or function parameter with name `nonexistent_col` cannot be resolved. Did you mean one of the following? [`col1`, `col2`]. SQLSTATE: 42703; line 1 pos 0;
'DeltaDelete exists#29186 []
:  +- 'Project [1 AS __dummy_name_for_a_constant#29185]
:     +- 'Filter ('nonexistent_col = 1)
:        +- LogicalRDD [col1#29176, col2#29177], false
+- Relation [col1#29187,col2#29188] parquet

	at org.apache.spark.sql.errors.QueryCompilationErrors$.unresolvedAttributeError(QueryCompilationErrors.scala:401)
	at org.apache.spark.sql.catalyst.analysis.CheckAnalysis.org$apache$spark$sql$catalyst$analysis$CheckAnalysis$$failUnresolvedAttribute(CheckAnalysis.scala:169)
	at org.apache.spark.sql.catalyst.analysis.CheckAnalysis.$anonfun$checkAnalysis0$7(CheckAnalysis.scala:404)
	at org.apache.spark.sql.catalyst.analysis.CheckAnalysis.$anonfun$checkAnalysis0$7$adapted(CheckAnalysis.scala:402)
	at org.apache.spark.sql.catalyst.trees.TreeNode.foreachUp(TreeNode.scala:252)
	at org.apache.spark.sql.catalyst.trees.TreeNode.$anonfun$foreachUp$1(TreeNode.scala:251)
	at org.apache.spark.sql.catalyst.trees.TreeNode.$anonfun$foreachUp$1$adapted(TreeNode.scala:251)
	at scala.collection.immutable.Vector.foreach(Vector.scala:2125)
	at org.apache.spark.sql.catalyst.trees.TreeNode.foreachUp(TreeNode.scala:251)
	at org.apache.spark.sql.catalyst.analysis.CheckAnalysis.$anonfun$checkAnalysis0$6(CheckAnalysis.scala:402)
	at org.apache.spark.sql.catalyst.analysis.CheckAnalysis.$anonfun$checkAnalysis0$6$adapted(CheckAnalysis.scala:402)
	at scala.collection.immutable.List.foreach(List.scala:323)
	at org.apache.spark.sql.catalyst.analysis.CheckAnalysis.$anonfun$checkAnalysis0$2(CheckAnalysis.scala:402)
	at org.apache.spark.sql.catalyst.analysis.CheckAnalysis.$anonfun$checkAnalysis0$2$adapted(CheckAnalysis.scala:284)
	at org.apache.spark.sql.catalyst.trees.TreeNode.foreachUp(TreeNode.scala:252)
	at org.apache.spark.sql.catalyst.trees.TreeNode.$anonfun$foreachUp$1(TreeNode.scala:251)
	at org.apache.spark.sql.catalyst.trees.TreeNode.$anonfun$foreachUp$1$adapted(TreeNode.scala:251)
	at scala.collection.immutable.Vector.foreach(Vector.scala:2125)
	at org.apache.spark.sql.catalyst.trees.TreeNode.foreachUp(TreeNode.scala:251)
	at org.apache.spark.sql.catalyst.analysis.CheckAnalysis.checkAnalysis0(CheckAnalysis.scala:284)
	at org.apache.spark.sql.catalyst.analysis.CheckAnalysis.checkAnalysis0$(CheckAnalysis.scala:255)
	at org.apache.spark.sql.catalyst.analysis.Analyzer.checkAnalysis0(Analyzer.scala:299)
	at org.apache.spark.sql.catalyst.analysis.CheckAnalysis.checkSubqueryExpression(CheckAnalysis.scala:1048)
	at org.apache.spark.sql.catalyst.analysis.CheckAnalysis.checkSubqueryExpression$(CheckAnalysis.scala:1043)
	at org.apache.spark.sql.catalyst.analysis.Analyzer.checkSubqueryExpression(Analyzer.scala:299)
	at org.apache.spark.sql.catalyst.analysis.CheckAnalysis.$anonfun$checkAnalysis0$7(CheckAnalysis.scala:508)
	at org.apache.spark.sql.catalyst.analysis.CheckAnalysis.$anonfun$checkAnalysis0$7$adapted(CheckAnalysis.scala:402)
	at org.apache.spark.sql.catalyst.trees.TreeNode.foreachUp(TreeNode.scala:252)
	at org.apache.spark.sql.catalyst.analysis.CheckAnalysis.$anonfun$checkAnalysis0$6(CheckAnalysis.scala:402)
	at org.apache.spark.sql.catalyst.analysis.CheckAnalysis.$anonfun$checkAnalysis0$6$adapted(CheckAnalysis.scala:402)
	at scala.collection.immutable.List.foreach(List.scala:323)
	at org.apache.spark.sql.catalyst.analysis.CheckAnalysis.$anonfun$checkAnalysis0$2(CheckAnalysis.scala:402)
	at org.apache.spark.sql.catalyst.analysis.CheckAnalysis.$anonfun$checkAnalysis0$2$adapted(CheckAnalysis.scala:284)
	at org.apache.spark.sql.catalyst.trees.TreeNode.foreachUp(TreeNode.scala:252)
	at org.apache.spark.sql.catalyst.analysis.CheckAnalysis.checkAnalysis0(CheckAnalysis.scala:284)
	at org.apache.spark.sql.catalyst.analysis.CheckAnalysis.checkAnalysis0$(CheckAnalysis.scala:255)
	at org.apache.spark.sql.catalyst.analysis.Analyzer.checkAnalysis0(Analyzer.scala:299)
	at org.apache.spark.sql.catalyst.analysis.CheckAnalysis.checkAnalysis(CheckAnalysis.scala:244)
	at org.apache.spark.sql.catalyst.analysis.CheckAnalysis.checkAnalysis$(CheckAnalysis.scala:231)
	at org.apache.spark.sql.catalyst.analysis.Analyzer.checkAnalysis(Analyzer.scala:299)
	at org.apache.spark.sql.delta.commands.WriteIntoDelta.removeFiles(WriteIntoDelta.scala:429)
	at org.apache.spark.sql.delta.commands.WriteIntoDelta.writeAndReturnCommitData(WriteIntoDelta.scala:289)
	at org.apache.spark.sql.delta.commands.WriteIntoDelta.$anonfun$run$1(WriteIntoDelta.scala:112)
	at org.apache.spark.sql.delta.DeltaLog.withNewTransaction(DeltaLog.scala:264)
	at org.apache.spark.sql.delta.commands.WriteIntoDelta.run(WriteIntoDelta.scala:107)
	at org.apache.spark.sql.delta.commands.DeltaInsertReplaceOnOrUsingCommand.$anonfun$run$1(DeltaInsertReplaceOnOrUsingCommand.scala:63)
	at org.apache.spark.sql.delta.commands.DeltaInsertReplaceOnOrUsingCommand.$anonfun$withMaterializeRetryAndStats$2(DeltaInsertReplaceOnOrUsingCommand.scala:242)
	at org.apache.spark.sql.delta.commands.merge.MergeIntoMaterializeSource.runWithMaterializedSourceLostRetries(MergeIntoMaterializeSource.scala:130)
	at org.apache.spark.sql.delta.commands.merge.MergeIntoMaterializeSource.runWithMaterializedSourceLostRetries$(MergeIntoMaterializeSource.scala:118)
	at org.apache.spark.sql.delta.commands.DeltaInsertReplaceOnOrUsingCommand.runWithMaterializedSourceLostRetries(DeltaInsertReplaceOnOrUsingCommand.scala:44)
	at org.apache.spark.sql.delta.commands.DeltaInsertReplaceOnOrUsingCommand.executeWithRetry(DeltaInsertReplaceOnOrUsingCommand.scala:228)
	at org.apache.spark.sql.delta.commands.DeltaInsertReplaceOnOrUsingCommand.$anonfun$withMaterializeRetryAndStats$1(DeltaInsertReplaceOnOrUsingCommand.scala:239)
	at org.apache.spark.sql.delta.commands.DeltaInsertReplaceOnOrUsingCommand.recordReplaceOnOrUsingStats(DeltaInsertReplaceOnOrUsingCommand.scala:255)
	at org.apache.spark.sql.delta.commands.DeltaInsertReplaceOnOrUsingCommand.withMaterializeRetryAndStats(DeltaInsertReplaceOnOrUsingCommand.scala:235)
	at org.apache.spark.sql.delta.commands.DeltaInsertReplaceOnOrUsingCommand.run(DeltaInsertReplaceOnOrUsingCommand.scala:62)
	at org.apache.spark.sql.execution.command.ExecutedCommandExec.sideEffectResult$lzycompute(commands.scala:79)
	at org.apache.spark.sql.execution.command.ExecutedCommandExec.sideEffectResult(commands.scala:77)
	at org.apache.spark.sql.execution.command.ExecutedCommandExec.executeCollect(commands.scala:88)
	at org.apache.spark.sql.execution.QueryExecution.$anonfun$eagerlyExecuteCommands$2(QueryExecution.scala:155)
	at org.apache.spark.sql.execution.SQLExecution$.$anonfun$withNewExecutionId0$8(SQLExecution.scala:163)
	at org.apache.spark.sql.execution.SQLExecution$.withSessionTagsApplied(SQLExecution.scala:272)
	at org.apache.spark.sql.execution.SQLExecution$.$anonfun$withNewExecutionId0$7(SQLExecution.scala:125)
	at org.apache.spark.JobArtifactSet$.withActiveJobArtifactState(JobArtifactSet.scala:94)
	at org.apache.spark.sql.artifact.ArtifactManager.$anonfun$withResources$1(ArtifactManager.scala:112)
	at org.apache.spark.sql.artifact.ArtifactManager.withClassLoaderIfNeeded(ArtifactManager.scala:106)
	at org.apache.spark.sql.artifact.ArtifactManager.withResources(ArtifactManager.scala:111)
	at org.apache.spark.sql.execution.SQLExecution$.$anonfun$withNewExecutionId0$6(SQLExecution.scala:125)
	at org.apache.spark.sql.execution.SQLExecution$.withSQLConfPropagated(SQLExecution.scala:295)
	at org.apache.spark.sql.execution.SQLExecution$.$anonfun$withNewExecutionId0$1(SQLExecution.scala:124)
	at org.apache.spark.sql.SparkSession.withActive(SparkSession.scala:804)
	at org.apache.spark.sql.execution.SQLExecution$.withNewExecutionId0(SQLExecution.scala:78)
	at org.apache.spark.sql.execution.SQLExecution$.withNewExecutionId(SQLExecution.scala:237)
	at org.apache.spark.sql.execution.QueryExecution.$anonfun$eagerlyExecuteCommands$1(QueryExecution.scala:155)
	at org.apache.spark.sql.execution.QueryExecution$.withInternalError(QueryExecution.scala:654)
	at org.apache.spark.sql.execution.QueryExecution.org$apache$spark$sql$execution$QueryExecution$$eagerlyExecute$1(QueryExecution.scala:154)
	at org.apache.spark.sql.execution.QueryExecution$$anonfun$eagerlyExecuteCommands$3.applyOrElse(QueryExecution.scala:169)
	at org.apache.spark.sql.execution.QueryExecution$$anonfun$eagerlyExecuteCommands$3.applyOrElse(QueryExecution.scala:164)
	at org.apache.spark.sql.catalyst.trees.TreeNode.$anonfun$transformDownWithPruning$1(TreeNode.scala:470)
	at org.apache.spark.sql.catalyst.trees.CurrentOrigin$.withOrigin(origin.scala:86)
	at org.apache.spark.sql.catalyst.trees.TreeNode.transformDownWithPruning(TreeNode.scala:470)
	at org.apache.spark.sql.catalyst.plans.logical.LogicalPlan.org$apache$spark$sql$catalyst$plans$logical$AnalysisHelper$$super$transformDownWithPruning(LogicalPlan.scala:37)
	at org.apache.spark.sql.catalyst.plans.logical.AnalysisHelper.transformDownWithPruning(AnalysisHelper.scala:360)
	at org.apache.spark.sql.catalyst.plans.logical.AnalysisHelper.transformDownWithPruning$(AnalysisHelper.scala:356)
	at org.apache.spark.sql.catalyst.plans.logical.LogicalPlan.transformDownWithPruning(LogicalPlan.scala:37)
	at org.apache.spark.sql.catalyst.plans.logical.LogicalPlan.transformDownWithPruning(LogicalPlan.scala:37)
	at org.apache.spark.sql.catalyst.trees.TreeNode.transformDown(TreeNode.scala:446)
	at org.apache.spark.sql.execution.QueryExecution.eagerlyExecuteCommands(QueryExecution.scala:164)
	at org.apache.spark.sql.execution.QueryExecution.$anonfun$lazyCommandExecuted$1(QueryExecution.scala:126)
	at scala.util.Try$.apply(Try.scala:217)
	at org.apache.spark.util.Utils$.doTryWithCallerStacktrace(Utils.scala:1378)
	at org.apache.spark.util.Utils$.getTryWithCallerStacktrace(Utils.scala:1439)
	at org.apache.spark.util.LazyTry.get(LazyTry.scala:58)
	at org.apache.spark.sql.execution.QueryExecution.commandExecuted(QueryExecution.scala:131)
	at org.apache.spark.sql.execution.QueryExecution.assertCommandExecuted(QueryExecution.scala:192)
	at org.apache.spark.sql.classic.DataFrameWriter.runCommand(DataFrameWriter.scala:622)
	at org.apache.spark.sql.classic.DataFrameWriter.insertInto(DataFrameWriter.scala:360)
	at org.apache.spark.sql.classic.DataFrameWriter.insertInto(DataFrameWriter.scala:324)
	at org.apache.spark.sql.delta.DeltaInsertReplaceOnDFWriterV1InsertIntoSuite.writeReplaceOnDF(DeltaInsertReplaceOnDFWriterV1InsertIntoSuite.scala:55)
	at org.apache.spark.sql.delta.DeltaInsertReplaceOnDFWriterTests.$anonfun$$init$$78(DeltaInsertReplaceOnDFWriterTests.scala:827)
	at scala.runtime.java8.JFunction0$mcV$sp.apply(JFunction0$mcV$sp.scala:18)
	at org.scalatest.Assertions.intercept(Assertions.scala:749)
	... 63 more
</failure>
                    </testcase><testcase classname="org.apache.spark.sql.delta.DeltaInsertReplaceOnDFWriterV1InsertIntoSuite" name="replaceOn condition uses aliases for both sides but user forgot targetAlias option" time="0.527">
                      <failure message="org.scalatest.exceptions.TestFailedException: Expected exception org.apache.spark.sql.delta.DeltaAnalysisException to be thrown, but org.apache.spark.sql.catalyst.ExtendedAnalysisException was thrown" type="sbt.ForkMain$ForkError">sbt.ForkMain$ForkError: org.scalatest.exceptions.TestFailedException: Expected exception org.apache.spark.sql.delta.DeltaAnalysisException to be thrown, but org.apache.spark.sql.catalyst.ExtendedAnalysisException was thrown
	at org.scalatest.Assertions.newAssertionFailedException(Assertions.scala:472)
	at org.scalatest.Assertions.newAssertionFailedException$(Assertions.scala:471)
	at org.scalatest.funsuite.AnyFunSuite.newAssertionFailedException(AnyFunSuite.scala:1564)
	at org.scalatest.Assertions.intercept(Assertions.scala:756)
	at org.scalatest.Assertions.intercept$(Assertions.scala:746)
	at org.scalatest.funsuite.AnyFunSuite.intercept(AnyFunSuite.scala:1564)
	at org.apache.spark.sql.delta.DeltaInsertReplaceOnDFWriterTests.$anonfun$$init$$80(DeltaInsertReplaceOnDFWriterTests.scala:849)
	at org.apache.spark.sql.delta.DeltaInsertReplaceOnDFWriterTests.$anonfun$$init$$80$adapted(DeltaInsertReplaceOnDFWriterTests.scala:841)
	at org.apache.spark.sql.test.SQLTestUtils.$anonfun$withTempDir$1(SQLTestUtils.scala:81)
	at org.apache.spark.sql.test.SQLTestUtils.$anonfun$withTempDir$1$adapted(SQLTestUtils.scala:80)
	at org.apache.spark.SparkFunSuite.withTempDir(SparkFunSuite.scala:245)
	at org.apache.spark.sql.delta.DeltaInsertReplaceOnDFWriterV1InsertIntoSuite.org$apache$spark$sql$test$SQLTestUtils$$super$withTempDir(DeltaInsertReplaceOnDFWriterV1InsertIntoSuite.scala:32)
	at org.apache.spark.sql.test.SQLTestUtils.withTempDir(SQLTestUtils.scala:80)
	at org.apache.spark.sql.test.SQLTestUtils.withTempDir$(SQLTestUtils.scala:79)
	at org.apache.spark.sql.delta.DeltaInsertReplaceOnDFWriterV1InsertIntoSuite.withTempDir(DeltaInsertReplaceOnDFWriterV1InsertIntoSuite.scala:32)
	at org.apache.spark.sql.delta.DeltaInsertReplaceOnDFWriterTests.$anonfun$$init$$79(DeltaInsertReplaceOnDFWriterTests.scala:841)
	at scala.runtime.java8.JFunction0$mcV$sp.apply(JFunction0$mcV$sp.scala:18)
	at org.scalatest.enablers.Timed$$anon$1.timeoutAfter(Timed.scala:127)
	at org.scalatest.concurrent.TimeLimits$.failAfterImpl(TimeLimits.scala:282)
	at org.scalatest.concurrent.TimeLimits.failAfter(TimeLimits.scala:231)
	at org.scalatest.concurrent.TimeLimits.failAfter$(TimeLimits.scala:230)
	at org.apache.spark.SparkFunSuite.failAfter(SparkFunSuite.scala:69)
	at org.apache.spark.SparkFunSuite.$anonfun$test$2(SparkFunSuite.scala:155)
	at org.scalatest.OutcomeOf.outcomeOf(OutcomeOf.scala:85)
	at org.scalatest.OutcomeOf.outcomeOf$(OutcomeOf.scala:83)
	at org.scalatest.OutcomeOf$.outcomeOf(OutcomeOf.scala:104)
	at org.scalatest.Transformer.apply(Transformer.scala:22)
	at org.scalatest.Transformer.apply(Transformer.scala:20)
	at org.scalatest.funsuite.AnyFunSuiteLike$$anon$1.apply(AnyFunSuiteLike.scala:226)
	at org.apache.spark.SparkFunSuite.withFixture(SparkFunSuite.scala:227)
	at org.scalatest.funsuite.AnyFunSuiteLike.invokeWithFixture$1(AnyFunSuiteLike.scala:224)
	at org.scalatest.funsuite.AnyFunSuiteLike.$anonfun$runTest$1(AnyFunSuiteLike.scala:236)
	at org.scalatest.SuperEngine.runTestImpl(Engine.scala:306)
	at org.scalatest.funsuite.AnyFunSuiteLike.runTest(AnyFunSuiteLike.scala:236)
	at org.scalatest.funsuite.AnyFunSuiteLike.runTest$(AnyFunSuiteLike.scala:218)
	at org.apache.spark.SparkFunSuite.org$scalatest$BeforeAndAfterEach$$super$runTest(SparkFunSuite.scala:69)
	at org.scalatest.BeforeAndAfterEach.runTest(BeforeAndAfterEach.scala:234)
	at org.scalatest.BeforeAndAfterEach.runTest$(BeforeAndAfterEach.scala:227)
	at org.apache.spark.SparkFunSuite.runTest(SparkFunSuite.scala:69)
	at org.scalatest.funsuite.AnyFunSuiteLike.$anonfun$runTests$1(AnyFunSuiteLike.scala:269)
	at org.scalatest.SuperEngine.$anonfun$runTestsInBranch$1(Engine.scala:413)
	at scala.collection.immutable.List.foreach(List.scala:323)
	at org.scalatest.SuperEngine.traverseSubNodes$1(Engine.scala:401)
	at org.scalatest.SuperEngine.runTestsInBranch(Engine.scala:396)
	at org.scalatest.SuperEngine.runTestsImpl(Engine.scala:475)
	at org.scalatest.funsuite.AnyFunSuiteLike.runTests(AnyFunSuiteLike.scala:269)
	at org.scalatest.funsuite.AnyFunSuiteLike.runTests$(AnyFunSuiteLike.scala:268)
	at org.scalatest.funsuite.AnyFunSuite.runTests(AnyFunSuite.scala:1564)
	at org.scalatest.Suite.run(Suite.scala:1114)
	at org.scalatest.Suite.run$(Suite.scala:1096)
	at org.scalatest.funsuite.AnyFunSuite.org$scalatest$funsuite$AnyFunSuiteLike$$super$run(AnyFunSuite.scala:1564)
	at org.scalatest.funsuite.AnyFunSuiteLike.$anonfun$run$1(AnyFunSuiteLike.scala:273)
	at org.scalatest.SuperEngine.runImpl(Engine.scala:535)
	at org.scalatest.funsuite.AnyFunSuiteLike.run(AnyFunSuiteLike.scala:273)
	at org.scalatest.funsuite.AnyFunSuiteLike.run$(AnyFunSuiteLike.scala:272)
	at org.apache.spark.SparkFunSuite.org$scalatest$BeforeAndAfterAll$$super$run(SparkFunSuite.scala:69)
	at org.scalatest.BeforeAndAfterAll.liftedTree1$1(BeforeAndAfterAll.scala:213)
	at org.scalatest.BeforeAndAfterAll.run(BeforeAndAfterAll.scala:210)
	at org.scalatest.BeforeAndAfterAll.run$(BeforeAndAfterAll.scala:208)
	at org.apache.spark.SparkFunSuite.run(SparkFunSuite.scala:69)
	at org.scalatest.tools.Framework.org$scalatest$tools$Framework$$runSuite(Framework.scala:321)
	at org.scalatest.tools.Framework$ScalaTestTask.execute(Framework.scala:517)
	at sbt.ForkMain$Run.lambda$runTest$1(ForkMain.java:414)
	at java.base/java.util.concurrent.FutureTask.run(FutureTask.java:264)
	at java.base/java.util.concurrent.ThreadPoolExecutor.runWorker(ThreadPoolExecutor.java:1136)
	at java.base/java.util.concurrent.ThreadPoolExecutor$Worker.run(ThreadPoolExecutor.java:635)
	at java.base/java.lang.Thread.run(Thread.java:840)
Caused by: sbt.ForkMain$ForkError: org.apache.spark.sql.catalyst.ExtendedAnalysisException: [UNRESOLVED_COLUMN.WITH_SUGGESTION] A column, variable, or function parameter with name `t`.`col1` cannot be resolved. Did you mean one of the following? [`s`.`col1`, `s`.`data`]. SQLSTATE: 42703; line 1 pos 0;
'DeltaDelete exists#29695 []
:  +- 'Project [1 AS __dummy_name_for_a_constant#29694]
:     +- 'Filter ('t.col1 = col1#29685)
:        +- LogicalRDD [col1#29685, data#29686], false
+- Relation [col1#29696,data#29697] parquet

	at org.apache.spark.sql.errors.QueryCompilationErrors$.unresolvedAttributeError(QueryCompilationErrors.scala:401)
	at org.apache.spark.sql.catalyst.analysis.CheckAnalysis.org$apache$spark$sql$catalyst$analysis$CheckAnalysis$$failUnresolvedAttribute(CheckAnalysis.scala:169)
	at org.apache.spark.sql.catalyst.analysis.CheckAnalysis.$anonfun$checkAnalysis0$7(CheckAnalysis.scala:404)
	at org.apache.spark.sql.catalyst.analysis.CheckAnalysis.$anonfun$checkAnalysis0$7$adapted(CheckAnalysis.scala:402)
	at org.apache.spark.sql.catalyst.trees.TreeNode.foreachUp(TreeNode.scala:252)
	at org.apache.spark.sql.catalyst.trees.TreeNode.$anonfun$foreachUp$1(TreeNode.scala:251)
	at org.apache.spark.sql.catalyst.trees.TreeNode.$anonfun$foreachUp$1$adapted(TreeNode.scala:251)
	at scala.collection.immutable.Vector.foreach(Vector.scala:2125)
	at org.apache.spark.sql.catalyst.trees.TreeNode.foreachUp(TreeNode.scala:251)
	at org.apache.spark.sql.catalyst.analysis.CheckAnalysis.$anonfun$checkAnalysis0$6(CheckAnalysis.scala:402)
	at org.apache.spark.sql.catalyst.analysis.CheckAnalysis.$anonfun$checkAnalysis0$6$adapted(CheckAnalysis.scala:402)
	at scala.collection.immutable.List.foreach(List.scala:323)
	at org.apache.spark.sql.catalyst.analysis.CheckAnalysis.$anonfun$checkAnalysis0$2(CheckAnalysis.scala:402)
	at org.apache.spark.sql.catalyst.analysis.CheckAnalysis.$anonfun$checkAnalysis0$2$adapted(CheckAnalysis.scala:284)
	at org.apache.spark.sql.catalyst.trees.TreeNode.foreachUp(TreeNode.scala:252)
	at org.apache.spark.sql.catalyst.trees.TreeNode.$anonfun$foreachUp$1(TreeNode.scala:251)
	at org.apache.spark.sql.catalyst.trees.TreeNode.$anonfun$foreachUp$1$adapted(TreeNode.scala:251)
	at scala.collection.immutable.Vector.foreach(Vector.scala:2125)
	at org.apache.spark.sql.catalyst.trees.TreeNode.foreachUp(TreeNode.scala:251)
	at org.apache.spark.sql.catalyst.analysis.CheckAnalysis.checkAnalysis0(CheckAnalysis.scala:284)
	at org.apache.spark.sql.catalyst.analysis.CheckAnalysis.checkAnalysis0$(CheckAnalysis.scala:255)
	at org.apache.spark.sql.catalyst.analysis.Analyzer.checkAnalysis0(Analyzer.scala:299)
	at org.apache.spark.sql.catalyst.analysis.CheckAnalysis.checkSubqueryExpression(CheckAnalysis.scala:1048)
	at org.apache.spark.sql.catalyst.analysis.CheckAnalysis.checkSubqueryExpression$(CheckAnalysis.scala:1043)
	at org.apache.spark.sql.catalyst.analysis.Analyzer.checkSubqueryExpression(Analyzer.scala:299)
	at org.apache.spark.sql.catalyst.analysis.CheckAnalysis.$anonfun$checkAnalysis0$7(CheckAnalysis.scala:508)
	at org.apache.spark.sql.catalyst.analysis.CheckAnalysis.$anonfun$checkAnalysis0$7$adapted(CheckAnalysis.scala:402)
	at org.apache.spark.sql.catalyst.trees.TreeNode.foreachUp(TreeNode.scala:252)
	at org.apache.spark.sql.catalyst.analysis.CheckAnalysis.$anonfun$checkAnalysis0$6(CheckAnalysis.scala:402)
	at org.apache.spark.sql.catalyst.analysis.CheckAnalysis.$anonfun$checkAnalysis0$6$adapted(CheckAnalysis.scala:402)
	at scala.collection.immutable.List.foreach(List.scala:323)
	at org.apache.spark.sql.catalyst.analysis.CheckAnalysis.$anonfun$checkAnalysis0$2(CheckAnalysis.scala:402)
	at org.apache.spark.sql.catalyst.analysis.CheckAnalysis.$anonfun$checkAnalysis0$2$adapted(CheckAnalysis.scala:284)
	at org.apache.spark.sql.catalyst.trees.TreeNode.foreachUp(TreeNode.scala:252)
	at org.apache.spark.sql.catalyst.analysis.CheckAnalysis.checkAnalysis0(CheckAnalysis.scala:284)
	at org.apache.spark.sql.catalyst.analysis.CheckAnalysis.checkAnalysis0$(CheckAnalysis.scala:255)
	at org.apache.spark.sql.catalyst.analysis.Analyzer.checkAnalysis0(Analyzer.scala:299)
	at org.apache.spark.sql.catalyst.analysis.CheckAnalysis.checkAnalysis(CheckAnalysis.scala:244)
	at org.apache.spark.sql.catalyst.analysis.CheckAnalysis.checkAnalysis$(CheckAnalysis.scala:231)
	at org.apache.spark.sql.catalyst.analysis.Analyzer.checkAnalysis(Analyzer.scala:299)
	at org.apache.spark.sql.delta.commands.WriteIntoDelta.removeFiles(WriteIntoDelta.scala:429)
	at org.apache.spark.sql.delta.commands.WriteIntoDelta.writeAndReturnCommitData(WriteIntoDelta.scala:289)
	at org.apache.spark.sql.delta.commands.WriteIntoDelta.$anonfun$run$1(WriteIntoDelta.scala:112)
	at org.apache.spark.sql.delta.DeltaLog.withNewTransaction(DeltaLog.scala:264)
	at org.apache.spark.sql.delta.commands.WriteIntoDelta.run(WriteIntoDelta.scala:107)
	at org.apache.spark.sql.delta.commands.DeltaInsertReplaceOnOrUsingCommand.$anonfun$run$1(DeltaInsertReplaceOnOrUsingCommand.scala:63)
	at org.apache.spark.sql.delta.commands.DeltaInsertReplaceOnOrUsingCommand.$anonfun$withMaterializeRetryAndStats$2(DeltaInsertReplaceOnOrUsingCommand.scala:242)
	at org.apache.spark.sql.delta.commands.merge.MergeIntoMaterializeSource.runWithMaterializedSourceLostRetries(MergeIntoMaterializeSource.scala:130)
	at org.apache.spark.sql.delta.commands.merge.MergeIntoMaterializeSource.runWithMaterializedSourceLostRetries$(MergeIntoMaterializeSource.scala:118)
	at org.apache.spark.sql.delta.commands.DeltaInsertReplaceOnOrUsingCommand.runWithMaterializedSourceLostRetries(DeltaInsertReplaceOnOrUsingCommand.scala:44)
	at org.apache.spark.sql.delta.commands.DeltaInsertReplaceOnOrUsingCommand.executeWithRetry(DeltaInsertReplaceOnOrUsingCommand.scala:228)
	at org.apache.spark.sql.delta.commands.DeltaInsertReplaceOnOrUsingCommand.$anonfun$withMaterializeRetryAndStats$1(DeltaInsertReplaceOnOrUsingCommand.scala:239)
	at org.apache.spark.sql.delta.commands.DeltaInsertReplaceOnOrUsingCommand.recordReplaceOnOrUsingStats(DeltaInsertReplaceOnOrUsingCommand.scala:255)
	at org.apache.spark.sql.delta.commands.DeltaInsertReplaceOnOrUsingCommand.withMaterializeRetryAndStats(DeltaInsertReplaceOnOrUsingCommand.scala:235)
[...]
                      <failure message="org.scalatest.exceptions.TestFailedException: stats.materializeSourceAttempts.isDefined was false stats:
InsertReplaceOnOrUsingStats(DFv1InsertInto,Some(materializeNonDeterministicSourceNonDelta),None,0,(t.id = s.id),None,0,0,706,None,None,None,None,None,None,None,None,None)" type="sbt.ForkMain$ForkError">sbt.ForkMain$ForkError: org.scalatest.exceptions.TestFailedException: stats.materializeSourceAttempts.isDefined was false stats:
InsertReplaceOnOrUsingStats(DFv1InsertInto,Some(materializeNonDeterministicSourceNonDelta),None,0,(t.id = s.id),None,0,0,706,None,None,None,None,None,None,None,None,None)
	at org.scalatest.Assertions.newAssertionFailedException(Assertions.scala:472)
	at org.scalatest.Assertions.newAssertionFailedException$(Assertions.scala:471)
	at org.scalatest.Assertions$.newAssertionFailedException(Assertions.scala:1231)
	at org.scalatest.Assertions$AssertionsHelper.macroAssert(Assertions.scala:1295)
	at org.apache.spark.sql.delta.DeltaInsertReplaceOnDFWriterTests.$anonfun$$init$$142(DeltaInsertReplaceOnDFWriterTests.scala:1396)
	at scala.runtime.java8.JFunction0$mcV$sp.apply(JFunction0$mcV$sp.scala:18)
	at org.apache.spark.util.SparkErrorUtils.tryWithSafeFinally(SparkErrorUtils.scala:80)
	at org.apache.spark.util.SparkErrorUtils.tryWithSafeFinally$(SparkErrorUtils.scala:77)
	at org.apache.spark.util.Utils$.tryWithSafeFinally(Utils.scala:99)
	at org.apache.spark.sql.test.SQLTestUtilsBase.withView(SQLTestUtils.scala:323)
	at org.apache.spark.sql.test.SQLTestUtilsBase.withView$(SQLTestUtils.scala:321)
	at org.apache.spark.sql.delta.DeltaInsertReplaceOnDFWriterV1InsertIntoSuite.withView(DeltaInsertReplaceOnDFWriterV1InsertIntoSuite.scala:32)
	at org.apache.spark.sql.delta.DeltaInsertReplaceOnDFWriterTests.$anonfun$$init$$141(DeltaInsertReplaceOnDFWriterTests.scala:1388)
	at org.apache.spark.sql.delta.DeltaInsertReplaceOnDFWriterTests.$anonfun$$init$$141$adapted(DeltaInsertReplaceOnDFWriterTests.scala:1387)
	at org.apache.spark.sql.test.SQLTestUtils.$anonfun$withTempDir$1(SQLTestUtils.scala:81)
	at org.apache.spark.sql.test.SQLTestUtils.$anonfun$withTempDir$1$adapted(SQLTestUtils.scala:80)
	at org.apache.spark.SparkFunSuite.withTempDir(SparkFunSuite.scala:245)
	at org.apache.spark.sql.delta.DeltaInsertReplaceOnDFWriterV1InsertIntoSuite.org$apache$spark$sql$test$SQLTestUtils$$super$withTempDir(DeltaInsertReplaceOnDFWriterV1InsertIntoSuite.scala:32)
	at org.apache.spark.sql.test.SQLTestUtils.withTempDir(SQLTestUtils.scala:80)
	at org.apache.spark.sql.test.SQLTestUtils.withTempDir$(SQLTestUtils.scala:79)
	at org.apache.spark.sql.delta.DeltaInsertReplaceOnDFWriterV1InsertIntoSuite.withTempDir(DeltaInsertReplaceOnDFWriterV1InsertIntoSuite.scala:32)
	at org.apache.spark.sql.delta.DeltaInsertReplaceOnDFWriterTests.$anonfun$$init$$140(DeltaInsertReplaceOnDFWriterTests.scala:1387)
	at scala.runtime.java8.JFunction0$mcV$sp.apply(JFunction0$mcV$sp.scala:18)
	at org.scalatest.enablers.Timed$$anon$1.timeoutAfter(Timed.scala:127)
	at org.scalatest.concurrent.TimeLimits$.failAfterImpl(TimeLimits.scala:282)
	at org.scalatest.concurrent.TimeLimits.failAfter(TimeLimits.scala:231)
	at org.scalatest.concurrent.TimeLimits.failAfter$(TimeLimits.scala:230)
	at org.apache.spark.SparkFunSuite.failAfter(SparkFunSuite.scala:69)
	at org.apache.spark.SparkFunSuite.$anonfun$test$2(SparkFunSuite.scala:155)
	at org.scalatest.OutcomeOf.outcomeOf(OutcomeOf.scala:85)
	at org.scalatest.OutcomeOf.outcomeOf$(OutcomeOf.scala:83)
	at org.scalatest.OutcomeOf$.outcomeOf(OutcomeOf.scala:104)
	at org.scalatest.Transformer.apply(Transformer.scala:22)
	at org.scalatest.Transformer.apply(Transformer.scala:20)
	at org.scalatest.funsuite.AnyFunSuiteLike$$anon$1.apply(AnyFunSuiteLike.scala:226)
	at org.apache.spark.SparkFunSuite.withFixture(SparkFunSuite.scala:227)
	at org.scalatest.funsuite.AnyFunSuiteLike.invokeWithFixture$1(AnyFunSuiteLike.scala:224)
	at org.scalatest.funsuite.AnyFunSuiteLike.$anonfun$runTest$1(AnyFunSuiteLike.scala:236)
	at org.scalatest.SuperEngine.runTestImpl(Engine.scala:306)
	at org.scalatest.funsuite.AnyFunSuiteLike.runTest(AnyFunSuiteLike.scala:236)
	at org.scalatest.funsuite.AnyFunSuiteLike.runTest$(AnyFunSuiteLike.scala:218)
	at org.apache.spark.SparkFunSuite.org$scalatest$BeforeAndAfterEach$$super$runTest(SparkFunSuite.scala:69)
	at org.scalatest.BeforeAndAfterEach.runTest(BeforeAndAfterEach.scala:234)
	at org.scalatest.BeforeAndAfterEach.runTest$(BeforeAndAfterEach.scala:227)
	at org.apache.spark.SparkFunSuite.runTest(SparkFunSuite.scala:69)
	at org.scalatest.funsuite.AnyFunSuiteLike.$anonfun$runTests$1(AnyFunSuiteLike.scala:269)
	at org.scalatest.SuperEngine.$anonfun$runTestsInBranch$1(Engine.scala:413)
	at scala.collection.immutable.List.foreach(List.scala:323)
	at org.scalatest.SuperEngine.traverseSubNodes$1(Engine.scala:401)
	at org.scalatest.SuperEngine.runTestsInBranch(Engine.scala:396)
	at org.scalatest.SuperEngine.runTestsImpl(Engine.scala:475)
	at org.scalatest.funsuite.AnyFunSuiteLike.runTests(AnyFunSuiteLike.scala:269)
	at org.scalatest.funsuite.AnyFunSuiteLike.runTests$(AnyFunSuiteLike.scala:268)
	at org.scalatest.funsuite.AnyFunSuite.runTests(AnyFunSuite.scala:1564)
	at org.scalatest.Suite.run(Suite.scala:1114)
	at org.scalatest.Suite.run$(Suite.scala:1096)
	at org.scalatest.funsuite.AnyFunSuite.org$scalatest$funsuite$AnyFunSuiteLike$$super$run(AnyFunSuite.scala:1564)
	at org.scalatest.funsuite.AnyFunSuiteLike.$anonfun$run$1(AnyFunSuiteLike.scala:273)
	at org.scalatest.SuperEngine.runImpl(Engine.scala:535)
	at org.scalatest.funsuite.AnyFunSuiteLike.run(AnyFunSuiteLike.scala:273)
	at org.scalatest.funsuite.AnyFunSuiteLike.run$(AnyFunSuiteLike.scala:272)
	at org.apache.spark.SparkFunSuite.org$scalatest$BeforeAndAfterAll$$super$run(SparkFunSuite.scala:69)
	at org.scalatest.BeforeAndAfterAll.liftedTree1$1(BeforeAndAfterAll.scala:213)
	at org.scalatest.BeforeAndAfterAll.run(BeforeAndAfterAll.scala:210)
	at org.scalatest.BeforeAndAfterAll.run$(BeforeAndAfterAll.scala:208)
	at org.apache.spark.SparkFunSuite.run(SparkFunSuite.scala:69)
	at org.scalatest.tools.Framework.org$scalatest$tools$Framework$$runSuite(Framework.scala:321)
	at org.scalatest.tools.Framework$ScalaTestTask.execute(Framework.scala:517)
	at sbt.ForkMain$Run.lambda$runTest$1(ForkMain.java:414)
	at java.base/java.util.concurrent.FutureTask.run(FutureTask.java:264)
	at java.base/java.util.concurrent.ThreadPoolExecutor.runWorker(ThreadPoolExecutor.java:1136)
	at java.base/java.util.concurrent.ThreadPoolExecutor$Worker.run(ThreadPoolExecutor.java:635)
	at java.base/java.lang.Thread.run(Thread.java:840)
</failure>
                    </testcase><testcase classname="org.apache.spark.sql.delta.DeltaInsertReplaceOnDFWriterV1InsertIntoSuite" name="materialize source unpersist with 3 kill attempts succeeds" time="1.306">
                      <failure message="org.scalatest.exceptions.TestFailedException: stats.materializeSourceAttempts.isDefined was false stats:
InsertReplaceOnOrUsingStats(DFv1InsertInto,Some(materializeNonDeterministicSourceNonDelta),None,0,(t.id = s.id),None,0,0,786,None,None,None,None,None,None,None,None,None)" type="sbt.ForkMain$ForkError">sbt.ForkMain$ForkError: org.scalatest.exceptions.TestFailedException: stats.materializeSourceAttempts.isDefined was false stats:
InsertReplaceOnOrUsingStats(DFv1InsertInto,Some(materializeNonDeterministicSourceNonDelta),None,0,(t.id = s.id),None,0,0,786,None,None,None,None,None,None,None,None,None)
	at org.scalatest.Assertions.newAssertionFailedException(Assertions.scala:472)
	at org.scalatest.Assertions.newAssertionFailedException$(Assertions.scala:471)
	at org.scalatest.Assertions$.newAssertionFailedException(Assertions.scala:1231)
	at org.scalatest.Assertions$AssertionsHelper.macroAssert(Assertions.scala:1295)
	at org.apache.spark.sql.delta.DeltaInsertReplaceOnDFWriterTests.$anonfun$$init$$142(DeltaInsertReplaceOnDFWriterTests.scala:1396)
	at scala.runtime.java8.JFunction0$mcV$sp.apply(JFunction0$mcV$sp.scala:18)
	at org.apache.spark.util.SparkErrorUtils.tryWithSafeFinally(SparkErrorUtils.scala:80)
	at org.apache.spark.util.SparkErrorUtils.tryWithSafeFinally$(SparkErrorUtils.scala:77)
	at org.apache.spark.util.Utils$.tryWithSafeFinally(Utils.scala:99)
	at org.apache.spark.sql.test.SQLTestUtilsBase.withView(SQLTestUtils.scala:323)
	at org.apache.spark.sql.test.SQLTestUtilsBase.withView$(SQLTestUtils.scala:321)
	at org.apache.spark.sql.delta.DeltaInsertReplaceOnDFWriterV1InsertIntoSuite.withView(DeltaInsertReplaceOnDFWriterV1InsertIntoSuite.scala:32)
	at org.apache.spark.sql.delta.DeltaInsertReplaceOnDFWriterTests.$anonfun$$init$$141(DeltaInsertReplaceOnDFWriterTests.scala:1388)
	at org.apache.spark.sql.delta.DeltaInsertReplaceOnDFWriterTests.$anonfun$$init$$141$adapted(DeltaInsertReplaceOnDFWriterTests.scala:1387)
	at org.apache.spark.sql.test.SQLTestUtils.$anonfun$withTempDir$1(SQLTestUtils.scala:81)
	at org.apache.spark.sql.test.SQLTestUtils.$anonfun$withTempDir$1$adapted(SQLTestUtils.scala:80)
	at org.apache.spark.SparkFunSuite.withTempDir(SparkFunSuite.scala:245)
	at org.apache.spark.sql.delta.DeltaInsertReplaceOnDFWriterV1InsertIntoSuite.org$apache$spark$sql$test$SQLTestUtils$$super$withTempDir(DeltaInsertReplaceOnDFWriterV1InsertIntoSuite.scala:32)
	at org.apache.spark.sql.test.SQLTestUtils.withTempDir(SQLTestUtils.scala:80)
	at org.apache.spark.sql.test.SQLTestUtils.withTempDir$(SQLTestUtils.scala:79)
	at org.apache.spark.sql.delta.DeltaInsertReplaceOnDFWriterV1InsertIntoSuite.withTempDir(DeltaInsertReplaceOnDFWriterV1InsertIntoSuite.scala:32)
	at org.apache.spark.sql.delta.DeltaInsertReplaceOnDFWriterTests.$anonfun$$init$$140(DeltaInsertReplaceOnDFWriterTests.scala:1387)
	at scala.runtime.java8.JFunction0$mcV$sp.apply(JFunction0$mcV$sp.scala:18)
	at org.scalatest.enablers.Timed$$anon$1.timeoutAfter(Timed.scala:127)
	at org.scalatest.concurrent.TimeLimits$.failAfterImpl(TimeLimits.scala:282)
	at org.scalatest.concurrent.TimeLimits.failAfter(TimeLimits.scala:231)
	at org.scalatest.concurrent.TimeLimits.failAfter$(TimeLimits.scala:230)
	at org.apache.spark.SparkFunSuite.failAfter(SparkFunSuite.scala:69)
	at org.apache.spark.SparkFunSuite.$anonfun$test$2(SparkFunSuite.scala:155)
	at org.scalatest.OutcomeOf.outcomeOf(OutcomeOf.scala:85)
	at org.scalatest.OutcomeOf.outcomeOf$(OutcomeOf.scala:83)
	at org.scalatest.OutcomeOf$.outcomeOf(OutcomeOf.scala:104)
	at org.scalatest.Transformer.apply(Transformer.scala:22)
	at org.scalatest.Transformer.apply(Transformer.scala:20)
	at org.scalatest.funsuite.AnyFunSuiteLike$$anon$1.apply(AnyFunSuiteLike.scala:226)
	at org.apache.spark.SparkFunSuite.withFixture(SparkFunSuite.scala:227)
	at org.scalatest.funsuite.AnyFunSuiteLike.invokeWithFixture$1(AnyFunSuiteLike.scala:224)
	at org.scalatest.funsuite.AnyFunSuiteLike.$anonfun$runTest$1(AnyFunSuiteLike.scala:236)
	at org.scalatest.SuperEngine.runTestImpl(Engine.scala:306)
	at org.scalatest.funsuite.AnyFunSuiteLike.runTest(AnyFunSuiteLike.scala:236)
	at org.scalatest.funsuite.AnyFunSuiteLike.runTest$(AnyFunSuiteLike.scala:218)
	at org.apache.spark.SparkFunSuite.org$scalatest$BeforeAndAfterEach$$super$runTest(SparkFunSuite.scala:69)
	at org.scalatest.BeforeAndAfterEach.runTest(BeforeAndAfterEach.scala:234)
	at org.scalatest.BeforeAndAfterEach.runTest$(BeforeAndAfterEach.scala:227)
	at org.apache.spark.SparkFunSuite.runTest(SparkFunSuite.scala:69)
	at org.scalatest.funsuite.AnyFunSuiteLike.$anonfun$runTests$1(AnyFunSuiteLike.scala:269)
	at org.scalatest.SuperEngine.$anonfun$runTestsInBranch$1(Engine.scala:413)
	at scala.collection.immutable.List.foreach(List.scala:323)
	at org.scalatest.SuperEngine.traverseSubNodes$1(Engine.scala:401)
	at org.scalatest.SuperEngine.runTestsInBranch(Engine.scala:396)
	at org.scalatest.SuperEngine.runTestsImpl(Engine.scala:475)
	at org.scalatest.funsuite.AnyFunSuiteLike.runTests(AnyFunSuiteLike.scala:269)
	at org.scalatest.funsuite.AnyFunSuiteLike.runTests$(AnyFunSuiteLike.scala:268)
	at org.scalatest.funsuite.AnyFunSuite.runTests(AnyFunSuite.scala:1564)
	at org.scalatest.Suite.run(Suite.scala:1114)
	at org.scalatest.Suite.run$(Suite.scala:1096)
	at org.scalatest.funsuite.AnyFunSuite.org$scalatest$funsuite$AnyFunSuiteLike$$super$run(AnyFunSuite.scala:1564)
	at org.scalatest.funsuite.AnyFunSuiteLike.$anonfun$run$1(AnyFunSuiteLike.scala:273)
	at org.scalatest.SuperEngine.runImpl(Engine.scala:535)
	at org.scalatest.funsuite.AnyFunSuiteLike.run(AnyFunSuiteLike.scala:273)
	at org.scalatest.funsuite.AnyFunSuiteLike.run$(AnyFunSuiteLike.scala:272)
	at org.apache.spark.SparkFunSuite.org$scalatest$BeforeAndAfterAll$$super$run(SparkFunSuite.scala:69)
	at org.scalatest.BeforeAndAfterAll.liftedTree1$1(BeforeAndAfterAll.scala:213)
	at org.scalatest.BeforeAndAfterAll.run(BeforeAndAfterAll.scala:210)
	at org.scalatest.BeforeAndAfterAll.run$(BeforeAndAfterAll.scala:208)
	at org.apache.spark.SparkFunSuite.run(SparkFunSuite.scala:69)
	at org.scalatest.tools.Framework.org$scalatest$tools$Framework$$runSuite(Framework.scala:321)
	at org.scalatest.tools.Framework$ScalaTestTask.execute(Framework.scala:517)
	at sbt.ForkMain$Run.lambda$runTest$1(ForkMain.java:414)
	at java.base/java.util.concurrent.FutureTask.run(FutureTask.java:264)
	at java.base/java.util.concurrent.ThreadPoolExecutor.runWorker(ThreadPoolExecutor.java:1136)
	at java.base/java.util.concurrent.ThreadPoolExecutor$Worker.run(ThreadPoolExecutor.java:635)
	at java.base/java.lang.Thread.run(Thread.java:840)
</failure>
                    </testcase><testcase classname="org.apache.spark.sql.delta.DeltaInsertReplaceOnDFWriterV1InsertIntoSuite" name="materialize source unpersist with 4 kill attempts fails" time="0.837">
                      
                    </testcase><testcase classname="org.apache.spark.sql.delta.DeltaInsertReplaceOnDFWriterV1InsertIntoSuite" name="insertInto: replaceOn on empty table via path" time="1.204">
                      
                    </testcase><testcase classname="org.apache.spark.sql.delta.DeltaInsertReplaceOnDFWriterV1InsertIntoSuite" name="insertInto: replaceOn on empty named table" time="1.126">
                      
                    </testcase><testcase classname="org.apache.spark.sql.delta.DeltaInsertReplaceOnDFWriterV1InsertIntoSuite" name="insertInto: replaceOn on non-empty named table" time="1.378">
                      
                    </testcase><testcase classname="org.apache.spark.sql.delta.DeltaInsertReplaceOnDFWriterV1InsertIntoSuite" name="insertInto: replaceOn on non-existing named table fails" time="0.01">
                      <failure message="org.scalatest.exceptions.TestFailedException: Map(&quot;relationName&quot; -&gt; &quot;`default`.`nonexistent_table`&quot;) did not equal Map(&quot;relationName&quot; -&gt; &quot;`nonexistent_table`&quot;)" type="sbt.ForkMain$ForkError">sbt.ForkMain$ForkError: org.scalatest.exceptions.TestFailedException: Map(&quot;relationName&quot; -&gt; &quot;`default`.`nonexistent_table`&quot;) did not equal Map(&quot;relationName&quot; -&gt; &quot;`nonexistent_table`&quot;)
	at org.scalatest.Assertions.newAssertionFailedException(Assertions.scala:472)
	at org.scalatest.Assertions.newAssertionFailedException$(Assertions.scala:471)
	at org.scalatest.Assertions$.newAssertionFailedException(Assertions.scala:1231)
	at org.scalatest.Assertions$AssertionsHelper.macroAssert(Assertions.scala:1295)
	at org.apache.spark.SparkFunSuite.checkError(SparkFunSuite.scala:362)
	at org.apache.spark.sql.delta.DeltaInsertReplaceOnDFWriterV1InsertIntoSuite.$anonfun$new$10(DeltaInsertReplaceOnDFWriterV1InsertIntoSuite.scala:142)
	at scala.runtime.java8.JFunction0$mcV$sp.apply(JFunction0$mcV$sp.scala:18)
	at org.scalatest.enablers.Timed$$anon$1.timeoutAfter(Timed.scala:127)
	at org.scalatest.concurrent.TimeLimits$.failAfterImpl(TimeLimits.scala:282)
	at org.scalatest.concurrent.TimeLimits.failAfter(TimeLimits.scala:231)
	at org.scalatest.concurrent.TimeLimits.failAfter$(TimeLimits.scala:230)
	at org.apache.spark.SparkFunSuite.failAfter(SparkFunSuite.scala:69)
	at org.apache.spark.SparkFunSuite.$anonfun$test$2(SparkFunSuite.scala:155)
	at org.scalatest.OutcomeOf.outcomeOf(OutcomeOf.scala:85)
	at org.scalatest.OutcomeOf.outcomeOf$(OutcomeOf.scala:83)
	at org.scalatest.OutcomeOf$.outcomeOf(OutcomeOf.scala:104)
	at org.scalatest.Transformer.apply(Transformer.scala:22)
	at org.scalatest.Transformer.apply(Transformer.scala:20)
	at org.scalatest.funsuite.AnyFunSuiteLike$$anon$1.apply(AnyFunSuiteLike.scala:226)
	at org.apache.spark.SparkFunSuite.withFixture(SparkFunSuite.scala:227)
	at org.scalatest.funsuite.AnyFunSuiteLike.invokeWithFixture$1(AnyFunSuiteLike.scala:224)
	at org.scalatest.funsuite.AnyFunSuiteLike.$anonfun$runTest$1(AnyFunSuiteLike.scala:236)
	at org.scalatest.SuperEngine.runTestImpl(Engine.scala:306)
	at org.scalatest.funsuite.AnyFunSuiteLike.runTest(AnyFunSuiteLike.scala:236)
	at org.scalatest.funsuite.AnyFunSuiteLike.runTest$(AnyFunSuiteLike.scala:218)
	at org.apache.spark.SparkFunSuite.org$scalatest$BeforeAndAfterEach$$super$runTest(SparkFunSuite.scala:69)
	at org.scalatest.BeforeAndAfterEach.runTest(BeforeAndAfterEach.scala:234)
	at org.scalatest.BeforeAndAfterEach.runTest$(BeforeAndAfterEach.scala:227)
	at org.apache.spark.SparkFunSuite.runTest(SparkFunSuite.scala:69)
	at org.scalatest.funsuite.AnyFunSuiteLike.$anonfun$runTests$1(AnyFunSuiteLike.scala:269)
	at org.scalatest.SuperEngine.$anonfun$runTestsInBranch$1(Engine.scala:413)
	at scala.collection.immutable.List.foreach(List.scala:323)
	at org.scalatest.SuperEngine.traverseSubNodes$1(Engine.scala:401)
	at org.scalatest.SuperEngine.runTestsInBranch(Engine.scala:396)
	at org.scalatest.SuperEngine.runTestsImpl(Engine.scala:475)
	at org.scalatest.funsuite.AnyFunSuiteLike.runTests(AnyFunSuiteLike.scala:269)
	at org.scalatest.funsuite.AnyFunSuiteLike.runTests$(AnyFunSuiteLike.scala:268)
	at org.scalatest.funsuite.AnyFunSuite.runTests(AnyFunSuite.scala:1564)
	at org.scalatest.Suite.run(Suite.scala:1114)
	at org.scalatest.Suite.run$(Suite.scala:1096)
	at org.scalatest.funsuite.AnyFunSuite.org$scalatest$funsuite$AnyFunSuiteLike$$super$run(AnyFunSuite.scala:1564)
	at org.scalatest.funsuite.AnyFunSuiteLike.$anonfun$run$1(AnyFunSuiteLike.scala:273)
	at org.scalatest.SuperEngine.runImpl(Engine.scala:535)
	at org.scalatest.funsuite.AnyFunSuiteLike.run(AnyFunSuiteLike.scala:273)
	at org.scalatest.funsuite.AnyFunSuiteLike.run$(AnyFunSuiteLike.scala:272)
	at org.apache.spark.SparkFunSuite.org$scalatest$BeforeAndAfterAll$$super$run(SparkFunSuite.scala:69)
	at org.scalatest.BeforeAndAfterAll.liftedTree1$1(BeforeAndAfterAll.scala:213)
	at org.scalatest.BeforeAndAfterAll.run(BeforeAndAfterAll.scala:210)
	at org.scalatest.BeforeAndAfterAll.run$(BeforeAndAfterAll.scala:208)
	at org.apache.spark.SparkFunSuite.run(SparkFunSuite.scala:69)
	at org.scalatest.tools.Framework.org$scalatest$tools$Framework$$runSuite(Framework.scala:321)
	at org.scalatest.tools.Framework$ScalaTestTask.execute(Framework.scala:517)
	at sbt.ForkMain$Run.lambda$runTest$1(ForkMain.java:414)
	at java.base/java.util.concurrent.FutureTask.run(FutureTask.java:264)
	at java.base/java.util.concurrent.ThreadPoolExecutor.runWorker(ThreadPoolExecutor.java:1136)
	at java.base/java.util.concurrent.ThreadPoolExecutor$Worker.run(ThreadPoolExecutor.java:635)
	at java.base/java.lang.Thread.run(Thread.java:840)
</failure>
                    </testcase><testcase classname="org.apache.spark.sql.delta.DeltaInsertReplaceOnDFWriterV1InsertIntoSuite" name="insertInto: replaceOn with swapped column order" time="1.381">
                      
                    </testcase><testcase classname="org.apache.spark.sql.delta.DeltaInsertReplaceOnDFWriterV1InsertIntoSuite" name="insertInto: replaceOn with misaligned columns" time="1.469">
                      
                    </testcase>
          <system-out><![CDATA[]]></system-out>
          <system-err><![CDATA[]]></system-err>
        </testsuite>