<?xml version='1.0' encoding='UTF-8'?>
<testsuite hostname="ip-10-91-24-247" name="org.apache.spark.sql.delta.DeltaInsertReplaceUsingDFWriterV1SaveSuite" tests="58" errors="0" failures="0" skipped="0" time="70.686" timestamp="2026-03-27T21:47:50">
          <properties>
[...]
</properties>
          <testcase classname="org.apache.spark.sql.delta.DeltaInsertReplaceUsingDFWriterV1SaveSuite" name="replaceUsing with single column" time="1.78">
                      
                    </testcase><testcase classname="org.apache.spark.sql.delta.DeltaInsertReplaceUsingDFWriterV1SaveSuite" name="replaceUsing with multiple columns" time="1.379">
                      
                    </testcase><testcase classname="org.apache.spark.sql.delta.DeltaInsertReplaceUsingDFWriterV1SaveSuite" name="replaceUsing with CDF enabled" time="1.713">
                      
                    </testcase><testcase classname="org.apache.spark.sql.delta.DeltaInsertReplaceUsingDFWriterV1SaveSuite" name="replaceUsing with empty source" time="0.789">
                      
                    </testcase><testcase classname="org.apache.spark.sql.delta.DeltaInsertReplaceUsingDFWriterV1SaveSuite" name="replaceUsing on empty but existing target" time="1.044">
                      
                    </testcase><testcase classname="org.apache.spark.sql.delta.DeltaInsertReplaceUsingDFWriterV1SaveSuite" name="replaceUsing with NULL values in matching column" time="1.354">
                      
                    </testcase><testcase classname="org.apache.spark.sql.delta.DeltaInsertReplaceUsingDFWriterV1SaveSuite" name="replaceUsing with NULL values in multiple matching columns" time="1.397">
                      
                    </testcase><testcase classname="org.apache.spark.sql.delta.DeltaInsertReplaceUsingDFWriterV1SaveSuite" name="replaceUsing with string matching column" time="1.386">
                      
                    </testcase><testcase classname="org.apache.spark.sql.delta.DeltaInsertReplaceUsingDFWriterV1SaveSuite" name="replaceUsing replaces all matching rows when target has duplicates" time="1.322">
                      
                    </testcase><testcase classname="org.apache.spark.sql.delta.DeltaInsertReplaceUsingDFWriterV1SaveSuite" name="replaceUsing with filtered source only replaces matching subset" time="1.281">
                      
                    </testcase><testcase classname="org.apache.spark.sql.delta.DeltaInsertReplaceUsingDFWriterV1SaveSuite" name="replaceUsing matches on non-adjacent columns" time="1.383">
                      
                    </testcase><testcase classname="org.apache.spark.sql.delta.DeltaInsertReplaceUsingDFWriterV1SaveSuite" name="replaceUsing on clustered table with matching on clustering column" time="1.395">
                      
                    </testcase><testcase classname="org.apache.spark.sql.delta.DeltaInsertReplaceUsingDFWriterV1SaveSuite" name="replaceUsing on clustered table with matching on non-clustering column" time="1.349">
                      
                    </testcase><testcase classname="org.apache.spark.sql.delta.DeltaInsertReplaceUsingDFWriterV1SaveSuite" name="replaceUsing on partitioned table with matching on partition column" time="1.401">
                      
                    </testcase><testcase classname="org.apache.spark.sql.delta.DeltaInsertReplaceUsingDFWriterV1SaveSuite" name="replaceUsing on partitioned table with matching on non-partition column" time="1.34">
                      
                    </testcase><testcase classname="org.apache.spark.sql.delta.DeltaInsertReplaceUsingDFWriterV1SaveSuite" name="replaceUsing with case insensitive column resolution" time="1.377">
                      
                    </testcase><testcase classname="org.apache.spark.sql.delta.DeltaInsertReplaceUsingDFWriterV1SaveSuite" name="replaceUsing with case sensitive column resolution errors on casing mismatch" time="0.498">
                      
                    </testcase><testcase classname="org.apache.spark.sql.delta.DeltaInsertReplaceUsingDFWriterV1SaveSuite" name="replaceUsing with duplicate column references" time="1.288">
                      
                    </testcase><testcase classname="org.apache.spark.sql.delta.DeltaInsertReplaceUsingDFWriterV1SaveSuite" name="replaceUsing errors when source has extra columns without mergeSchema" time="0.51">
                      
                    </testcase><testcase classname="org.apache.spark.sql.delta.DeltaInsertReplaceUsingDFWriterV1SaveSuite" name="replaceUsing with fewer source columns fills missing target columns with null" time="1.301">
                      
                    </testcase><testcase classname="org.apache.spark.sql.delta.DeltaInsertReplaceUsingDFWriterV1SaveSuite" name="replaceUsing errors when source has completely different column names" time="0.5">
                      
                    </testcase><testcase classname="org.apache.spark.sql.delta.DeltaInsertReplaceUsingDFWriterV1SaveSuite" name="replaceUsing with schema evolution" time="1.307">
                      
                    </testcase><testcase classname="org.apache.spark.sql.delta.DeltaInsertReplaceUsingDFWriterV1SaveSuite" name="replaceUsing column not in source and target errors" time="0.49">
                      
                    </testcase><testcase classname="org.apache.spark.sql.delta.DeltaInsertReplaceUsingDFWriterV1SaveSuite" name="replaceUsing column exists in table but not in source errors" time="0.664">
                      
                    </testcase><testcase classname="org.apache.spark.sql.delta.DeltaInsertReplaceUsingDFWriterV1SaveSuite" name="replaceUsing on non-existent path errors" time="0.034">
                      
                    </testcase><testcase classname="org.apache.spark.sql.delta.DeltaInsertReplaceUsingDFWriterV1SaveSuite" name="replaceUsing col with source having wider data type than target" time="1.407">
                      
                    </testcase><testcase classname="org.apache.spark.sql.delta.DeltaInsertReplaceUsingDFWriterV1SaveSuite" name="replaceUsing col with target having wider data type than source" time="1.323">
                      
                    </testcase><testcase classname="org.apache.spark.sql.delta.DeltaInsertReplaceUsingDFWriterV1SaveSuite" name="replaceUsing self-referencing (read and write same table)" time="1.681">
                      
                    </testcase><testcase classname="org.apache.spark.sql.delta.DeltaInsertReplaceUsingDFWriterV1SaveSuite" name="DataFrame alias before write does not affect replaceUsing" time="1.254">
                      
                    </testcase><testcase classname="org.apache.spark.sql.delta.DeltaInsertReplaceUsingDFWriterV1SaveSuite" name="replaceUsing with source from Delta table read" time="1.866">
                      
                    </testcase><testcase classname="org.apache.spark.sql.delta.DeltaInsertReplaceUsingDFWriterV1SaveSuite" name="replaceUsing with source from join" time="1.254">
                      
                    </testcase><testcase classname="org.apache.spark.sql.delta.DeltaInsertReplaceUsingDFWriterV1SaveSuite" name="replaceUsing with source from groupBy aggregation" time="1.285">
                      
                    </testcase><testcase classname="org.apache.spark.sql.delta.DeltaInsertReplaceUsingDFWriterV1SaveSuite" name="replaceUsing with source from union" time="1.271">
                      
                    </testcase><testcase classname="org.apache.spark.sql.delta.DeltaInsertReplaceUsingDFWriterV1SaveSuite" name="replaceUsing with source from select/withColumn" time="1.237">
                      
                    </testcase><testcase classname="org.apache.spark.sql.delta.DeltaInsertReplaceUsingDFWriterV1SaveSuite" name="replaceUsing with source from sql() query" time="1.241">
                      
                    </testcase><testcase classname="org.apache.spark.sql.delta.DeltaInsertReplaceUsingDFWriterV1SaveSuite" name="replaceUsing is blocked on appendOnly table" time="0.759">
                      
                    </testcase><testcase classname="org.apache.spark.sql.delta.DeltaInsertReplaceUsingDFWriterV1SaveSuite" name="replaceUsing does not apply delta config options to existing table" time="1.241">
                      
                    </testcase><testcase classname="org.apache.spark.sql.delta.DeltaInsertReplaceUsingDFWriterV1SaveSuite" name="DPO kill switch does not block replaceUsing" time="1.224">
                      
                    </testcase><testcase classname="org.apache.spark.sql.delta.DeltaInsertReplaceUsingDFWriterV1SaveSuite" name="SQL Conf partitionOverwriteMode=static does not affect replaceUsing" time="1.233">
                      
                    </testcase><testcase classname="org.apache.spark.sql.delta.DeltaInsertReplaceUsingDFWriterV1SaveSuite" name="SQL Conf partitionOverwriteMode=dynamic does not affect replaceUsing" time="1.241">
                      
                    </testcase><testcase classname="org.apache.spark.sql.delta.DeltaInsertReplaceUsingDFWriterV1SaveSuite" name="replaceUsing with empty string errors" time="0.469">
                      
                    </testcase><testcase classname="org.apache.spark.sql.delta.DeltaInsertReplaceUsingDFWriterV1SaveSuite" name="replaceUsing with empty column name errors: ','" time="0.472">
                      
                    </testcase><testcase classname="org.apache.spark.sql.delta.DeltaInsertReplaceUsingDFWriterV1SaveSuite" name="replaceUsing with empty column name errors: 'id,,value'" time="0.473">
                      
                    </testcase><testcase classname="org.apache.spark.sql.delta.DeltaInsertReplaceUsingDFWriterV1SaveSuite" name="replaceUsing with empty column name errors: 'id,'" time="0.48">
                      
                    </testcase><testcase classname="org.apache.spark.sql.delta.DeltaInsertReplaceUsingDFWriterV1SaveSuite" name="replaceUsing with empty column name errors: ',id'" time="0.463">
                      
                    </testcase><testcase classname="org.apache.spark.sql.delta.DeltaInsertReplaceUsingDFWriterV1SaveSuite" name="replaceUsing option parsing is robust: 'id,key'" time="1.327">
                      
                    </testcase><testcase classname="org.apache.spark.sql.delta.DeltaInsertReplaceUsingDFWriterV1SaveSuite" name="replaceUsing option parsing is robust: 'id ,key'" time="1.261">
                      
                    </testcase><testcase classname="org.apache.spark.sql.delta.DeltaInsertReplaceUsingDFWriterV1SaveSuite" name="replaceUsing option parsing is robust: 'id, key'" time="1.249">
                      
                    </testcase><testcase classname="org.apache.spark.sql.delta.DeltaInsertReplaceUsingDFWriterV1SaveSuite" name="replaceUsing option parsing is robust: 'id , key'" time="1.249">
                      
                    </testcase><testcase classname="org.apache.spark.sql.delta.DeltaInsertReplaceUsingDFWriterV1SaveSuite" name="replaceUsing option parsing is robust: ' id , key '" time="1.228">
                      
                    </testcase><testcase classname="org.apache.spark.sql.delta.DeltaInsertReplaceUsingDFWriterV1SaveSuite" name="replaceUsing option parsing is robust: 'id,  key'" time="1.257">
                      
                    </testcase><testcase classname="org.apache.spark.sql.delta.DeltaInsertReplaceUsingDFWriterV1SaveSuite" name="replaceUsing option parsing is robust: '  id  ,  key  '" time="1.249">
                      
                    </testcase><testcase classname="org.apache.spark.sql.delta.DeltaInsertReplaceUsingDFWriterV1SaveSuite" name="replaceUsing preserves table properties" time="1.539">
                      
                    </testcase><testcase classname="org.apache.spark.sql.delta.DeltaInsertReplaceUsingDFWriterV1SaveSuite" name="replaceUsing with userMetadata preserves metadata in commit" time="1.38">
                      
                    </testcase><testcase classname="org.apache.spark.sql.delta.DeltaInsertReplaceUsingDFWriterV1SaveSuite" name="replaceUsing option key is case insensitive" time="4.974">
                      
                    </testcase><testcase classname="org.apache.spark.sql.delta.DeltaInsertReplaceUsingDFWriterV1SaveSuite" name="replaceUsing in Append mode does not do selective overwrite" time="1.116">
                      
                    </testcase><testcase classname="org.apache.spark.sql.delta.DeltaInsertReplaceUsingDFWriterV1SaveSuite" name="save with replaceUsing: inserts by name with misaligned column positions" time="1.315">
                      
                    </testcase><testcase classname="org.apache.spark.sql.delta.DeltaInsertReplaceUsingDFWriterV1SaveSuite" name="save with replaceUsing: inserts struct fields by name" time="1.386">
                      
                    </testcase>
          <system-out><![CDATA[]]></system-out>
          <system-err><![CDATA[]]></system-err>
        </testsuite>