<?xml version='1.0' encoding='UTF-8'?>
<testsuite hostname="ip-10-91-24-247" name="org.apache.spark.sql.delta.DeltaInsertReplaceUsingDFWriterV1SaveAsTableSuite" tests="60" errors="0" failures="0" skipped="0" time="68.87" timestamp="2026-03-28T00:02:24">
          <properties>
[...]
</properties>
          <testcase classname="org.apache.spark.sql.delta.DeltaInsertReplaceUsingDFWriterV1SaveAsTableSuite" name="replaceUsing with single column" time="1.576">
                      
                    </testcase><testcase classname="org.apache.spark.sql.delta.DeltaInsertReplaceUsingDFWriterV1SaveAsTableSuite" name="replaceUsing with multiple columns" time="1.299">
                      
                    </testcase><testcase classname="org.apache.spark.sql.delta.DeltaInsertReplaceUsingDFWriterV1SaveAsTableSuite" name="replaceUsing with CDF enabled" time="1.606">
                      
                    </testcase><testcase classname="org.apache.spark.sql.delta.DeltaInsertReplaceUsingDFWriterV1SaveAsTableSuite" name="replaceUsing with empty source" time="1.085">
                      
                    </testcase><testcase classname="org.apache.spark.sql.delta.DeltaInsertReplaceUsingDFWriterV1SaveAsTableSuite" name="replaceUsing on empty but existing target" time="0.999">
                      
                    </testcase><testcase classname="org.apache.spark.sql.delta.DeltaInsertReplaceUsingDFWriterV1SaveAsTableSuite" name="replaceUsing with NULL values in matching column" time="1.348">
                      
                    </testcase><testcase classname="org.apache.spark.sql.delta.DeltaInsertReplaceUsingDFWriterV1SaveAsTableSuite" name="replaceUsing with NULL values in multiple matching columns" time="1.32">
                      
                    </testcase><testcase classname="org.apache.spark.sql.delta.DeltaInsertReplaceUsingDFWriterV1SaveAsTableSuite" name="replaceUsing with string matching column" time="1.302">
                      
                    </testcase><testcase classname="org.apache.spark.sql.delta.DeltaInsertReplaceUsingDFWriterV1SaveAsTableSuite" name="replaceUsing replaces all matching rows when target has duplicates" time="1.249">
                      
                    </testcase><testcase classname="org.apache.spark.sql.delta.DeltaInsertReplaceUsingDFWriterV1SaveAsTableSuite" name="replaceUsing with filtered source only replaces matching subset" time="1.224">
                      
                    </testcase><testcase classname="org.apache.spark.sql.delta.DeltaInsertReplaceUsingDFWriterV1SaveAsTableSuite" name="replaceUsing matches on non-adjacent columns" time="1.294">
                      
                    </testcase><testcase classname="org.apache.spark.sql.delta.DeltaInsertReplaceUsingDFWriterV1SaveAsTableSuite" name="replaceUsing on clustered table with matching on clustering column" time="1.261">
                      
                    </testcase><testcase classname="org.apache.spark.sql.delta.DeltaInsertReplaceUsingDFWriterV1SaveAsTableSuite" name="replaceUsing on clustered table with matching on non-clustering column" time="1.258">
                      
                    </testcase><testcase classname="org.apache.spark.sql.delta.DeltaInsertReplaceUsingDFWriterV1SaveAsTableSuite" name="replaceUsing on partitioned table with matching on partition column" time="1.354">
                      
                    </testcase><testcase classname="org.apache.spark.sql.delta.DeltaInsertReplaceUsingDFWriterV1SaveAsTableSuite" name="replaceUsing on partitioned table with matching on non-partition column" time="1.268">
                      
                    </testcase><testcase classname="org.apache.spark.sql.delta.DeltaInsertReplaceUsingDFWriterV1SaveAsTableSuite" name="replaceUsing with case insensitive column resolution" time="1.266">
                      
                    </testcase><testcase classname="org.apache.spark.sql.delta.DeltaInsertReplaceUsingDFWriterV1SaveAsTableSuite" name="replaceUsing with case sensitive column resolution errors on casing mismatch" time="0.472">
                      
                    </testcase><testcase classname="org.apache.spark.sql.delta.DeltaInsertReplaceUsingDFWriterV1SaveAsTableSuite" name="replaceUsing with duplicate column references" time="1.191">
                      
                    </testcase><testcase classname="org.apache.spark.sql.delta.DeltaInsertReplaceUsingDFWriterV1SaveAsTableSuite" name="replaceUsing errors when source has extra columns without mergeSchema" time="0.504">
                      
                    </testcase><testcase classname="org.apache.spark.sql.delta.DeltaInsertReplaceUsingDFWriterV1SaveAsTableSuite" name="replaceUsing with fewer source columns fills missing target columns with null" time="1.225">
                      
                    </testcase><testcase classname="org.apache.spark.sql.delta.DeltaInsertReplaceUsingDFWriterV1SaveAsTableSuite" name="replaceUsing errors when source has completely different column names" time="0.48">
                      
                    </testcase><testcase classname="org.apache.spark.sql.delta.DeltaInsertReplaceUsingDFWriterV1SaveAsTableSuite" name="replaceUsing with schema evolution" time="1.213">
                      
                    </testcase><testcase classname="org.apache.spark.sql.delta.DeltaInsertReplaceUsingDFWriterV1SaveAsTableSuite" name="replaceUsing column not in source and target errors" time="0.477">
                      
                    </testcase><testcase classname="org.apache.spark.sql.delta.DeltaInsertReplaceUsingDFWriterV1SaveAsTableSuite" name="replaceUsing column exists in table but not in source errors" time="0.643">
                      
                    </testcase><testcase classname="org.apache.spark.sql.delta.DeltaInsertReplaceUsingDFWriterV1SaveAsTableSuite" name="replaceUsing on non-existent path errors" time="0.031">
                      
                    </testcase><testcase classname="org.apache.spark.sql.delta.DeltaInsertReplaceUsingDFWriterV1SaveAsTableSuite" name="replaceUsing col with source having wider data type than target" time="1.266">
                      
                    </testcase><testcase classname="org.apache.spark.sql.delta.DeltaInsertReplaceUsingDFWriterV1SaveAsTableSuite" name="replaceUsing col with target having wider data type than source" time="1.237">
                      
                    </testcase><testcase classname="org.apache.spark.sql.delta.DeltaInsertReplaceUsingDFWriterV1SaveAsTableSuite" name="replaceUsing self-referencing (read and write same table)" time="1.562">
                      
                    </testcase><testcase classname="org.apache.spark.sql.delta.DeltaInsertReplaceUsingDFWriterV1SaveAsTableSuite" name="DataFrame alias before write does not affect replaceUsing" time="1.213">
                      
                    </testcase><testcase classname="org.apache.spark.sql.delta.DeltaInsertReplaceUsingDFWriterV1SaveAsTableSuite" name="replaceUsing with source from Delta table read" time="1.85">
                      
                    </testcase><testcase classname="org.apache.spark.sql.delta.DeltaInsertReplaceUsingDFWriterV1SaveAsTableSuite" name="replaceUsing with source from join" time="1.231">
                      
                    </testcase><testcase classname="org.apache.spark.sql.delta.DeltaInsertReplaceUsingDFWriterV1SaveAsTableSuite" name="replaceUsing with source from groupBy aggregation" time="1.272">
                      
                    </testcase><testcase classname="org.apache.spark.sql.delta.DeltaInsertReplaceUsingDFWriterV1SaveAsTableSuite" name="replaceUsing with source from union" time="1.273">
                      
                    </testcase><testcase classname="org.apache.spark.sql.delta.DeltaInsertReplaceUsingDFWriterV1SaveAsTableSuite" name="replaceUsing with source from select/withColumn" time="1.245">
                      
                    </testcase><testcase classname="org.apache.spark.sql.delta.DeltaInsertReplaceUsingDFWriterV1SaveAsTableSuite" name="replaceUsing with source from sql() query" time="1.243">
                      
                    </testcase><testcase classname="org.apache.spark.sql.delta.DeltaInsertReplaceUsingDFWriterV1SaveAsTableSuite" name="replaceUsing is blocked on appendOnly table" time="0.77">
                      
                    </testcase><testcase classname="org.apache.spark.sql.delta.DeltaInsertReplaceUsingDFWriterV1SaveAsTableSuite" name="replaceUsing does not apply delta config options to existing table" time="1.254">
                      
                    </testcase><testcase classname="org.apache.spark.sql.delta.DeltaInsertReplaceUsingDFWriterV1SaveAsTableSuite" name="DPO kill switch does not block replaceUsing" time="1.202">
                      
                    </testcase><testcase classname="org.apache.spark.sql.delta.DeltaInsertReplaceUsingDFWriterV1SaveAsTableSuite" name="SQL Conf partitionOverwriteMode=static does not affect replaceUsing" time="1.188">
                      
                    </testcase><testcase classname="org.apache.spark.sql.delta.DeltaInsertReplaceUsingDFWriterV1SaveAsTableSuite" name="SQL Conf partitionOverwriteMode=dynamic does not affect replaceUsing" time="1.186">
                      
                    </testcase><testcase classname="org.apache.spark.sql.delta.DeltaInsertReplaceUsingDFWriterV1SaveAsTableSuite" name="replaceUsing with empty string errors" time="0.459">
                      
                    </testcase><testcase classname="org.apache.spark.sql.delta.DeltaInsertReplaceUsingDFWriterV1SaveAsTableSuite" name="replaceUsing with empty column name errors: ','" time="0.462">
                      
                    </testcase><testcase classname="org.apache.spark.sql.delta.DeltaInsertReplaceUsingDFWriterV1SaveAsTableSuite" name="replaceUsing with empty column name errors: 'id,,value'" time="0.453">
                      
                    </testcase><testcase classname="org.apache.spark.sql.delta.DeltaInsertReplaceUsingDFWriterV1SaveAsTableSuite" name="replaceUsing with empty column name errors: 'id,'" time="0.455">
                      
                    </testcase><testcase classname="org.apache.spark.sql.delta.DeltaInsertReplaceUsingDFWriterV1SaveAsTableSuite" name="replaceUsing with empty column name errors: ',id'" time="0.455">
                      
                    </testcase><testcase classname="org.apache.spark.sql.delta.DeltaInsertReplaceUsingDFWriterV1SaveAsTableSuite" name="replaceUsing option parsing is robust: 'id,key'" time="1.271">
                      
                    </testcase><testcase classname="org.apache.spark.sql.delta.DeltaInsertReplaceUsingDFWriterV1SaveAsTableSuite" name="replaceUsing option parsing is robust: 'id ,key'" time="1.201">
                      
                    </testcase><testcase classname="org.apache.spark.sql.delta.DeltaInsertReplaceUsingDFWriterV1SaveAsTableSuite" name="replaceUsing option parsing is robust: 'id, key'" time="1.205">
                      
                    </testcase><testcase classname="org.apache.spark.sql.delta.DeltaInsertReplaceUsingDFWriterV1SaveAsTableSuite" name="replaceUsing option parsing is robust: 'id , key'" time="1.232">
                      
                    </testcase><testcase classname="org.apache.spark.sql.delta.DeltaInsertReplaceUsingDFWriterV1SaveAsTableSuite" name="replaceUsing option parsing is robust: ' id , key '" time="1.218">
                      
                    </testcase><testcase classname="org.apache.spark.sql.delta.DeltaInsertReplaceUsingDFWriterV1SaveAsTableSuite" name="replaceUsing option parsing is robust: 'id,  key'" time="1.202">
                      
                    </testcase><testcase classname="org.apache.spark.sql.delta.DeltaInsertReplaceUsingDFWriterV1SaveAsTableSuite" name="replaceUsing option parsing is robust: '  id  ,  key  '" time="1.203">
                      
                    </testcase><testcase classname="org.apache.spark.sql.delta.DeltaInsertReplaceUsingDFWriterV1SaveAsTableSuite" name="replaceUsing preserves table properties" time="1.461">
                      
                    </testcase><testcase classname="org.apache.spark.sql.delta.DeltaInsertReplaceUsingDFWriterV1SaveAsTableSuite" name="replaceUsing with userMetadata preserves metadata in commit" time="1.22">
                      
                    </testcase><testcase classname="org.apache.spark.sql.delta.DeltaInsertReplaceUsingDFWriterV1SaveAsTableSuite" name="replaceUsing option key is case insensitive" time="4.722">
                      
                    </testcase><testcase classname="org.apache.spark.sql.delta.DeltaInsertReplaceUsingDFWriterV1SaveAsTableSuite" name="replaceUsing in Append mode does not do selective overwrite" time="1.08">
                      
                    </testcase><testcase classname="org.apache.spark.sql.delta.DeltaInsertReplaceUsingDFWriterV1SaveAsTableSuite" name="saveAsTable: replaceUsing with single column" time="1.322">
                      
                    </testcase><testcase classname="org.apache.spark.sql.delta.DeltaInsertReplaceUsingDFWriterV1SaveAsTableSuite" name="saveAsTable: replaceUsing on empty named table" time="0.996">
                      
                    </testcase><testcase classname="org.apache.spark.sql.delta.DeltaInsertReplaceUsingDFWriterV1SaveAsTableSuite" name="saveAsTable: replaceUsing on non-existent table errors" time="0.028">
                      
                    </testcase><testcase classname="org.apache.spark.sql.delta.DeltaInsertReplaceUsingDFWriterV1SaveAsTableSuite" name="saveAsTable: replaceUsing with schema evolution" time="1.288">
                      
                    </testcase>
          <system-out><![CDATA[]]></system-out>
          <system-err><![CDATA[]]></system-err>
        </testsuite>