<?xml version='1.0' encoding='UTF-8'?>
<testsuite hostname="ip-10-91-24-247" name="org.apache.spark.sql.delta.DeltaInsertReplaceUsingDFWriterV1SaveAsTableSuite" tests="60" errors="0" failures="0" skipped="0" time="70.827" timestamp="2026-03-27T21:49:01">
          <properties>
[...]
</properties>
          <testcase classname="org.apache.spark.sql.delta.DeltaInsertReplaceUsingDFWriterV1SaveAsTableSuite" name="replaceUsing with single column" time="1.758">
                      
                    </testcase><testcase classname="org.apache.spark.sql.delta.DeltaInsertReplaceUsingDFWriterV1SaveAsTableSuite" name="replaceUsing with multiple columns" time="1.429">
                      
                    </testcase><testcase classname="org.apache.spark.sql.delta.DeltaInsertReplaceUsingDFWriterV1SaveAsTableSuite" name="replaceUsing with CDF enabled" time="1.679">
                      
                    </testcase><testcase classname="org.apache.spark.sql.delta.DeltaInsertReplaceUsingDFWriterV1SaveAsTableSuite" name="replaceUsing with empty source" time="1.114">
                      
                    </testcase><testcase classname="org.apache.spark.sql.delta.DeltaInsertReplaceUsingDFWriterV1SaveAsTableSuite" name="replaceUsing on empty but existing target" time="1.006">
                      
                    </testcase><testcase classname="org.apache.spark.sql.delta.DeltaInsertReplaceUsingDFWriterV1SaveAsTableSuite" name="replaceUsing with NULL values in matching column" time="1.356">
                      
                    </testcase><testcase classname="org.apache.spark.sql.delta.DeltaInsertReplaceUsingDFWriterV1SaveAsTableSuite" name="replaceUsing with NULL values in multiple matching columns" time="1.354">
                      
                    </testcase><testcase classname="org.apache.spark.sql.delta.DeltaInsertReplaceUsingDFWriterV1SaveAsTableSuite" name="replaceUsing with string matching column" time="1.341">
                      
                    </testcase><testcase classname="org.apache.spark.sql.delta.DeltaInsertReplaceUsingDFWriterV1SaveAsTableSuite" name="replaceUsing replaces all matching rows when target has duplicates" time="1.274">
                      
                    </testcase><testcase classname="org.apache.spark.sql.delta.DeltaInsertReplaceUsingDFWriterV1SaveAsTableSuite" name="replaceUsing with filtered source only replaces matching subset" time="1.276">
                      
                    </testcase><testcase classname="org.apache.spark.sql.delta.DeltaInsertReplaceUsingDFWriterV1SaveAsTableSuite" name="replaceUsing matches on non-adjacent columns" time="1.405">
                      
                    </testcase><testcase classname="org.apache.spark.sql.delta.DeltaInsertReplaceUsingDFWriterV1SaveAsTableSuite" name="replaceUsing on clustered table with matching on clustering column" time="1.332">
                      
                    </testcase><testcase classname="org.apache.spark.sql.delta.DeltaInsertReplaceUsingDFWriterV1SaveAsTableSuite" name="replaceUsing on clustered table with matching on non-clustering column" time="1.274">
                      
                    </testcase><testcase classname="org.apache.spark.sql.delta.DeltaInsertReplaceUsingDFWriterV1SaveAsTableSuite" name="replaceUsing on partitioned table with matching on partition column" time="1.352">
                      
                    </testcase><testcase classname="org.apache.spark.sql.delta.DeltaInsertReplaceUsingDFWriterV1SaveAsTableSuite" name="replaceUsing on partitioned table with matching on non-partition column" time="1.31">
                      
                    </testcase><testcase classname="org.apache.spark.sql.delta.DeltaInsertReplaceUsingDFWriterV1SaveAsTableSuite" name="replaceUsing with case insensitive column resolution" time="1.282">
                      
                    </testcase><testcase classname="org.apache.spark.sql.delta.DeltaInsertReplaceUsingDFWriterV1SaveAsTableSuite" name="replaceUsing with case sensitive column resolution errors on casing mismatch" time="0.488">
                      
                    </testcase><testcase classname="org.apache.spark.sql.delta.DeltaInsertReplaceUsingDFWriterV1SaveAsTableSuite" name="replaceUsing with duplicate column references" time="1.242">
                      
                    </testcase><testcase classname="org.apache.spark.sql.delta.DeltaInsertReplaceUsingDFWriterV1SaveAsTableSuite" name="replaceUsing errors when source has extra columns without mergeSchema" time="0.501">
                      
                    </testcase><testcase classname="org.apache.spark.sql.delta.DeltaInsertReplaceUsingDFWriterV1SaveAsTableSuite" name="replaceUsing with fewer source columns fills missing target columns with null" time="1.255">
                      
                    </testcase><testcase classname="org.apache.spark.sql.delta.DeltaInsertReplaceUsingDFWriterV1SaveAsTableSuite" name="replaceUsing errors when source has completely different column names" time="0.49">
                      
                    </testcase><testcase classname="org.apache.spark.sql.delta.DeltaInsertReplaceUsingDFWriterV1SaveAsTableSuite" name="replaceUsing with schema evolution" time="1.268">
                      
                    </testcase><testcase classname="org.apache.spark.sql.delta.DeltaInsertReplaceUsingDFWriterV1SaveAsTableSuite" name="replaceUsing column not in source and target errors" time="0.491">
                      
                    </testcase><testcase classname="org.apache.spark.sql.delta.DeltaInsertReplaceUsingDFWriterV1SaveAsTableSuite" name="replaceUsing column exists in table but not in source errors" time="0.66">
                      
                    </testcase><testcase classname="org.apache.spark.sql.delta.DeltaInsertReplaceUsingDFWriterV1SaveAsTableSuite" name="replaceUsing on non-existent path errors" time="0.036">
                      
                    </testcase><testcase classname="org.apache.spark.sql.delta.DeltaInsertReplaceUsingDFWriterV1SaveAsTableSuite" name="replaceUsing col with source having wider data type than target" time="1.32">
                      
                    </testcase><testcase classname="org.apache.spark.sql.delta.DeltaInsertReplaceUsingDFWriterV1SaveAsTableSuite" name="replaceUsing col with target having wider data type than source" time="1.262">
                      
                    </testcase><testcase classname="org.apache.spark.sql.delta.DeltaInsertReplaceUsingDFWriterV1SaveAsTableSuite" name="replaceUsing self-referencing (read and write same table)" time="1.548">
                      
                    </testcase><testcase classname="org.apache.spark.sql.delta.DeltaInsertReplaceUsingDFWriterV1SaveAsTableSuite" name="DataFrame alias before write does not affect replaceUsing" time="1.243">
                      
                    </testcase><testcase classname="org.apache.spark.sql.delta.DeltaInsertReplaceUsingDFWriterV1SaveAsTableSuite" name="replaceUsing with source from Delta table read" time="1.916">
                      
                    </testcase><testcase classname="org.apache.spark.sql.delta.DeltaInsertReplaceUsingDFWriterV1SaveAsTableSuite" name="replaceUsing with source from join" time="1.256">
                      
                    </testcase><testcase classname="org.apache.spark.sql.delta.DeltaInsertReplaceUsingDFWriterV1SaveAsTableSuite" name="replaceUsing with source from groupBy aggregation" time="1.307">
                      
                    </testcase><testcase classname="org.apache.spark.sql.delta.DeltaInsertReplaceUsingDFWriterV1SaveAsTableSuite" name="replaceUsing with source from union" time="1.224">
                      
                    </testcase><testcase classname="org.apache.spark.sql.delta.DeltaInsertReplaceUsingDFWriterV1SaveAsTableSuite" name="replaceUsing with source from select/withColumn" time="1.233">
                      
                    </testcase><testcase classname="org.apache.spark.sql.delta.DeltaInsertReplaceUsingDFWriterV1SaveAsTableSuite" name="replaceUsing with source from sql() query" time="1.294">
                      
                    </testcase><testcase classname="org.apache.spark.sql.delta.DeltaInsertReplaceUsingDFWriterV1SaveAsTableSuite" name="replaceUsing is blocked on appendOnly table" time="0.758">
                      
                    </testcase><testcase classname="org.apache.spark.sql.delta.DeltaInsertReplaceUsingDFWriterV1SaveAsTableSuite" name="replaceUsing does not apply delta config options to existing table" time="1.232">
                      
                    </testcase><testcase classname="org.apache.spark.sql.delta.DeltaInsertReplaceUsingDFWriterV1SaveAsTableSuite" name="DPO kill switch does not block replaceUsing" time="1.233">
                      
                    </testcase><testcase classname="org.apache.spark.sql.delta.DeltaInsertReplaceUsingDFWriterV1SaveAsTableSuite" name="SQL Conf partitionOverwriteMode=static does not affect replaceUsing" time="1.23">
                      
                    </testcase><testcase classname="org.apache.spark.sql.delta.DeltaInsertReplaceUsingDFWriterV1SaveAsTableSuite" name="SQL Conf partitionOverwriteMode=dynamic does not affect replaceUsing" time="1.237">
                      
                    </testcase><testcase classname="org.apache.spark.sql.delta.DeltaInsertReplaceUsingDFWriterV1SaveAsTableSuite" name="replaceUsing with empty string errors" time="0.469">
                      
                    </testcase><testcase classname="org.apache.spark.sql.delta.DeltaInsertReplaceUsingDFWriterV1SaveAsTableSuite" name="replaceUsing with empty column name errors: ','" time="0.478">
                      
                    </testcase><testcase classname="org.apache.spark.sql.delta.DeltaInsertReplaceUsingDFWriterV1SaveAsTableSuite" name="replaceUsing with empty column name errors: 'id,,value'" time="0.476">
                      
                    </testcase><testcase classname="org.apache.spark.sql.delta.DeltaInsertReplaceUsingDFWriterV1SaveAsTableSuite" name="replaceUsing with empty column name errors: 'id,'" time="0.478">
                      
                    </testcase><testcase classname="org.apache.spark.sql.delta.DeltaInsertReplaceUsingDFWriterV1SaveAsTableSuite" name="replaceUsing with empty column name errors: ',id'" time="0.468">
                      
                    </testcase><testcase classname="org.apache.spark.sql.delta.DeltaInsertReplaceUsingDFWriterV1SaveAsTableSuite" name="replaceUsing option parsing is robust: 'id,key'" time="1.332">
                      
                    </testcase><testcase classname="org.apache.spark.sql.delta.DeltaInsertReplaceUsingDFWriterV1SaveAsTableSuite" name="replaceUsing option parsing is robust: 'id ,key'" time="1.268">
                      
                    </testcase><testcase classname="org.apache.spark.sql.delta.DeltaInsertReplaceUsingDFWriterV1SaveAsTableSuite" name="replaceUsing option parsing is robust: 'id, key'" time="1.223">
                      
                    </testcase><testcase classname="org.apache.spark.sql.delta.DeltaInsertReplaceUsingDFWriterV1SaveAsTableSuite" name="replaceUsing option parsing is robust: 'id , key'" time="1.264">
                      
                    </testcase><testcase classname="org.apache.spark.sql.delta.DeltaInsertReplaceUsingDFWriterV1SaveAsTableSuite" name="replaceUsing option parsing is robust: ' id , key '" time="1.237">
                      
                    </testcase><testcase classname="org.apache.spark.sql.delta.DeltaInsertReplaceUsingDFWriterV1SaveAsTableSuite" name="replaceUsing option parsing is robust: 'id,  key'" time="1.258">
                      
                    </testcase><testcase classname="org.apache.spark.sql.delta.DeltaInsertReplaceUsingDFWriterV1SaveAsTableSuite" name="replaceUsing option parsing is robust: '  id  ,  key  '" time="1.254">
                      
                    </testcase><testcase classname="org.apache.spark.sql.delta.DeltaInsertReplaceUsingDFWriterV1SaveAsTableSuite" name="replaceUsing preserves table properties" time="1.529">
                      
                    </testcase><testcase classname="org.apache.spark.sql.delta.DeltaInsertReplaceUsingDFWriterV1SaveAsTableSuite" name="replaceUsing with userMetadata preserves metadata in commit" time="1.238">
                      
                    </testcase><testcase classname="org.apache.spark.sql.delta.DeltaInsertReplaceUsingDFWriterV1SaveAsTableSuite" name="replaceUsing option key is case insensitive" time="4.862">
                      
                    </testcase><testcase classname="org.apache.spark.sql.delta.DeltaInsertReplaceUsingDFWriterV1SaveAsTableSuite" name="replaceUsing in Append mode does not do selective overwrite" time="1.086">
                      
                    </testcase><testcase classname="org.apache.spark.sql.delta.DeltaInsertReplaceUsingDFWriterV1SaveAsTableSuite" name="saveAsTable: replaceUsing with single column" time="1.315">
                      
                    </testcase><testcase classname="org.apache.spark.sql.delta.DeltaInsertReplaceUsingDFWriterV1SaveAsTableSuite" name="saveAsTable: replaceUsing on empty named table" time="1.001">
                      
                    </testcase><testcase classname="org.apache.spark.sql.delta.DeltaInsertReplaceUsingDFWriterV1SaveAsTableSuite" name="saveAsTable: replaceUsing on non-existent table errors" time="0.039">
                      
                    </testcase><testcase classname="org.apache.spark.sql.delta.DeltaInsertReplaceUsingDFWriterV1SaveAsTableSuite" name="saveAsTable: replaceUsing with schema evolution" time="1.286">
                      
                    </testcase>
          <system-out><![CDATA[]]></system-out>
          <system-err><![CDATA[]]></system-err>
        </testsuite>