<?xml version='1.0' encoding='UTF-8'?>
<testsuite hostname="ip-10-91-24-247" name="org.apache.spark.sql.delta.DeltaInsertReplaceOnOrUsingDFOptionCombinationSuite" tests="62" errors="0" failures="0" skipped="0" time="46.469" timestamp="2026-03-28T00:03:11">
          <properties>
[...]
</properties>
          <testcase classname="org.apache.spark.sql.delta.DeltaInsertReplaceOnOrUsingDFOptionCombinationSuite" name="`replaceOn` should be invalid with `replaceUsing` option, save DataFrameWriterV1 API" time="0.781">
                      
                    </testcase><testcase classname="org.apache.spark.sql.delta.DeltaInsertReplaceOnOrUsingDFOptionCombinationSuite" name="`replaceOn` should be invalid with `replaceUsing` option, saveAsTable DataFrameWriterV1 API" time="0.511">
                      
                    </testcase><testcase classname="org.apache.spark.sql.delta.DeltaInsertReplaceOnOrUsingDFOptionCombinationSuite" name="`replaceWhere` should be invalid with `replaceOn` option, save DataFrameWriterV1 API" time="0.493">
                      
                    </testcase><testcase classname="org.apache.spark.sql.delta.DeltaInsertReplaceOnOrUsingDFOptionCombinationSuite" name="`replaceWhere` should be invalid with `replaceOn` option, insertInto DataFrameWriterV1 API" time="0.483">
                      
                    </testcase><testcase classname="org.apache.spark.sql.delta.DeltaInsertReplaceOnOrUsingDFOptionCombinationSuite" name="`replaceWhere` should be invalid with `replaceOn` option, insertInto path-based DataFrameWriterV1 API" time="0.46">
                      
                    </testcase><testcase classname="org.apache.spark.sql.delta.DeltaInsertReplaceOnOrUsingDFOptionCombinationSuite" name="`replaceWhere` should be invalid with `replaceOn` option, saveAsTable DataFrameWriterV1 API" time="0.477">
                      
                    </testcase><testcase classname="org.apache.spark.sql.delta.DeltaInsertReplaceOnOrUsingDFOptionCombinationSuite" name="`replaceWhere` should be invalid with `replaceOn` option, saveAsTable path-based DataFrameWriterV1 API" time="0.47">
                      
                    </testcase><testcase classname="org.apache.spark.sql.delta.DeltaInsertReplaceOnOrUsingDFOptionCombinationSuite" name="`partitionOverwriteMode` should be invalid with `replaceOn` option, save DataFrameWriterV1 API" time="0.517">
                      
                    </testcase><testcase classname="org.apache.spark.sql.delta.DeltaInsertReplaceOnOrUsingDFOptionCombinationSuite" name="`partitionOverwriteMode` should be invalid with `replaceOn` option, insertInto DataFrameWriterV1 API" time="0.493">
                      
                    </testcase><testcase classname="org.apache.spark.sql.delta.DeltaInsertReplaceOnOrUsingDFOptionCombinationSuite" name="`partitionOverwriteMode` should be invalid with `replaceOn` option, insertInto path-based DataFrameWriterV1 API" time="0.47">
                      
                    </testcase><testcase classname="org.apache.spark.sql.delta.DeltaInsertReplaceOnOrUsingDFOptionCombinationSuite" name="`partitionOverwriteMode` should be invalid with `replaceOn` option, saveAsTable DataFrameWriterV1 API" time="0.482">
                      
                    </testcase><testcase classname="org.apache.spark.sql.delta.DeltaInsertReplaceOnOrUsingDFOptionCombinationSuite" name="`partitionOverwriteMode` should be invalid with `replaceOn` option, saveAsTable path-based DataFrameWriterV1 API" time="0.478">
                      
                    </testcase><testcase classname="org.apache.spark.sql.delta.DeltaInsertReplaceOnOrUsingDFOptionCombinationSuite" name="DataFrameWriterV2 overwrite(predicate) should be invalid with `replaceOn` option" time="0.47">
                      
                    </testcase><testcase classname="org.apache.spark.sql.delta.DeltaInsertReplaceOnOrUsingDFOptionCombinationSuite" name="DataFrameWriterV2 overwritePartitions should be invalid with `replaceOn` option" time="0.477">
                      
                    </testcase><testcase classname="org.apache.spark.sql.delta.DeltaInsertReplaceOnOrUsingDFOptionCombinationSuite" name="SQL session config DPO should not affect `replaceOn` option, save DataFrameWriterV1 API, enableDynamicPartitionOverwrite=true, partitionOverwriteMode=STATIC" time="1.344">
                      
                    </testcase><testcase classname="org.apache.spark.sql.delta.DeltaInsertReplaceOnOrUsingDFOptionCombinationSuite" name="SQL session config DPO should not affect `replaceOn` option, save DataFrameWriterV1 API, enableDynamicPartitionOverwrite=true, partitionOverwriteMode=DYNAMIC" time="1.252">
                      
                    </testcase><testcase classname="org.apache.spark.sql.delta.DeltaInsertReplaceOnOrUsingDFOptionCombinationSuite" name="SQL session config DPO should not affect `replaceOn` option, save DataFrameWriterV1 API, enableDynamicPartitionOverwrite=false, partitionOverwriteMode=STATIC" time="1.226">
                      
                    </testcase><testcase classname="org.apache.spark.sql.delta.DeltaInsertReplaceOnOrUsingDFOptionCombinationSuite" name="SQL session config DPO should not affect `replaceOn` option, save DataFrameWriterV1 API, enableDynamicPartitionOverwrite=false, partitionOverwriteMode=DYNAMIC" time="1.239">
                      
                    </testcase><testcase classname="org.apache.spark.sql.delta.DeltaInsertReplaceOnOrUsingDFOptionCombinationSuite" name="`overwriteSchema`=true should be invalid with `replaceOn`, save DataFrameWriterV1 API" time="0.469">
                      
                    </testcase><testcase classname="org.apache.spark.sql.delta.DeltaInsertReplaceOnOrUsingDFOptionCombinationSuite" name="`overwriteSchema`=true should be invalid with `replaceOn`, saveAsTable DataFrameWriterV1 API" time="0.48">
                      
                    </testcase><testcase classname="org.apache.spark.sql.delta.DeltaInsertReplaceOnOrUsingDFOptionCombinationSuite" name="`overwriteSchema`=true should be invalid with `replaceOn`, insertInto DataFrameWriterV1 API" time="0.481">
                      
                    </testcase><testcase classname="org.apache.spark.sql.delta.DeltaInsertReplaceOnOrUsingDFOptionCombinationSuite" name="`overwriteSchema`=false should be valid with `replaceOn`, save DataFrameWriterV1 API" time="1.242">
                      
                    </testcase><testcase classname="org.apache.spark.sql.delta.DeltaInsertReplaceOnOrUsingDFOptionCombinationSuite" name="`overwriteSchema`=false should be valid with `replaceOn`, saveAsTable DataFrameWriterV1 API" time="1.227">
                      
                    </testcase><testcase classname="org.apache.spark.sql.delta.DeltaInsertReplaceOnOrUsingDFOptionCombinationSuite" name="`overwriteSchema`=false should be valid with `replaceOn`, insertInto DataFrameWriterV1 API" time="1.218">
                      
                    </testcase><testcase classname="org.apache.spark.sql.delta.DeltaInsertReplaceOnOrUsingDFOptionCombinationSuite" name="`dataChange`=false should be invalid with `replaceOn`, save DataFrameWriterV1 API" time="0.465">
                      
                    </testcase><testcase classname="org.apache.spark.sql.delta.DeltaInsertReplaceOnOrUsingDFOptionCombinationSuite" name="`dataChange`=false should be invalid with `replaceOn`, saveAsTable DataFrameWriterV1 API" time="0.482">
                      
                    </testcase><testcase classname="org.apache.spark.sql.delta.DeltaInsertReplaceOnOrUsingDFOptionCombinationSuite" name="`dataChange`=false should be invalid with `replaceOn`, insertInto DataFrameWriterV1 API" time="0.479">
                      
                    </testcase><testcase classname="org.apache.spark.sql.delta.DeltaInsertReplaceOnOrUsingDFOptionCombinationSuite" name="`overwriteSchema`=true in Append mode should just append with `replaceOn`, save DataFrameWriterV1 API" time="1.033">
                      
                    </testcase><testcase classname="org.apache.spark.sql.delta.DeltaInsertReplaceOnOrUsingDFOptionCombinationSuite" name="`dataChange`=true should be valid with `replaceOn`, save DataFrameWriterV1 API" time="1.219">
                      
                    </testcase><testcase classname="org.apache.spark.sql.delta.DeltaInsertReplaceOnOrUsingDFOptionCombinationSuite" name="`dataChange`=true should be valid with `replaceOn`, saveAsTable DataFrameWriterV1 API" time="1.236">
                      
                    </testcase><testcase classname="org.apache.spark.sql.delta.DeltaInsertReplaceOnOrUsingDFOptionCombinationSuite" name="`dataChange`=true should be valid with `replaceOn`, insertInto DataFrameWriterV1 API" time="1.245">
                      
                    </testcase><testcase classname="org.apache.spark.sql.delta.DeltaInsertReplaceOnOrUsingDFOptionCombinationSuite" name="`replaceWhere` should be invalid with `replaceUsing` option, save DataFrameWriterV1 API" time="0.474">
                      
                    </testcase><testcase classname="org.apache.spark.sql.delta.DeltaInsertReplaceOnOrUsingDFOptionCombinationSuite" name="`replaceWhere` should be invalid with `replaceUsing` option, insertInto DataFrameWriterV1 API" time="0.478">
                      
                    </testcase><testcase classname="org.apache.spark.sql.delta.DeltaInsertReplaceOnOrUsingDFOptionCombinationSuite" name="`replaceWhere` should be invalid with `replaceUsing` option, insertInto path-based DataFrameWriterV1 API" time="0.465">
                      
                    </testcase><testcase classname="org.apache.spark.sql.delta.DeltaInsertReplaceOnOrUsingDFOptionCombinationSuite" name="`replaceWhere` should be invalid with `replaceUsing` option, saveAsTable DataFrameWriterV1 API" time="0.473">
                      
                    </testcase><testcase classname="org.apache.spark.sql.delta.DeltaInsertReplaceOnOrUsingDFOptionCombinationSuite" name="`replaceWhere` should be invalid with `replaceUsing` option, saveAsTable path-based DataFrameWriterV1 API" time="0.47">
                      
                    </testcase><testcase classname="org.apache.spark.sql.delta.DeltaInsertReplaceOnOrUsingDFOptionCombinationSuite" name="`partitionOverwriteMode` should be invalid with `replaceUsing` option, save DataFrameWriterV1 API" time="0.478">
                      
                    </testcase><testcase classname="org.apache.spark.sql.delta.DeltaInsertReplaceOnOrUsingDFOptionCombinationSuite" name="`partitionOverwriteMode` should be invalid with `replaceUsing` option, insertInto DataFrameWriterV1 API" time="0.482">
                      
                    </testcase><testcase classname="org.apache.spark.sql.delta.DeltaInsertReplaceOnOrUsingDFOptionCombinationSuite" name="`partitionOverwriteMode` should be invalid with `replaceUsing` option, insertInto path-based DataFrameWriterV1 API" time="0.469">
                      
                    </testcase><testcase classname="org.apache.spark.sql.delta.DeltaInsertReplaceOnOrUsingDFOptionCombinationSuite" name="`partitionOverwriteMode` should be invalid with `replaceUsing` option, saveAsTable DataFrameWriterV1 API" time="0.487">
                      
                    </testcase><testcase classname="org.apache.spark.sql.delta.DeltaInsertReplaceOnOrUsingDFOptionCombinationSuite" name="`partitionOverwriteMode` should be invalid with `replaceUsing` option, saveAsTable path-based DataFrameWriterV1 API" time="0.486">
                      
                    </testcase><testcase classname="org.apache.spark.sql.delta.DeltaInsertReplaceOnOrUsingDFOptionCombinationSuite" name="DataFrameWriterV2 overwrite(predicate) should be invalid with `replaceUsing` option" time="0.487">
                      
                    </testcase><testcase classname="org.apache.spark.sql.delta.DeltaInsertReplaceOnOrUsingDFOptionCombinationSuite" name="DataFrameWriterV2 overwritePartitions should be invalid with `replaceUsing` option" time="0.486">
                      
                    </testcase><testcase classname="org.apache.spark.sql.delta.DeltaInsertReplaceOnOrUsingDFOptionCombinationSuite" name="SQL session config DPO should not affect `replaceUsing` option, save DataFrameWriterV1 API, enableDynamicPartitionOverwrite=true, partitionOverwriteMode=STATIC" time="1.271">
                      
                    </testcase><testcase classname="org.apache.spark.sql.delta.DeltaInsertReplaceOnOrUsingDFOptionCombinationSuite" name="SQL session config DPO should not affect `replaceUsing` option, save DataFrameWriterV1 API, enableDynamicPartitionOverwrite=true, partitionOverwriteMode=DYNAMIC" time="1.222">
                      
                    </testcase><testcase classname="org.apache.spark.sql.delta.DeltaInsertReplaceOnOrUsingDFOptionCombinationSuite" name="SQL session config DPO should not affect `replaceUsing` option, save DataFrameWriterV1 API, enableDynamicPartitionOverwrite=false, partitionOverwriteMode=STATIC" time="1.227">
                      
                    </testcase><testcase classname="org.apache.spark.sql.delta.DeltaInsertReplaceOnOrUsingDFOptionCombinationSuite" name="SQL session config DPO should not affect `replaceUsing` option, save DataFrameWriterV1 API, enableDynamicPartitionOverwrite=false, partitionOverwriteMode=DYNAMIC" time="1.25">
                      
                    </testcase><testcase classname="org.apache.spark.sql.delta.DeltaInsertReplaceOnOrUsingDFOptionCombinationSuite" name="`overwriteSchema`=true should be invalid with `replaceUsing`, save DataFrameWriterV1 API" time="0.467">
                      
                    </testcase><testcase classname="org.apache.spark.sql.delta.DeltaInsertReplaceOnOrUsingDFOptionCombinationSuite" name="`overwriteSchema`=true should be invalid with `replaceUsing`, saveAsTable DataFrameWriterV1 API" time="0.484">
                      
                    </testcase><testcase classname="org.apache.spark.sql.delta.DeltaInsertReplaceOnOrUsingDFOptionCombinationSuite" name="`overwriteSchema`=true should be invalid with `replaceUsing`, insertInto DataFrameWriterV1 API" time="0.475">
                      
                    </testcase><testcase classname="org.apache.spark.sql.delta.DeltaInsertReplaceOnOrUsingDFOptionCombinationSuite" name="`overwriteSchema`=false should be valid with `replaceUsing`, save DataFrameWriterV1 API" time="1.225">
                      
                    </testcase><testcase classname="org.apache.spark.sql.delta.DeltaInsertReplaceOnOrUsingDFOptionCombinationSuite" name="`overwriteSchema`=false should be valid with `replaceUsing`, saveAsTable DataFrameWriterV1 API" time="1.247">
                      
                    </testcase><testcase classname="org.apache.spark.sql.delta.DeltaInsertReplaceOnOrUsingDFOptionCombinationSuite" name="`overwriteSchema`=false should be valid with `replaceUsing`, insertInto DataFrameWriterV1 API" time="1.256">
                      
                    </testcase><testcase classname="org.apache.spark.sql.delta.DeltaInsertReplaceOnOrUsingDFOptionCombinationSuite" name="`dataChange`=false should be invalid with `replaceUsing`, save DataFrameWriterV1 API" time="0.487">
                      
                    </testcase><testcase classname="org.apache.spark.sql.delta.DeltaInsertReplaceOnOrUsingDFOptionCombinationSuite" name="`dataChange`=false should be invalid with `replaceUsing`, saveAsTable DataFrameWriterV1 API" time="0.489">
                      
                    </testcase><testcase classname="org.apache.spark.sql.delta.DeltaInsertReplaceOnOrUsingDFOptionCombinationSuite" name="`dataChange`=false should be invalid with `replaceUsing`, insertInto DataFrameWriterV1 API" time="0.486">
                      
                    </testcase><testcase classname="org.apache.spark.sql.delta.DeltaInsertReplaceOnOrUsingDFOptionCombinationSuite" name="`overwriteSchema`=true in Append mode should just append with `replaceUsing`, save DataFrameWriterV1 API" time="1.1">
                      
                    </testcase><testcase classname="org.apache.spark.sql.delta.DeltaInsertReplaceOnOrUsingDFOptionCombinationSuite" name="`dataChange`=true should be valid with `replaceUsing`, save DataFrameWriterV1 API" time="1.275">
                      
                    </testcase><testcase classname="org.apache.spark.sql.delta.DeltaInsertReplaceOnOrUsingDFOptionCombinationSuite" name="`dataChange`=true should be valid with `replaceUsing`, saveAsTable DataFrameWriterV1 API" time="1.219">
                      
                    </testcase><testcase classname="org.apache.spark.sql.delta.DeltaInsertReplaceOnOrUsingDFOptionCombinationSuite" name="`dataChange`=true should be valid with `replaceUsing`, insertInto DataFrameWriterV1 API" time="1.227">
                      
                    </testcase><testcase classname="org.apache.spark.sql.delta.DeltaInsertReplaceOnOrUsingDFOptionCombinationSuite" name="`overwriteSchema`=true should be invalid with `replaceOn` (case insensitive)" time="0.46">
                      
                    </testcase><testcase classname="org.apache.spark.sql.delta.DeltaInsertReplaceOnOrUsingDFOptionCombinationSuite" name="`overwriteSchema`=true should be invalid with `replaceUsing` (case insensitive)" time="0.468">
                      
                    </testcase>
          <system-out><![CDATA[]]></system-out>
          <system-err><![CDATA[]]></system-err>
        </testsuite>