<?xml version='1.0' encoding='UTF-8'?>
<testsuite hostname="ip-10-91-24-247" name="org.apache.spark.sql.delta.generatedsuites.DeleteBaseSQLPathBasedCDCOnSuite" tests="40" errors="0" failures="2" skipped="0" time="87.287" timestamp="2026-03-27T16:31:35">
          <properties>
[...]
</properties>
          <testcase classname="org.apache.spark.sql.delta.generatedsuites.DeleteBaseSQLPathBasedCDCOnSuite" name="basic case - Partition=true" time="8.662">
                      
                    </testcase><testcase classname="org.apache.spark.sql.delta.generatedsuites.DeleteBaseSQLPathBasedCDCOnSuite" name="basic case - Partition=false" time="1.582">
                      
                    </testcase><testcase classname="org.apache.spark.sql.delta.generatedsuites.DeleteBaseSQLPathBasedCDCOnSuite" name="basic case - delete from a Delta table - Partition=true" time="4.672">
                      
                    </testcase><testcase classname="org.apache.spark.sql.delta.generatedsuites.DeleteBaseSQLPathBasedCDCOnSuite" name="basic case - delete from a Delta table - Partition=false" time="3.919">
                      
                    </testcase><testcase classname="org.apache.spark.sql.delta.generatedsuites.DeleteBaseSQLPathBasedCDCOnSuite" name="basic key columns - Partition=true" time="2.247">
                      
                    </testcase><testcase classname="org.apache.spark.sql.delta.generatedsuites.DeleteBaseSQLPathBasedCDCOnSuite" name="basic key columns - Partition=false" time="2.664">
                      
                    </testcase><testcase classname="org.apache.spark.sql.delta.generatedsuites.DeleteBaseSQLPathBasedCDCOnSuite" name="where key columns - Partition=true" time="2.482">
                      
                    </testcase><testcase classname="org.apache.spark.sql.delta.generatedsuites.DeleteBaseSQLPathBasedCDCOnSuite" name="where key columns - Partition=false" time="3.127">
                      
                    </testcase><testcase classname="org.apache.spark.sql.delta.generatedsuites.DeleteBaseSQLPathBasedCDCOnSuite" name="where data columns - Partition=true" time="3.296">
                      
                    </testcase><testcase classname="org.apache.spark.sql.delta.generatedsuites.DeleteBaseSQLPathBasedCDCOnSuite" name="where data columns - Partition=false" time="3.234">
                      
                    </testcase><testcase classname="org.apache.spark.sql.delta.generatedsuites.DeleteBaseSQLPathBasedCDCOnSuite" name="where data columns and partition columns" time="3.392">
                      
                    </testcase><testcase classname="org.apache.spark.sql.delta.generatedsuites.DeleteBaseSQLPathBasedCDCOnSuite" name="data and partition columns - Partition=true Skipping=true" time="3.159">
                      
                    </testcase><testcase classname="org.apache.spark.sql.delta.generatedsuites.DeleteBaseSQLPathBasedCDCOnSuite" name="data and partition columns - Partition=false Skipping=true" time="3.421">
                      
                    </testcase><testcase classname="org.apache.spark.sql.delta.generatedsuites.DeleteBaseSQLPathBasedCDCOnSuite" name="data and partition columns - Partition=true Skipping=false" time="3.254">
                      
                    </testcase><testcase classname="org.apache.spark.sql.delta.generatedsuites.DeleteBaseSQLPathBasedCDCOnSuite" name="data and partition columns - Partition=false Skipping=false" time="3.286">
                      
                    </testcase><testcase classname="org.apache.spark.sql.delta.generatedsuites.DeleteBaseSQLPathBasedCDCOnSuite" name="Negative case - non-Delta target" time="0.16">
                      
                    </testcase><testcase classname="org.apache.spark.sql.delta.generatedsuites.DeleteBaseSQLPathBasedCDCOnSuite" name="Negative case - non-deterministic condition" time="0.526">
                      
                    </testcase><testcase classname="org.apache.spark.sql.delta.generatedsuites.DeleteBaseSQLPathBasedCDCOnSuite" name="Negative case - DELETE the child directory" time="0.707">
                      
                    </testcase><testcase classname="org.apache.spark.sql.delta.generatedsuites.DeleteBaseSQLPathBasedCDCOnSuite" name="delete cached table by name" time="1.631">
                      
                    </testcase><testcase classname="org.apache.spark.sql.delta.generatedsuites.DeleteBaseSQLPathBasedCDCOnSuite" name="delete cached table" time="1.53">
                      
                    </testcase><testcase classname="org.apache.spark.sql.delta.generatedsuites.DeleteBaseSQLPathBasedCDCOnSuite" name="condition having current_date - Partition=true" time="1.844">
                      
                    </testcase><testcase classname="org.apache.spark.sql.delta.generatedsuites.DeleteBaseSQLPathBasedCDCOnSuite" name="condition having current_date - Partition=false" time="2.257">
                      
                    </testcase><testcase classname="org.apache.spark.sql.delta.generatedsuites.DeleteBaseSQLPathBasedCDCOnSuite" name="condition having current_timestamp - Partition by Timestamp" time="1.782">
                      
                    </testcase><testcase classname="org.apache.spark.sql.delta.generatedsuites.DeleteBaseSQLPathBasedCDCOnSuite" name="foldable condition - Partition=true" time="1.969">
                      
                    </testcase><testcase classname="org.apache.spark.sql.delta.generatedsuites.DeleteBaseSQLPathBasedCDCOnSuite" name="foldable condition - Partition=false" time="1.92">
                      
                    </testcase><testcase classname="org.apache.spark.sql.delta.generatedsuites.DeleteBaseSQLPathBasedCDCOnSuite" name="SC-12232: should not delete the rows where condition evaluates to null" time="2.5">
                      
                    </testcase><testcase classname="org.apache.spark.sql.delta.generatedsuites.DeleteBaseSQLPathBasedCDCOnSuite" name="SC-12232: delete rows with null values using isNull" time="1.315">
                      
                    </testcase><testcase classname="org.apache.spark.sql.delta.generatedsuites.DeleteBaseSQLPathBasedCDCOnSuite" name="SC-12232: delete rows with null values using EqualNullSafe" time="1.287">
                      
                    </testcase><testcase classname="org.apache.spark.sql.delta.generatedsuites.DeleteBaseSQLPathBasedCDCOnSuite" name="delete with scalar subquery" time="1.472">
                      
                    </testcase><testcase classname="org.apache.spark.sql.delta.generatedsuites.DeleteBaseSQLPathBasedCDCOnSuite" name="delete with correlated EXISTS subquery" time="0.832">
                      <failure message="org.apache.spark.SparkException: [INTERNAL_ERROR_ATTRIBUTE_NOT_FOUND] Could not find c#57761 in [key#57908,value#57909]. SQLSTATE: XX000" type="sbt.ForkMain$ForkError">sbt.ForkMain$ForkError: org.apache.spark.SparkException: [INTERNAL_ERROR_ATTRIBUTE_NOT_FOUND] Could not find c#57761 in [key#57908,value#57909]. SQLSTATE: XX000
	at org.apache.spark.sql.catalyst.expressions.BindReferences$.attributeNotFoundException(BoundAttribute.scala:109)
	at org.apache.spark.sql.catalyst.expressions.BindReferences$$anonfun$bindReference$1.applyOrElse(BoundAttribute.scala:80)
	at org.apache.spark.sql.catalyst.expressions.BindReferences$$anonfun$bindReference$1.applyOrElse(BoundAttribute.scala:74)
	at org.apache.spark.sql.catalyst.trees.TreeNode.$anonfun$transformDownWithPruning$1(TreeNode.scala:491)
	at org.apache.spark.sql.catalyst.trees.CurrentOrigin$.withOrigin(origin.scala:107)
	at org.apache.spark.sql.catalyst.trees.TreeNode.transformDownWithPruning(TreeNode.scala:491)
	at org.apache.spark.sql.catalyst.trees.TreeNode.$anonfun$transformDownWithPruning$3(TreeNode.scala:496)
	at org.apache.spark.sql.catalyst.trees.BinaryLike.mapChildren(TreeNode.scala:1292)
	at org.apache.spark.sql.catalyst.trees.BinaryLike.mapChildren$(TreeNode.scala:1289)
	at org.apache.spark.sql.catalyst.expressions.BinaryExpression.mapChildren(Expression.scala:707)
	at org.apache.spark.sql.catalyst.trees.TreeNode.transformDownWithPruning(TreeNode.scala:496)
	at org.apache.spark.sql.catalyst.trees.TreeNode.transformDown(TreeNode.scala:467)
	at org.apache.spark.sql.catalyst.trees.TreeNode.transform(TreeNode.scala:435)
	at org.apache.spark.sql.catalyst.expressions.BindReferences$.bindReference(BoundAttribute.scala:74)
	at org.apache.spark.sql.execution.joins.JoinCodegenSupport.getJoinCondition(JoinCodegenSupport.scala:59)
	at org.apache.spark.sql.execution.joins.JoinCodegenSupport.getJoinCondition$(JoinCodegenSupport.scala:37)
	at org.apache.spark.sql.execution.joins.BroadcastNestedLoopJoinExec.getJoinCondition(BroadcastNestedLoopJoinExec.scala:34)
	at org.apache.spark.sql.execution.joins.BroadcastNestedLoopJoinExec.codegenLeftExistence(BroadcastNestedLoopJoinExec.scala:576)
	at org.apache.spark.sql.execution.joins.BroadcastNestedLoopJoinExec.doConsume(BroadcastNestedLoopJoinExec.scala:450)
	at org.apache.spark.sql.execution.CodegenSupport.consume(WholeStageCodegenExec.scala:200)
	at org.apache.spark.sql.execution.CodegenSupport.consume$(WholeStageCodegenExec.scala:153)
	at org.apache.spark.sql.execution.ColumnarToRowExec.consume(Columnar.scala:67)
	at org.apache.spark.sql.execution.ColumnarToRowExec.doProduce(Columnar.scala:189)
	at org.apache.spark.sql.execution.CodegenSupport.$anonfun$produce$1(WholeStageCodegenExec.scala:99)
	at org.apache.spark.sql.execution.SparkPlan.$anonfun$executeQuery$1(SparkPlan.scala:260)
	at org.apache.spark.rdd.RDDOperationScope$.withScope(RDDOperationScope.scala:151)
	at org.apache.spark.sql.execution.SparkPlan.executeQuery(SparkPlan.scala:257)
	at org.apache.spark.sql.execution.CodegenSupport.produce(WholeStageCodegenExec.scala:94)
	at org.apache.spark.sql.execution.CodegenSupport.produce$(WholeStageCodegenExec.scala:94)
	at org.apache.spark.sql.execution.ColumnarToRowExec.produce(Columnar.scala:67)
	at org.apache.spark.sql.execution.joins.BroadcastNestedLoopJoinExec.doProduce(BroadcastNestedLoopJoinExec.scala:442)
	at org.apache.spark.sql.execution.CodegenSupport.$anonfun$produce$1(WholeStageCodegenExec.scala:99)
	at org.apache.spark.sql.execution.SparkPlan.$anonfun$executeQuery$1(SparkPlan.scala:260)
	at org.apache.spark.rdd.RDDOperationScope$.withScope(RDDOperationScope.scala:151)
	at org.apache.spark.sql.execution.SparkPlan.executeQuery(SparkPlan.scala:257)
	at org.apache.spark.sql.execution.CodegenSupport.produce(WholeStageCodegenExec.scala:94)
	at org.apache.spark.sql.execution.CodegenSupport.produce$(WholeStageCodegenExec.scala:94)
	at org.apache.spark.sql.execution.joins.BroadcastNestedLoopJoinExec.produce(BroadcastNestedLoopJoinExec.scala:34)
	at org.apache.spark.sql.execution.ProjectExec.doProduce(basicPhysicalOperators.scala:55)
	at org.apache.spark.sql.execution.CodegenSupport.$anonfun$produce$1(WholeStageCodegenExec.scala:99)
	at org.apache.spark.sql.execution.SparkPlan.$anonfun$executeQuery$1(SparkPlan.scala:260)
	at org.apache.spark.rdd.RDDOperationScope$.withScope(RDDOperationScope.scala:151)
	at org.apache.spark.sql.execution.SparkPlan.executeQuery(SparkPlan.scala:257)
	at org.apache.spark.sql.execution.CodegenSupport.produce(WholeStageCodegenExec.scala:94)
	at org.apache.spark.sql.execution.CodegenSupport.produce$(WholeStageCodegenExec.scala:94)
	at org.apache.spark.sql.execution.ProjectExec.produce(basicPhysicalOperators.scala:42)
	at org.apache.spark.sql.execution.WholeStageCodegenExec.doCodeGen(WholeStageCodegenExec.scala:668)
	at org.apache.spark.sql.execution.WholeStageCodegenExec.doExecute(WholeStageCodegenExec.scala:731)
	at org.apache.spark.sql.execution.SparkPlan.$anonfun$executeRDD$1(SparkPlan.scala:188)
	at scala.util.Try$.apply(Try.scala:217)
	at org.apache.spark.util.Utils$.doTryWithCallerStacktrace(Utils.scala:1392)
	at org.apache.spark.util.LazyTry.tryT$lzycompute(LazyTry.scala:46)
	at org.apache.spark.util.LazyTry.tryT(LazyTry.scala:46)
	at org.apache.spark.util.LazyTry.get(LazyTry.scala:58)
	at org.apache.spark.sql.execution.SparkPlan.$anonfun$execute$1(SparkPlan.scala:201)
	at org.apache.spark.sql.execution.SparkPlan.$anonfun$executeQuery$1(SparkPlan.scala:260)
	at org.apache.spark.rdd.RDDOperationScope$.withScope(RDDOperationScope.scala:151)
	at org.apache.spark.sql.execution.SparkPlan.executeQuery(SparkPlan.scala:257)
	at org.apache.spark.sql.execution.SparkPlan.execute(SparkPlan.scala:197)
	at org.apache.spark.sql.execution.UnionExec.$anonfun$doExecute$4(basicPhysicalOperators.scala:766)
	at scala.collection.immutable.Vector1.map(Vector.scala:2155)
	at scala.collection.immutable.Vector1.map(Vector.scala:386)
	at org.apache.spark.sql.execution.UnionExec.doExecute(basicPhysicalOperators.scala:766)
	at org.apache.spark.sql.execution.SparkPlan.$anonfun$executeRDD$1(SparkPlan.scala:188)
	at scala.util.Try$.apply(Try.scala:217)
	at org.apache.spark.util.Utils$.doTryWithCallerStacktrace(Utils.scala:1392)
	at org.apache.spark.util.LazyTry.tryT$lzycompute(LazyTry.scala:46)
	at org.apache.spark.util.LazyTry.tryT(LazyTry.scala:46)
	at org.apache.spark.util.LazyTry.get(LazyTry.scala:58)
	at org.apache.spark.sql.execution.SparkPlan.$anonfun$execute$1(SparkPlan.scala:201)
	at org.apache.spark.sql.execution.SparkPlan.$anonfun$executeQuery$1(SparkPlan.scala:260)
	at org.apache.spark.rdd.RDDOperationScope$.withScope(RDDOperationScope.scala:151)
	at org.apache.spark.sql.execution.SparkPlan.executeQuery(SparkPlan.scala:257)
	at org.apache.spark.sql.execution.SparkPlan.execute(SparkPlan.scala:197)
	at org.apache.spark.sql.execution.adaptive.AdaptiveSparkPlanExec.$anonfun$doExecute$1(AdaptiveSparkPlanExec.scala:408)
	at org.apache.spark.sql.execution.adaptive.ResultQueryStageExec.$anonfun$doMaterialize$1(QueryStageExec.scala:328)
	at org.apache.spark.sql.execution.SQLExecution$.$anonfun$withThreadLocalCaptured$4(SQLExecution.scala:334)
	at org.apache.spark.sql.execution.SQLExecution$.withSessionTagsApplied(SQLExecution.scala:284)
	at org.apache.spark.sql.execution.SQLExecution$.$anonfun$withThreadLocalCaptured$3(SQLExecution.scala:332)
	at org.apache.spark.JobArtifactSet$.withActiveJobArtifactState(JobArtifactSet.scala:94)
	at org.apache.spark.sql.execution.SQLExecution$.$anonfun$withThreadLocalCaptured$2(SQLExecution.scala:328)
	at java.base/java.util.concurrent.CompletableFuture$AsyncSupply.run(CompletableFuture.java:1768)
	at java.base/java.util.concurrent.ThreadPoolExecutor.runWorker(ThreadPoolExecutor.java:1136)
	at java.base/java.util.concurrent.ThreadPoolExecutor$Worker.run(ThreadPoolExecutor.java:635)
	at java.base/java.lang.Thread.run(Thread.java:840)
	at org.apache.spark.util.Utils$.getTryWithCallerStacktrace(Utils.scala:1453)
	at org.apache.spark.util.LazyTry.get(LazyTry.scala:58)
	at org.apache.spark.sql.execution.QueryExecution.commandExecuted(QueryExecution.scala:160)
	at org.apache.spark.sql.classic.Dataset.&lt;init&gt;(Dataset.scala:276)
	at org.apache.spark.sql.classic.Dataset$.$anonfun$ofRows$5(Dataset.scala:139)
	at org.apache.spark.sql.SparkSession.withActive(SparkSession.scala:804)
	at org.apache.spark.sql.classic.Dataset$.ofRows(Dataset.scala:135)
	at org.apache.spark.sql.classic.SparkSession.$anonfun$sql$4(SparkSession.scala:584)
	at org.apache.spark.sql.SparkSession.withActive(SparkSession.scala:804)
	at org.apache.spark.sql.classic.SparkSession.sql(SparkSession.scala:561)
	at org.apache.spark.sql.classic.SparkSession.sql(SparkSession.scala:589)
	at org.apache.spark.sql.classic.SparkSession.sql(SparkSession.scala:680)
	at org.apache.spark.sql.test.SQLTestUtilsBase.$anonfun$sql$1(SQLTestUtils.scala:234)
	at org.apache.spark.sql.delta.DeleteSQLMixin.executeDelete(DeleteSQLSuite.scala:30)
	at org.apache.spark.sql.delta.DeleteSQLMixin.executeDelete$(DeleteSQLSuite.scala:28)
	at org.apache.spark.sql.delta.generatedsuites.DeleteBaseSQLPathBasedCDCOnSuite.executeDelete(DeleteSuitesDeleteBaseTests.scala:40)
	at org.apache.spark.sql.delta.DeleteBaseTests.$anonfun$$init$$42(DeleteSuiteBase.scala:400)
	at scala.runtime.java8.JFunction0$mcV$sp.apply(JFunction0$mcV$sp.scala:18)
	at org.scalatest.enablers.Timed$$anon$1.timeoutAfter(Timed.scala:127)
	at org.scalatest.concurrent.TimeLimits$.failAfterImpl(TimeLimits.scala:282)
	at org.scalatest.concurrent.TimeLimits.failAfter(TimeLimits.scala:231)
	at org.scalatest.concurrent.TimeLimits.failAfter$(TimeLimits.scala:230)
	at org.apache.spark.SparkFunSuite.failAfter(SparkFunSuite.scala:68)
	at org.apache.spark.SparkFunSuite.$anonfun$test$2(SparkFunSuite.scala:154)
	at org.scalatest.OutcomeOf.outcomeOf(OutcomeOf.scala:85)
	at org.scalatest.OutcomeOf.outcomeOf$(OutcomeOf.scala:83)
	at org.scalatest.OutcomeOf$.outcomeOf(OutcomeOf.scala:104)
	at org.scalatest.Transformer.apply(Transformer.scala:22)
	at org.scalatest.Transformer.apply(Transformer.scala:20)
	at org.scalatest.funsuite.AnyFunSuiteLike$$anon$1.apply(AnyFunSuiteLike.scala:226)
	at org.apache.spark.SparkFunSuite.withFixture(SparkFunSuite.scala:226)
	at org.scalatest.funsuite.AnyFunSuiteLike.invokeWithFixture$1(AnyFunSuiteLike.scala:224)
	at org.scalatest.funsuite.AnyFunSuiteLike.$anonfun$runTest$1(AnyFunSuiteLike.scala:236)
	at org.scalatest.SuperEngine.runTestImpl(Engine.scala:306)
	at org.scalatest.funsuite.AnyFunSuiteLike.runTest(AnyFunSuiteLike.scala:236)
	at org.scalatest.funsuite.AnyFunSuiteLike.runTest$(AnyFunSuiteLike.scala:218)
	at org.apache.spark.SparkFunSuite.org$scalatest$BeforeAndAfterEach$$super$runTest(SparkFunSuite.scala:68)
	at org.scalatest.BeforeAndAfterEach.runTest(BeforeAndAfterEach.scala:234)
	at org.scalatest.BeforeAndAfterEach.runTest$(BeforeAndAfterEach.scala:227)
	at org.apache.spark.SparkFunSuite.runTest(SparkFunSuite.scala:68)
	at org.scalatest.funsuite.AnyFunSuiteLike.$anonfun$runTests$1(AnyFunSuiteLike.scala:269)
	at org.scalatest.SuperEngine.$anonfun$runTestsInBranch$1(Engine.scala:413)
	at scala.collection.immutable.List.foreach(List.scala:323)
	at org.scalatest.SuperEngine.traverseSubNodes$1(Engine.scala:401)
	at org.scalatest.SuperEngine.runTestsInBranch(Engine.scala:396)
	at org.scalatest.SuperEngine.runTestsImpl(Engine.scala:475)
	at org.scalatest.funsuite.AnyFunSuiteLike.runTests(AnyFunSuiteLike.scala:269)
	at org.scalatest.funsuite.AnyFunSuiteLike.runTests$(AnyFunSuiteLike.scala:268)
	at org.scalatest.funsuite.AnyFunSuite.runTests(AnyFunSuite.scala:1564)
	at org.scalatest.Suite.run(Suite.scala:1114)
	at org.scalatest.Suite.run$(Suite.scala:1096)
	at org.scalatest.funsuite.AnyFunSuite.org$scalatest$funsuite$AnyFunSuiteLike$$super$run(AnyFunSuite.scala:1564)
	at org.scalatest.funsuite.AnyFunSuiteLike.$anonfun$run$1(AnyFunSuiteLike.scala:273)
	at org.scalatest.SuperEngine.runImpl(Engine.scala:535)
	at org.scalatest.funsuite.AnyFunSuiteLike.run(AnyFunSuiteLike.scala:273)
	at org.scalatest.funsuite.AnyFunSuiteLike.run$(AnyFunSuiteLike.scala:272)
	at org.apache.spark.SparkFunSuite.org$scalatest$BeforeAndAfterAll$$super$run(SparkFunSuite.scala:68)
	at org.scalatest.BeforeAndAfterAll.liftedTree1$1(BeforeAndAfterAll.scala:213)
	at org.scalatest.BeforeAndAfterAll.run(BeforeAndAfterAll.scala:210)
	at org.scalatest.BeforeAndAfterAll.run$(BeforeAndAfterAll.scala:208)
	at org.apache.spark.SparkFunSuite.run(SparkFunSuite.scala:68)
	at org.scalatest.tools.Framework.org$scalatest$tools$Framework$$runSuite(Framework.scala:321)
	at org.scalatest.tools.Framework$ScalaTestTask.execute(Framework.scala:517)
	at sbt.ForkMain$Run.lambda$runTest$1(ForkMain.java:414)
	at java.base/java.util.concurrent.FutureTask.run(FutureTask.java:264)
	at java.base/java.util.concurrent.ThreadPoolExecutor.runWorker(ThreadPoolExecutor.java:1136)
	at java.base/java.util.concurrent.ThreadPoolExecutor$Worker.run(ThreadPoolExecutor.java:635)
	at java.base/java.lang.Thread.run(Thread.java:840)
</failure>
                    </testcase><testcase classname="org.apache.spark.sql.delta.generatedsuites.DeleteBaseSQLPathBasedCDCOnSuite" name="delete with correlated NOT EXISTS subquery" time="0.75">
                      <failure message="org.apache.spark.SparkException: [INTERNAL_ERROR_ATTRIBUTE_NOT_FOUND] Could not find c#58483 in [key#58630,value#58631]. SQLSTATE: XX000" type="sbt.ForkMain$ForkError">sbt.ForkMain$ForkError: org.apache.spark.SparkException: [INTERNAL_ERROR_ATTRIBUTE_NOT_FOUND] Could not find c#58483 in [key#58630,value#58631]. SQLSTATE: XX000
	at org.apache.spark.sql.catalyst.expressions.BindReferences$.attributeNotFoundException(BoundAttribute.scala:109)
	at org.apache.spark.sql.catalyst.expressions.BindReferences$$anonfun$bindReference$1.applyOrElse(BoundAttribute.scala:80)
	at org.apache.spark.sql.catalyst.expressions.BindReferences$$anonfun$bindReference$1.applyOrElse(BoundAttribute.scala:74)
	at org.apache.spark.sql.catalyst.trees.TreeNode.$anonfun$transformDownWithPruning$1(TreeNode.scala:491)
	at org.apache.spark.sql.catalyst.trees.CurrentOrigin$.withOrigin(origin.scala:107)
	at org.apache.spark.sql.catalyst.trees.TreeNode.transformDownWithPruning(TreeNode.scala:491)
	at org.apache.spark.sql.catalyst.trees.TreeNode.$anonfun$transformDownWithPruning$3(TreeNode.scala:496)
	at org.apache.spark.sql.catalyst.trees.BinaryLike.mapChildren(TreeNode.scala:1292)
	at org.apache.spark.sql.catalyst.trees.BinaryLike.mapChildren$(TreeNode.scala:1289)
	at org.apache.spark.sql.catalyst.expressions.BinaryExpression.mapChildren(Expression.scala:707)
	at org.apache.spark.sql.catalyst.trees.TreeNode.transformDownWithPruning(TreeNode.scala:496)
	at org.apache.spark.sql.catalyst.trees.TreeNode.transformDown(TreeNode.scala:467)
	at org.apache.spark.sql.catalyst.trees.TreeNode.transform(TreeNode.scala:435)
	at org.apache.spark.sql.catalyst.expressions.BindReferences$.bindReference(BoundAttribute.scala:74)
	at org.apache.spark.sql.execution.joins.JoinCodegenSupport.getJoinCondition(JoinCodegenSupport.scala:59)
	at org.apache.spark.sql.execution.joins.JoinCodegenSupport.getJoinCondition$(JoinCodegenSupport.scala:37)
	at org.apache.spark.sql.execution.joins.BroadcastNestedLoopJoinExec.getJoinCondition(BroadcastNestedLoopJoinExec.scala:34)
	at org.apache.spark.sql.execution.joins.BroadcastNestedLoopJoinExec.codegenLeftExistence(BroadcastNestedLoopJoinExec.scala:576)
	at org.apache.spark.sql.execution.joins.BroadcastNestedLoopJoinExec.doConsume(BroadcastNestedLoopJoinExec.scala:451)
	at org.apache.spark.sql.execution.CodegenSupport.consume(WholeStageCodegenExec.scala:200)
	at org.apache.spark.sql.execution.CodegenSupport.consume$(WholeStageCodegenExec.scala:153)
	at org.apache.spark.sql.execution.ColumnarToRowExec.consume(Columnar.scala:67)
	at org.apache.spark.sql.execution.ColumnarToRowExec.doProduce(Columnar.scala:189)
	at org.apache.spark.sql.execution.CodegenSupport.$anonfun$produce$1(WholeStageCodegenExec.scala:99)
	at org.apache.spark.sql.execution.SparkPlan.$anonfun$executeQuery$1(SparkPlan.scala:260)
	at org.apache.spark.rdd.RDDOperationScope$.withScope(RDDOperationScope.scala:151)
	at org.apache.spark.sql.execution.SparkPlan.executeQuery(SparkPlan.scala:257)
	at org.apache.spark.sql.execution.CodegenSupport.produce(WholeStageCodegenExec.scala:94)
	at org.apache.spark.sql.execution.CodegenSupport.produce$(WholeStageCodegenExec.scala:94)
	at org.apache.spark.sql.execution.ColumnarToRowExec.produce(Columnar.scala:67)
	at org.apache.spark.sql.execution.joins.BroadcastNestedLoopJoinExec.doProduce(BroadcastNestedLoopJoinExec.scala:442)
	at org.apache.spark.sql.execution.CodegenSupport.$anonfun$produce$1(WholeStageCodegenExec.scala:99)
	at org.apache.spark.sql.execution.SparkPlan.$anonfun$executeQuery$1(SparkPlan.scala:260)
	at org.apache.spark.rdd.RDDOperationScope$.withScope(RDDOperationScope.scala:151)
	at org.apache.spark.sql.execution.SparkPlan.executeQuery(SparkPlan.scala:257)
	at org.apache.spark.sql.execution.CodegenSupport.produce(WholeStageCodegenExec.scala:94)
	at org.apache.spark.sql.execution.CodegenSupport.produce$(WholeStageCodegenExec.scala:94)
	at org.apache.spark.sql.execution.joins.BroadcastNestedLoopJoinExec.produce(BroadcastNestedLoopJoinExec.scala:34)
	at org.apache.spark.sql.execution.ProjectExec.doProduce(basicPhysicalOperators.scala:55)
	at org.apache.spark.sql.execution.CodegenSupport.$anonfun$produce$1(WholeStageCodegenExec.scala:99)
	at org.apache.spark.sql.execution.SparkPlan.$anonfun$executeQuery$1(SparkPlan.scala:260)
	at org.apache.spark.rdd.RDDOperationScope$.withScope(RDDOperationScope.scala:151)
	at org.apache.spark.sql.execution.SparkPlan.executeQuery(SparkPlan.scala:257)
	at org.apache.spark.sql.execution.CodegenSupport.produce(WholeStageCodegenExec.scala:94)
	at org.apache.spark.sql.execution.CodegenSupport.produce$(WholeStageCodegenExec.scala:94)
	at org.apache.spark.sql.execution.ProjectExec.produce(basicPhysicalOperators.scala:42)
	at org.apache.spark.sql.execution.WholeStageCodegenExec.doCodeGen(WholeStageCodegenExec.scala:668)
	at org.apache.spark.sql.execution.WholeStageCodegenExec.doExecute(WholeStageCodegenExec.scala:731)
	at org.apache.spark.sql.execution.SparkPlan.$anonfun$executeRDD$1(SparkPlan.scala:188)
	at scala.util.Try$.apply(Try.scala:217)
	at org.apache.spark.util.Utils$.doTryWithCallerStacktrace(Utils.scala:1392)
	at org.apache.spark.util.LazyTry.tryT$lzycompute(LazyTry.scala:46)
	at org.apache.spark.util.LazyTry.tryT(LazyTry.scala:46)
	at org.apache.spark.util.LazyTry.get(LazyTry.scala:58)
	at org.apache.spark.sql.execution.SparkPlan.$anonfun$execute$1(SparkPlan.scala:201)
	at org.apache.spark.sql.execution.SparkPlan.$anonfun$executeQuery$1(SparkPlan.scala:260)
	at org.apache.spark.rdd.RDDOperationScope$.withScope(RDDOperationScope.scala:151)
	at org.apache.spark.sql.execution.SparkPlan.executeQuery(SparkPlan.scala:257)
	at org.apache.spark.sql.execution.SparkPlan.execute(SparkPlan.scala:197)
	at org.apache.spark.sql.execution.UnionExec.$anonfun$doExecute$4(basicPhysicalOperators.scala:766)
	at scala.collection.immutable.Vector1.map(Vector.scala:2155)
	at scala.collection.immutable.Vector1.map(Vector.scala:386)
	at org.apache.spark.sql.execution.UnionExec.doExecute(basicPhysicalOperators.scala:766)
	at org.apache.spark.sql.execution.SparkPlan.$anonfun$executeRDD$1(SparkPlan.scala:188)
	at scala.util.Try$.apply(Try.scala:217)
	at org.apache.spark.util.Utils$.doTryWithCallerStacktrace(Utils.scala:1392)
	at org.apache.spark.util.LazyTry.tryT$lzycompute(LazyTry.scala:46)
	at org.apache.spark.util.LazyTry.tryT(LazyTry.scala:46)
	at org.apache.spark.util.LazyTry.get(LazyTry.scala:58)
	at org.apache.spark.sql.execution.SparkPlan.$anonfun$execute$1(SparkPlan.scala:201)
	at org.apache.spark.sql.execution.SparkPlan.$anonfun$executeQuery$1(SparkPlan.scala:260)
	at org.apache.spark.rdd.RDDOperationScope$.withScope(RDDOperationScope.scala:151)
	at org.apache.spark.sql.execution.SparkPlan.executeQuery(SparkPlan.scala:257)
	at org.apache.spark.sql.execution.SparkPlan.execute(SparkPlan.scala:197)
	at org.apache.spark.sql.execution.adaptive.AdaptiveSparkPlanExec.$anonfun$doExecute$1(AdaptiveSparkPlanExec.scala:408)
	at org.apache.spark.sql.execution.adaptive.ResultQueryStageExec.$anonfun$doMaterialize$1(QueryStageExec.scala:328)
	at org.apache.spark.sql.execution.SQLExecution$.$anonfun$withThreadLocalCaptured$4(SQLExecution.scala:334)
	at org.apache.spark.sql.execution.SQLExecution$.withSessionTagsApplied(SQLExecution.scala:284)
	at org.apache.spark.sql.execution.SQLExecution$.$anonfun$withThreadLocalCaptured$3(SQLExecution.scala:332)
	at org.apache.spark.JobArtifactSet$.withActiveJobArtifactState(JobArtifactSet.scala:94)
	at org.apache.spark.sql.execution.SQLExecution$.$anonfun$withThreadLocalCaptured$2(SQLExecution.scala:328)
	at java.base/java.util.concurrent.CompletableFuture$AsyncSupply.run(CompletableFuture.java:1768)
	at java.base/java.util.concurrent.ThreadPoolExecutor.runWorker(ThreadPoolExecutor.java:1136)
	at java.base/java.util.concurrent.ThreadPoolExecutor$Worker.run(ThreadPoolExecutor.java:635)
	at java.base/java.lang.Thread.run(Thread.java:840)
	at org.apache.spark.util.Utils$.getTryWithCallerStacktrace(Utils.scala:1453)
	at org.apache.spark.util.LazyTry.get(LazyTry.scala:58)
	at org.apache.spark.sql.execution.QueryExecution.commandExecuted(QueryExecution.scala:160)
	at org.apache.spark.sql.classic.Dataset.&lt;init&gt;(Dataset.scala:276)
	at org.apache.spark.sql.classic.Dataset$.$anonfun$ofRows$5(Dataset.scala:139)
	at org.apache.spark.sql.SparkSession.withActive(SparkSession.scala:804)
	at org.apache.spark.sql.classic.Dataset$.ofRows(Dataset.scala:135)
	at org.apache.spark.sql.classic.SparkSession.$anonfun$sql$4(SparkSession.scala:584)
	at org.apache.spark.sql.SparkSession.withActive(SparkSession.scala:804)
	at org.apache.spark.sql.classic.SparkSession.sql(SparkSession.scala:561)
	at org.apache.spark.sql.classic.SparkSession.sql(SparkSession.scala:589)
	at org.apache.spark.sql.classic.SparkSession.sql(SparkSession.scala:680)
	at org.apache.spark.sql.test.SQLTestUtilsBase.$anonfun$sql$1(SQLTestUtils.scala:234)
	at org.apache.spark.sql.delta.DeleteSQLMixin.executeDelete(DeleteSQLSuite.scala:30)
	at org.apache.spark.sql.delta.DeleteSQLMixin.executeDelete$(DeleteSQLSuite.scala:28)
	at org.apache.spark.sql.delta.generatedsuites.DeleteBaseSQLPathBasedCDCOnSuite.executeDelete(DeleteSuitesDeleteBaseTests.scala:40)
	at org.apache.spark.sql.delta.DeleteBaseTests.$anonfun$$init$$44(DeleteSuiteBase.scala:413)
	at scala.runtime.java8.JFunction0$mcV$sp.apply(JFunction0$mcV$sp.scala:18)
	at org.scalatest.enablers.Timed$$anon$1.timeoutAfter(Timed.scala:127)
	at org.scalatest.concurrent.TimeLimits$.failAfterImpl(TimeLimits.scala:282)
	at org.scalatest.concurrent.TimeLimits.failAfter(TimeLimits.scala:231)
	at org.scalatest.concurrent.TimeLimits.failAfter$(TimeLimits.scala:230)
	at org.apache.spark.SparkFunSuite.failAfter(SparkFunSuite.scala:68)
	at org.apache.spark.SparkFunSuite.$anonfun$test$2(SparkFunSuite.scala:154)
	at org.scalatest.OutcomeOf.outcomeOf(OutcomeOf.scala:85)
	at org.scalatest.OutcomeOf.outcomeOf$(OutcomeOf.scala:83)
	at org.scalatest.OutcomeOf$.outcomeOf(OutcomeOf.scala:104)
	at org.scalatest.Transformer.apply(Transformer.scala:22)
	at org.scalatest.Transformer.apply(Transformer.scala:20)
	at org.scalatest.funsuite.AnyFunSuiteLike$$anon$1.apply(AnyFunSuiteLike.scala:226)
	at org.apache.spark.SparkFunSuite.withFixture(SparkFunSuite.scala:226)
	at org.scalatest.funsuite.AnyFunSuiteLike.invokeWithFixture$1(AnyFunSuiteLike.scala:224)
	at org.scalatest.funsuite.AnyFunSuiteLike.$anonfun$runTest$1(AnyFunSuiteLike.scala:236)
	at org.scalatest.SuperEngine.runTestImpl(Engine.scala:306)
	at org.scalatest.funsuite.AnyFunSuiteLike.runTest(AnyFunSuiteLike.scala:236)
	at org.scalatest.funsuite.AnyFunSuiteLike.runTest$(AnyFunSuiteLike.scala:218)
	at org.apache.spark.SparkFunSuite.org$scalatest$BeforeAndAfterEach$$super$runTest(SparkFunSuite.scala:68)
	at org.scalatest.BeforeAndAfterEach.runTest(BeforeAndAfterEach.scala:234)
	at org.scalatest.BeforeAndAfterEach.runTest$(BeforeAndAfterEach.scala:227)
	at org.apache.spark.SparkFunSuite.runTest(SparkFunSuite.scala:68)
	at org.scalatest.funsuite.AnyFunSuiteLike.$anonfun$runTests$1(AnyFunSuiteLike.scala:269)
	at org.scalatest.SuperEngine.$anonfun$runTestsInBranch$1(Engine.scala:413)
	at scala.collection.immutable.List.foreach(List.scala:323)
	at org.scalatest.SuperEngine.traverseSubNodes$1(Engine.scala:401)
	at org.scalatest.SuperEngine.runTestsInBranch(Engine.scala:396)
	at org.scalatest.SuperEngine.runTestsImpl(Engine.scala:475)
	at org.scalatest.funsuite.AnyFunSuiteLike.runTests(AnyFunSuiteLike.scala:269)
	at org.scalatest.funsuite.AnyFunSuiteLike.runTests$(AnyFunSuiteLike.scala:268)
	at org.scalatest.funsuite.AnyFunSuite.runTests(AnyFunSuite.scala:1564)
	at org.scalatest.Suite.run(Suite.scala:1114)
	at org.scalatest.Suite.run$(Suite.scala:1096)
	at org.scalatest.funsuite.AnyFunSuite.org$scalatest$funsuite$AnyFunSuiteLike$$super$run(AnyFunSuite.scala:1564)
	at org.scalatest.funsuite.AnyFunSuiteLike.$anonfun$run$1(AnyFunSuiteLike.scala:273)
	at org.scalatest.SuperEngine.runImpl(Engine.scala:535)
	at org.scalatest.funsuite.AnyFunSuiteLike.run(AnyFunSuiteLike.scala:273)
	at org.scalatest.funsuite.AnyFunSuiteLike.run$(AnyFunSuiteLike.scala:272)
	at org.apache.spark.SparkFunSuite.org$scalatest$BeforeAndAfterAll$$super$run(SparkFunSuite.scala:68)
	at org.scalatest.BeforeAndAfterAll.liftedTree1$1(BeforeAndAfterAll.scala:213)
	at org.scalatest.BeforeAndAfterAll.run(BeforeAndAfterAll.scala:210)
	at org.scalatest.BeforeAndAfterAll.run$(BeforeAndAfterAll.scala:208)
	at org.apache.spark.SparkFunSuite.run(SparkFunSuite.scala:68)
	at org.scalatest.tools.Framework.org$scalatest$tools$Framework$$runSuite(Framework.scala:321)
	at org.scalatest.tools.Framework$ScalaTestTask.execute(Framework.scala:517)
	at sbt.ForkMain$Run.lambda$runTest$1(ForkMain.java:414)
	at java.base/java.util.concurrent.FutureTask.run(FutureTask.java:264)
	at java.base/java.util.concurrent.ThreadPoolExecutor.runWorker(ThreadPoolExecutor.java:1136)
	at java.base/java.util.concurrent.ThreadPoolExecutor$Worker.run(ThreadPoolExecutor.java:635)
	at java.base/java.lang.Thread.run(Thread.java:840)
</failure>
                    </testcase><testcase classname="org.apache.spark.sql.delta.generatedsuites.DeleteBaseSQLPathBasedCDCOnSuite" name="delete with IN subquery" time="1.375">
                      
                    </testcase><testcase classname="org.apache.spark.sql.delta.generatedsuites.DeleteBaseSQLPathBasedCDCOnSuite" name="schema pruning on data condition" time="1.373">
                      
                    </testcase><testcase classname="org.apache.spark.sql.delta.generatedsuites.DeleteBaseSQLPathBasedCDCOnSuite" name="nested schema pruning on data condition" time="1.421">
                      
                    </testcase><testcase classname="org.apache.spark.sql.delta.generatedsuites.DeleteBaseSQLPathBasedCDCOnSuite" name="Window functions in delete - expect exception: true" time="0.746">
                      
                    </testcase><testcase classname="org.apache.spark.sql.delta.generatedsuites.DeleteBaseSQLPathBasedCDCOnSuite" name="Aggregate functions in delete - expect exception: true" time="0.748">
                      
                    </testcase><testcase classname="org.apache.spark.sql.delta.generatedsuites.DeleteBaseSQLPathBasedCDCOnSuite" name="Generate functions in delete - expect exception: false" time="1.469">
                      
                    </testcase><testcase classname="org.apache.spark.sql.delta.generatedsuites.DeleteBaseSQLPathBasedCDCOnSuite" name="Generate functions in delete - expect exception: true" time="0.936">
                      
                    </testcase><testcase classname="org.apache.spark.sql.delta.generatedsuites.DeleteBaseSQLPathBasedCDCOnSuite" name="Variant type" time="1.463">
                      
                    </testcase><testcase classname="org.apache.spark.sql.delta.generatedsuites.DeleteBaseSQLPathBasedCDCOnSuite" name="delete on partitioned table with special chars" time="2.877">
                      
                    </testcase>
          <system-out><![CDATA[]]></system-out>
          <system-err><![CDATA[]]></system-err>
        </testsuite>