<?xml version='1.0' encoding='UTF-8'?>
<testsuite hostname="ip-10-91-24-247" name="org.apache.spark.sql.delta.DeltaInsertReplaceOnDFWriterV1SaveAsTableSuite" tests="51" errors="0" failures="0" skipped="0" time="58.879" timestamp="2026-03-27T23:58:59">
          <properties>
[...]
</properties>
          <testcase classname="org.apache.spark.sql.delta.DeltaInsertReplaceOnDFWriterV1SaveAsTableSuite" name="replaceOn with always-true condition replaces all rows" time="1.713">
                      
                    </testcase><testcase classname="org.apache.spark.sql.delta.DeltaInsertReplaceOnDFWriterV1SaveAsTableSuite" name="replaceOn with always-false condition appends all rows" time="1.134">
                      
                    </testcase><testcase classname="org.apache.spark.sql.delta.DeltaInsertReplaceOnDFWriterV1SaveAsTableSuite" name="basic replaceOn with single matching column" time="1.377">
                      
                    </testcase><testcase classname="org.apache.spark.sql.delta.DeltaInsertReplaceOnDFWriterV1SaveAsTableSuite" name="replaceOn with multiple matching columns" time="1.325">
                      
                    </testcase><testcase classname="org.apache.spark.sql.delta.DeltaInsertReplaceOnDFWriterV1SaveAsTableSuite" name="replaceOn with duplicate rows in source" time="1.243">
                      
                    </testcase><testcase classname="org.apache.spark.sql.delta.DeltaInsertReplaceOnDFWriterV1SaveAsTableSuite" name="replaceOn with empty target table" time="1.01">
                      
                    </testcase><testcase classname="org.apache.spark.sql.delta.DeltaInsertReplaceOnDFWriterV1SaveAsTableSuite" name="replaceOn with empty source" time="1.067">
                      
                    </testcase><testcase classname="org.apache.spark.sql.delta.DeltaInsertReplaceOnDFWriterV1SaveAsTableSuite" name="replaceOn with filtered source" time="1.265">
                      
                    </testcase><testcase classname="org.apache.spark.sql.delta.DeltaInsertReplaceOnDFWriterV1SaveAsTableSuite" name="replaceOn with PARTITIONED table" time="1.333">
                      
                    </testcase><testcase classname="org.apache.spark.sql.delta.DeltaInsertReplaceOnDFWriterV1SaveAsTableSuite" name="replaceOn with CLUSTERED table" time="1.289">
                      
                    </testcase><testcase classname="org.apache.spark.sql.delta.DeltaInsertReplaceOnDFWriterV1SaveAsTableSuite" name="replaceOn with NORMAL table" time="1.257">
                      
                    </testcase><testcase classname="org.apache.spark.sql.delta.DeltaInsertReplaceOnDFWriterV1SaveAsTableSuite" name="replaceOn with NULL-safe equality condition" time="1.312">
                      
                    </testcase><testcase classname="org.apache.spark.sql.delta.DeltaInsertReplaceOnDFWriterV1SaveAsTableSuite" name="replaceOn with condition referencing only target side" time="1.291">
                      
                    </testcase><testcase classname="org.apache.spark.sql.delta.DeltaInsertReplaceOnDFWriterV1SaveAsTableSuite" name="replaceOn with condition referencing only source side" time="1.279">
                      
                    </testcase><testcase classname="org.apache.spark.sql.delta.DeltaInsertReplaceOnDFWriterV1SaveAsTableSuite" name="replaceOn with IN predicate in condition" time="1.258">
                      
                    </testcase><testcase classname="org.apache.spark.sql.delta.DeltaInsertReplaceOnDFWriterV1SaveAsTableSuite" name="replaceOn condition with function (e.g., abs)" time="1.343">
                      
                    </testcase><testcase classname="org.apache.spark.sql.delta.DeltaInsertReplaceOnDFWriterV1SaveAsTableSuite" name="replaceOn with mergeSchema adds new columns" time="1.308">
                      
                    </testcase><testcase classname="org.apache.spark.sql.delta.DeltaInsertReplaceOnDFWriterV1SaveAsTableSuite" name="replaceOn with fewer source columns fills missing target columns with null" time="1.314">
                      
                    </testcase><testcase classname="org.apache.spark.sql.delta.DeltaInsertReplaceOnDFWriterV1SaveAsTableSuite" name="replaceOn with mergeSchema referencing new columns in condition" time="1.365">
                      
                    </testcase><testcase classname="org.apache.spark.sql.delta.DeltaInsertReplaceOnDFWriterV1SaveAsTableSuite" name="replaceOn null-safe equality matching between existing columns with NULL values and new columns with NULL values" time="1.396">
                      
                    </testcase><testcase classname="org.apache.spark.sql.delta.DeltaInsertReplaceOnDFWriterV1SaveAsTableSuite" name="replaceOn with source from spark.table()" time="1.381">
                      
                    </testcase><testcase classname="org.apache.spark.sql.delta.DeltaInsertReplaceOnDFWriterV1SaveAsTableSuite" name="replaceOn with source from spark.sql()" time="1.362">
                      
                    </testcase><testcase classname="org.apache.spark.sql.delta.DeltaInsertReplaceOnDFWriterV1SaveAsTableSuite" name="replaceOn with targetAlias and source .as resolves ambiguous columns" time="1.277">
                      
                    </testcase><testcase classname="org.apache.spark.sql.delta.DeltaInsertReplaceOnDFWriterV1SaveAsTableSuite" name="targetAlias resolves ambiguity with compound AND condition" time="1.363">
                      
                    </testcase><testcase classname="org.apache.spark.sql.delta.DeltaInsertReplaceOnDFWriterV1SaveAsTableSuite" name="ambiguous: identical alias for target and source" time="0.485">
                      
                    </testcase><testcase classname="org.apache.spark.sql.delta.DeltaInsertReplaceOnDFWriterV1SaveAsTableSuite" name="ambiguous: no source alias, bare 'id' on both sides" time="0.48">
                      
                    </testcase><testcase classname="org.apache.spark.sql.delta.DeltaInsertReplaceOnDFWriterV1SaveAsTableSuite" name="replaceOn with unresolvable column errors" time="0.499">
                      
                    </testcase><testcase classname="org.apache.spark.sql.delta.DeltaInsertReplaceOnDFWriterV1SaveAsTableSuite" name="replaceOn condition uses aliases for both sides but user forgot targetAlias option" time="0.495">
                      
                    </testcase><testcase classname="org.apache.spark.sql.delta.DeltaInsertReplaceOnDFWriterV1SaveAsTableSuite" name="replaceOn condition uses aliases for both sides but user forgot source .as alias" time="0.487">
                      
                    </testcase><testcase classname="org.apache.spark.sql.delta.DeltaInsertReplaceOnDFWriterV1SaveAsTableSuite" name="replaceOn condition uses aliases for both sides but user forgot both aliases" time="0.495">
                      
                    </testcase><testcase classname="org.apache.spark.sql.delta.DeltaInsertReplaceOnDFWriterV1SaveAsTableSuite" name="ambiguous: compound condition, all columns overlap" time="0.483">
                      
                    </testcase><testcase classname="org.apache.spark.sql.delta.DeltaInsertReplaceOnDFWriterV1SaveAsTableSuite" name="ambiguous: multiple overlapping columns, only one without alias" time="0.508">
                      
                    </testcase><testcase classname="org.apache.spark.sql.delta.DeltaInsertReplaceOnDFWriterV1SaveAsTableSuite" name="same column name with different types fails schema merge" time="0.49">
                      
                    </testcase><testcase classname="org.apache.spark.sql.delta.DeltaInsertReplaceOnDFWriterV1SaveAsTableSuite" name="replaceOn with different schemas, without mergeSchema fails" time="0.488">
                      
                    </testcase><testcase classname="org.apache.spark.sql.delta.DeltaInsertReplaceOnDFWriterV1SaveAsTableSuite" name="replaceOn with wrong targetAlias errors on unresolved columns" time="0.484">
                      
                    </testcase><testcase classname="org.apache.spark.sql.delta.DeltaInsertReplaceOnDFWriterV1SaveAsTableSuite" name="replaceOn targetAlias is case insensitive" time="1.319">
                      
                    </testcase><testcase classname="org.apache.spark.sql.delta.DeltaInsertReplaceOnDFWriterV1SaveAsTableSuite" name="replaceOn with numeric targetAlias '22' resolves with backticks" time="1.295">
                      
                    </testcase><testcase classname="org.apache.spark.sql.delta.DeltaInsertReplaceOnDFWriterV1SaveAsTableSuite" name="replaceOn with numeric targetAlias '22' without backticks fails on type extraction" time="0.488">
                      
                    </testcase><testcase classname="org.apache.spark.sql.delta.DeltaInsertReplaceOnDFWriterV1SaveAsTableSuite" name="replaceOn with space containing targetAlias 'hello world' resolves with backticks" time="1.261">
                      
                    </testcase><testcase classname="org.apache.spark.sql.delta.DeltaInsertReplaceOnDFWriterV1SaveAsTableSuite" name="replaceOn with space containing targetAlias without backticks fails to parse" time="0.471">
                      
                    </testcase><testcase classname="org.apache.spark.sql.delta.DeltaInsertReplaceOnDFWriterV1SaveAsTableSuite" name="replaceOn with non-Delta source records materialization reason, materializationMode=none" time="1.383">
                      
                    </testcase><testcase classname="org.apache.spark.sql.delta.DeltaInsertReplaceOnDFWriterV1SaveAsTableSuite" name="replaceOn with non-Delta source records materialization reason, materializationMode=all" time="1.363">
                      
                    </testcase><testcase classname="org.apache.spark.sql.delta.DeltaInsertReplaceOnDFWriterV1SaveAsTableSuite" name="replaceOn with non-Delta source records materialization reason, materializationMode=auto" time="1.323">
                      
                    </testcase><testcase classname="org.apache.spark.sql.delta.DeltaInsertReplaceOnDFWriterV1SaveAsTableSuite" name="replaceOn with non-deterministic source records materialization reason" time="1.762">
                      
                    </testcase><testcase classname="org.apache.spark.sql.delta.DeltaInsertReplaceOnDFWriterV1SaveAsTableSuite" name="replaceOn disableSourceMaterializationNotAllowed errors when materializeSource set to none" time="4.092">
                      
                    </testcase><testcase classname="org.apache.spark.sql.delta.DeltaInsertReplaceOnDFWriterV1SaveAsTableSuite" name="materialize source unpersist with 1 kill attempts succeeds" time="1.25">
                      
                    </testcase><testcase classname="org.apache.spark.sql.delta.DeltaInsertReplaceOnDFWriterV1SaveAsTableSuite" name="materialize source unpersist with 2 kill attempts succeeds" time="1.336">
                      
                    </testcase><testcase classname="org.apache.spark.sql.delta.DeltaInsertReplaceOnDFWriterV1SaveAsTableSuite" name="materialize source unpersist with 3 kill attempts succeeds" time="1.381">
                      
                    </testcase><testcase classname="org.apache.spark.sql.delta.DeltaInsertReplaceOnDFWriterV1SaveAsTableSuite" name="materialize source unpersist with 4 kill attempts fails" time="0.776">
                      
                    </testcase><testcase classname="org.apache.spark.sql.delta.DeltaInsertReplaceOnDFWriterV1SaveAsTableSuite" name="saveAsTable: replaceOn with always-true condition replaces all" time="1.386">
                      
                    </testcase><testcase classname="org.apache.spark.sql.delta.DeltaInsertReplaceOnDFWriterV1SaveAsTableSuite" name="saveAsTable: basic replaceOn with single matching column" time="1.337">
                      
                    </testcase>
          <system-out><![CDATA[]]></system-out>
          <system-err><![CDATA[]]></system-err>
        </testsuite>